
**** Clean-only build of configuration Debug for project grlib_demo ****

"C:\\ti\\ccs1220\\ccs\\utils\\bin\\gmake" -k -j 20 clean -O 
 
gmake: *** No rule to make target 'clean'.

**** Build Finished ****

**** Build of configuration Debug for project grlib_demo ****

"C:\\ti\\ccs1220\\ccs\\utils\\bin\\gmake" -k -j 20 all -O 
 
Building file: "C:/ti/TivaWare_C_Series-2.2.0.295/examples/boards/ek-tm4c1294xl-boostxl-kentec-s1/grlib_demo/startup_ccs.c"
Invoking: ARM Compiler
"C:/ti/ccs1220/ccs/tools/compiler/ti-cgt-arm_20.2.7.LTS/bin/armcl" -mv7M4 --code_state=16 --float_support=FPv4SPD16 -me -O2 --include_path="C:/ti/TivaWare_C_Series-2.2.0.295/examples/boards/ek-tm4c1294xl-boostxl-kentec-s1/grlib_demo/ccs" --include_path="C:/ti/TivaWare_C_Series-2.2.0.295/examples/boards/ek-tm4c1294xl-boostxl-kentec-s1" --include_path="C:/ti/TivaWare_C_Series-2.2.0.295" --include_path="C:/ti/ccs1220/ccs/tools/compiler/ti-cgt-arm_20.2.7.LTS/include" --define=ccs="ccs" --define=PART_TM4C1294NCPDT --define=TARGET_IS_TM4C129_RA1 -g --gcc --diag_warning=225 --diag_wrap=off --display_error_number --gen_func_subsections=on --abi=eabi --ual --preproc_with_compile --preproc_dependency="startup_ccs.d_raw"  "C:/ti/TivaWare_C_Series-2.2.0.295/examples/boards/ek-tm4c1294xl-boostxl-kentec-s1/grlib_demo/startup_ccs.c"
Finished building: "C:/ti/TivaWare_C_Series-2.2.0.295/examples/boards/ek-tm4c1294xl-boostxl-kentec-s1/grlib_demo/startup_ccs.c"
 
Building file: "C:/ti/TivaWare_C_Series-2.2.0.295/examples/boards/ek-tm4c1294xl-boostxl-kentec-s1/grlib_demo/images.c"
Invoking: ARM Compiler
"C:/ti/ccs1220/ccs/tools/compiler/ti-cgt-arm_20.2.7.LTS/bin/armcl" -mv7M4 --code_state=16 --float_support=FPv4SPD16 -me -O2 --include_path="C:/ti/TivaWare_C_Series-2.2.0.295/examples/boards/ek-tm4c1294xl-boostxl-kentec-s1/grlib_demo/ccs" --include_path="C:/ti/TivaWare_C_Series-2.2.0.295/examples/boards/ek-tm4c1294xl-boostxl-kentec-s1" --include_path="C:/ti/TivaWare_C_Series-2.2.0.295" --include_path="C:/ti/ccs1220/ccs/tools/compiler/ti-cgt-arm_20.2.7.LTS/include" --define=ccs="ccs" --define=PART_TM4C1294NCPDT --define=TARGET_IS_TM4C129_RA1 -g --gcc --diag_warning=225 --diag_wrap=off --display_error_number --gen_func_subsections=on --abi=eabi --ual --preproc_with_compile --preproc_dependency="images.d_raw"  "C:/ti/TivaWare_C_Series-2.2.0.295/examples/boards/ek-tm4c1294xl-boostxl-kentec-s1/grlib_demo/images.c"
Finished building: "C:/ti/TivaWare_C_Series-2.2.0.295/examples/boards/ek-tm4c1294xl-boostxl-kentec-s1/grlib_demo/images.c"
 
Building file: "C:/ti/TivaWare_C_Series-2.2.0.295/examples/boards/ek-tm4c1294xl-boostxl-kentec-s1/drivers/touch.c"
Invoking: ARM Compiler
"C:/ti/ccs1220/ccs/tools/compiler/ti-cgt-arm_20.2.7.LTS/bin/armcl" -mv7M4 --code_state=16 --float_support=FPv4SPD16 -me -O2 --include_path="C:/ti/TivaWare_C_Series-2.2.0.295/examples/boards/ek-tm4c1294xl-boostxl-kentec-s1/grlib_demo/ccs" --include_path="C:/ti/TivaWare_C_Series-2.2.0.295/examples/boards/ek-tm4c1294xl-boostxl-kentec-s1" --include_path="C:/ti/TivaWare_C_Series-2.2.0.295" --include_path="C:/ti/ccs1220/ccs/tools/compiler/ti-cgt-arm_20.2.7.LTS/include" --define=ccs="ccs" --define=PART_TM4C1294NCPDT --define=TARGET_IS_TM4C129_RA1 -g --gcc --diag_warning=225 --diag_wrap=off --display_error_number --gen_func_subsections=on --abi=eabi --ual --preproc_with_compile --preproc_dependency="drivers/touch.d_raw" --obj_directory="drivers"  "C:/ti/TivaWare_C_Series-2.2.0.295/examples/boards/ek-tm4c1294xl-boostxl-kentec-s1/drivers/touch.c"
Finished building: "C:/ti/TivaWare_C_Series-2.2.0.295/examples/boards/ek-tm4c1294xl-boostxl-kentec-s1/drivers/touch.c"
 
Building file: "C:/ti/TivaWare_C_Series-2.2.0.295/examples/boards/ek-tm4c1294xl-boostxl-kentec-s1/grlib_demo/grlib_demo.c"
Invoking: ARM Compiler
"C:/ti/ccs1220/ccs/tools/compiler/ti-cgt-arm_20.2.7.LTS/bin/armcl" -mv7M4 --code_state=16 --float_support=FPv4SPD16 -me -O2 --include_path="C:/ti/TivaWare_C_Series-2.2.0.295/examples/boards/ek-tm4c1294xl-boostxl-kentec-s1/grlib_demo/ccs" --include_path="C:/ti/TivaWare_C_Series-2.2.0.295/examples/boards/ek-tm4c1294xl-boostxl-kentec-s1" --include_path="C:/ti/TivaWare_C_Series-2.2.0.295" --include_path="C:/ti/ccs1220/ccs/tools/compiler/ti-cgt-arm_20.2.7.LTS/include" --define=ccs="ccs" --define=PART_TM4C1294NCPDT --define=TARGET_IS_TM4C129_RA1 -g --gcc --diag_warning=225 --diag_wrap=off --display_error_number --gen_func_subsections=on --abi=eabi --ual --preproc_with_compile --preproc_dependency="grlib_demo.d_raw"  "C:/ti/TivaWare_C_Series-2.2.0.295/examples/boards/ek-tm4c1294xl-boostxl-kentec-s1/grlib_demo/grlib_demo.c"
Finished building: "C:/ti/TivaWare_C_Series-2.2.0.295/examples/boards/ek-tm4c1294xl-boostxl-kentec-s1/grlib_demo/grlib_demo.c"
 
Building file: "C:/ti/TivaWare_C_Series-2.2.0.295/examples/boards/ek-tm4c1294xl-boostxl-kentec-s1/drivers/Kentec320x240x16_ssd2119_spi.c"
Invoking: ARM Compiler
"C:/ti/ccs1220/ccs/tools/compiler/ti-cgt-arm_20.2.7.LTS/bin/armcl" -mv7M4 --code_state=16 --float_support=FPv4SPD16 -me -O2 --include_path="C:/ti/TivaWare_C_Series-2.2.0.295/examples/boards/ek-tm4c1294xl-boostxl-kentec-s1/grlib_demo/ccs" --include_path="C:/ti/TivaWare_C_Series-2.2.0.295/examples/boards/ek-tm4c1294xl-boostxl-kentec-s1" --include_path="C:/ti/TivaWare_C_Series-2.2.0.295" --include_path="C:/ti/ccs1220/ccs/tools/compiler/ti-cgt-arm_20.2.7.LTS/include" --define=ccs="ccs" --define=PART_TM4C1294NCPDT --define=TARGET_IS_TM4C129_RA1 -g --gcc --diag_warning=225 --diag_wrap=off --display_error_number --gen_func_subsections=on --abi=eabi --ual --preproc_with_compile --preproc_dependency="drivers/Kentec320x240x16_ssd2119_spi.d_raw" --obj_directory="drivers"  "C:/ti/TivaWare_C_Series-2.2.0.295/examples/boards/ek-tm4c1294xl-boostxl-kentec-s1/drivers/Kentec320x240x16_ssd2119_spi.c"
Finished building: "C:/ti/TivaWare_C_Series-2.2.0.295/examples/boards/ek-tm4c1294xl-boostxl-kentec-s1/drivers/Kentec320x240x16_ssd2119_spi.c"
 
Building file: "C:/ti/TivaWare_C_Series-2.2.0.295/utils/ustdlib.c"
Invoking: ARM Compiler
"C:/ti/ccs1220/ccs/tools/compiler/ti-cgt-arm_20.2.7.LTS/bin/armcl" -mv7M4 --code_state=16 --float_support=FPv4SPD16 -me -O2 --include_path="C:/ti/TivaWare_C_Series-2.2.0.295/examples/boards/ek-tm4c1294xl-boostxl-kentec-s1/grlib_demo/ccs" --include_path="C:/ti/TivaWare_C_Series-2.2.0.295/examples/boards/ek-tm4c1294xl-boostxl-kentec-s1" --include_path="C:/ti/TivaWare_C_Series-2.2.0.295" --include_path="C:/ti/ccs1220/ccs/tools/compiler/ti-cgt-arm_20.2.7.LTS/include" --define=ccs="ccs" --define=PART_TM4C1294NCPDT --define=TARGET_IS_TM4C129_RA1 -g --gcc --diag_warning=225 --diag_wrap=off --display_error_number --gen_func_subsections=on --abi=eabi --ual --preproc_with_compile --preproc_dependency="utils/ustdlib.d_raw" --obj_directory="utils"  "C:/ti/TivaWare_C_Series-2.2.0.295/utils/ustdlib.c"
Finished building: "C:/ti/TivaWare_C_Series-2.2.0.295/utils/ustdlib.c"
 
Building target: "grlib_demo.out"
Invoking: ARM Linker
"C:/ti/ccs1220/ccs/tools/compiler/ti-cgt-arm_20.2.7.LTS/bin/armcl" -mv7M4 --code_state=16 --float_support=FPv4SPD16 -me -O2 --define=ccs="ccs" --define=PART_TM4C1294NCPDT --define=TARGET_IS_TM4C129_RA1 -g --gcc --diag_warning=225 --diag_wrap=off --display_error_number --gen_func_subsections=on --abi=eabi --ual -z -m"grlib_demo_ccs.map" --heap_size=0 --stack_size=1024 -i"C:/ti/ccs1220/ccs/tools/compiler/ti-cgt-arm_20.2.7.LTS/lib" -i"C:/ti/ccs1220/ccs/tools/compiler/ti-cgt-arm_20.2.7.LTS/include" --reread_libs --diag_wrap=off --display_error_number --warn_sections --xml_link_info="grlib_demo_linkInfo.xml" --rom_model -o "grlib_demo.out" "./grlib_demo.obj" "./images.obj" "./startup_ccs.obj" "./drivers/Kentec320x240x16_ssd2119_spi.obj" "./drivers/touch.obj" "./utils/ustdlib.obj" "C:/ti/TivaWare_C_Series-2.2.0.295/examples/boards/ek-tm4c1294xl-boostxl-kentec-s1/grlib_demo/grlib_demo_ccs.cmd"  -l"C:/ti/TivaWare_C_Series-2.2.0.295/driverlib/ccs/Debug/driverlib.lib" -l"C:/ti/TivaWare_C_Series-2.2.0.295/grlib/ccs/Debug/grlib.lib" -llibc.a 
<Linking>
Finished building target: "grlib_demo.out"
 
"C:/ti/ccs1220/ccs/utils/tiobj2bin/tiobj2bin" "grlib_demo.out" "grlib_demo.bin" "C:/ti/ccs1220/ccs/tools/compiler/ti-cgt-arm_20.2.7.LTS/bin/armofd" "C:/ti/ccs1220/ccs/tools/compiler/ti-cgt-arm_20.2.7.LTS/bin/armhex" "C:/ti/ccs1220/ccs/utils/tiobj2bin/mkhex4bin"
 

**** Build Finished ****

**** Build of configuration Debug for project grlib_demo ****

"C:\\ti\\ccs1220\\ccs\\utils\\bin\\gmake" -k -j 20 all -O 
 
Building file: "C:/ti/TivaWare_C_Series-2.2.0.295/examples/boards/ek-tm4c1294xl-boostxl-kentec-s1/grlib_demo/grlib_demo.c"
Invoking: ARM Compiler
"C:/ti/ccs1220/ccs/tools/compiler/ti-cgt-arm_20.2.7.LTS/bin/armcl" -mv7M4 --code_state=16 --float_support=FPv4SPD16 -me -O2 --include_path="C:/ti/TivaWare_C_Series-2.2.0.295/examples/boards/ek-tm4c1294xl-boostxl-kentec-s1/grlib_demo/ccs" --include_path="C:/ti/TivaWare_C_Series-2.2.0.295/examples/boards/ek-tm4c1294xl-boostxl-kentec-s1" --include_path="C:/ti/TivaWare_C_Series-2.2.0.295" --include_path="C:/ti/ccs1220/ccs/tools/compiler/ti-cgt-arm_20.2.7.LTS/include" --define=ccs="ccs" --define=PART_TM4C1294NCPDT --define=TARGET_IS_TM4C129_RA1 -g --gcc --diag_warning=225 --diag_wrap=off --display_error_number --gen_func_subsections=on --abi=eabi --ual --preproc_with_compile --preproc_dependency="grlib_demo.d_raw"  "C:/ti/TivaWare_C_Series-2.2.0.295/examples/boards/ek-tm4c1294xl-boostxl-kentec-s1/grlib_demo/grlib_demo.c"
Finished building: "C:/ti/TivaWare_C_Series-2.2.0.295/examples/boards/ek-tm4c1294xl-boostxl-kentec-s1/grlib_demo/grlib_demo.c"
 
Building target: "grlib_demo.out"
Invoking: ARM Linker
"C:/ti/ccs1220/ccs/tools/compiler/ti-cgt-arm_20.2.7.LTS/bin/armcl" -mv7M4 --code_state=16 --float_support=FPv4SPD16 -me -O2 --define=ccs="ccs" --define=PART_TM4C1294NCPDT --define=TARGET_IS_TM4C129_RA1 -g --gcc --diag_warning=225 --diag_wrap=off --display_error_number --gen_func_subsections=on --abi=eabi --ual -z -m"grlib_demo_ccs.map" --heap_size=0 --stack_size=1024 -i"C:/ti/ccs1220/ccs/tools/compiler/ti-cgt-arm_20.2.7.LTS/lib" -i"C:/ti/ccs1220/ccs/tools/compiler/ti-cgt-arm_20.2.7.LTS/include" --reread_libs --diag_wrap=off --display_error_number --warn_sections --xml_link_info="grlib_demo_linkInfo.xml" --rom_model -o "grlib_demo.out" "./grlib_demo.obj" "./images.obj" "./startup_ccs.obj" "./drivers/Kentec320x240x16_ssd2119_spi.obj" "./drivers/touch.obj" "./utils/ustdlib.obj" "C:/ti/TivaWare_C_Series-2.2.0.295/examples/boards/ek-tm4c1294xl-boostxl-kentec-s1/grlib_demo/grlib_demo_ccs.cmd"  -l"C:/ti/TivaWare_C_Series-2.2.0.295/driverlib/ccs/Debug/driverlib.lib" -l"C:/ti/TivaWare_C_Series-2.2.0.295/grlib/ccs/Debug/grlib.lib" -llibc.a 
<Linking>
Finished building target: "grlib_demo.out"
 
"C:/ti/ccs1220/ccs/utils/tiobj2bin/tiobj2bin" "grlib_demo.out" "grlib_demo.bin" "C:/ti/ccs1220/ccs/tools/compiler/ti-cgt-arm_20.2.7.LTS/bin/armofd" "C:/ti/ccs1220/ccs/tools/compiler/ti-cgt-arm_20.2.7.LTS/bin/armhex" "C:/ti/ccs1220/ccs/utils/tiobj2bin/mkhex4bin"
 

**** Build Finished ****

**** Build of configuration Debug for project blinky ****

"C:\\ti\\ccs1220\\ccs\\utils\\bin\\gmake" -k -j 20 all -O 
 
Building file: "../blinky.c"
Invoking: ARM Compiler
"C:/ti/ccs1220/ccs/tools/compiler/ti-cgt-arm_20.2.7.LTS/bin/armcl" -mv7M4 --code_state=16 --float_support=FPv4SPD16 -me -O2 --include_path="C:/Users/n10467874/OneDrive - Queensland University of Technology/CCS-Workspace/blinky" --include_path="C:/ti/TivaWare_C_Series-2.2.0.295" --include_path="C:/ti/ccs1220/ccs/tools/compiler/ti-cgt-arm_20.2.7.LTS/include" --define=ccs="ccs" --define=PART_TM4C1294NCPDT --define=TARGET_IS_TM4C129_RA1 -g --gcc --diag_warning=225 --diag_wrap=off --display_error_number --gen_func_subsections=on --abi=eabi --ual --preproc_with_compile --preproc_dependency="blinky.d_raw"  "../blinky.c"
Finished building: "../blinky.c"
 
Building target: "blinky.out"
Invoking: ARM Linker
"C:/ti/ccs1220/ccs/tools/compiler/ti-cgt-arm_20.2.7.LTS/bin/armcl" -mv7M4 --code_state=16 --float_support=FPv4SPD16 -me -O2 --define=ccs="ccs" --define=PART_TM4C1294NCPDT --define=TARGET_IS_TM4C129_RA1 -g --gcc --diag_warning=225 --diag_wrap=off --display_error_number --gen_func_subsections=on --abi=eabi --ual -z -m"blinky_ccs.map" --heap_size=0 --stack_size=512 -i"C:/ti/ccs1220/ccs/tools/compiler/ti-cgt-arm_20.2.7.LTS/lib" -i"C:/ti/ccs1220/ccs/tools/compiler/ti-cgt-arm_20.2.7.LTS/include" --reread_libs --diag_wrap=off --display_error_number --warn_sections --xml_link_info="blinky_linkInfo.xml" --rom_model -o "blinky.out" "./blinky.obj" "./startup_ccs.obj" "../blinky_ccs.cmd"  -l"C:/ti/TivaWare_C_Series-2.2.0.295/driverlib/ccs/Debug/driverlib.lib" -llibc.a 
<Linking>
Finished building target: "blinky.out"
 
"C:/ti/ccs1220/ccs/utils/tiobj2bin/tiobj2bin" "blinky.out" "blinky.bin" "C:/ti/ccs1220/ccs/tools/compiler/ti-cgt-arm_20.2.7.LTS/bin/armofd" "C:/ti/ccs1220/ccs/tools/compiler/ti-cgt-arm_20.2.7.LTS/bin/armhex" "C:/ti/ccs1220/ccs/utils/tiobj2bin/mkhex4bin"
 

**** Build Finished ****

**** Build of configuration Debug for project blinky ****

"C:\\ti\\ccs1220\\ccs\\utils\\bin\\gmake" -k -j 20 all -O 
 
gmake[1]: 'blinky.out' is up to date.

**** Build Finished ****

**** Build of configuration Debug for project blinky ****

"C:\\ti\\ccs1220\\ccs\\utils\\bin\\gmake" -k -j 20 all -O 
 
gmake[1]: 'blinky.out' is up to date.

**** Build Finished ****

**** Build of configuration Debug for project blinky ****

"C:\\ti\\ccs1220\\ccs\\utils\\bin\\gmake" -k -j 20 all -O 
 
Building file: "../blinky.c"
Invoking: ARM Compiler
"C:/ti/ccs1220/ccs/tools/compiler/ti-cgt-arm_20.2.7.LTS/bin/armcl" -mv7M4 --code_state=16 --float_support=FPv4SPD16 -me -O2 --include_path="C:/Users/n10467874/OneDrive - Queensland University of Technology/CCS-Workspace/blinky" --include_path="C:/ti/TivaWare_C_Series-2.2.0.295" --include_path="C:/ti/ccs1220/ccs/tools/compiler/ti-cgt-arm_20.2.7.LTS/include" --define=ccs="ccs" --define=PART_TM4C1294NCPDT --define=TARGET_IS_TM4C129_RA1 -g --gcc --diag_warning=225 --diag_wrap=off --display_error_number --gen_func_subsections=on --abi=eabi --ual --preproc_with_compile --preproc_dependency="blinky.d_raw"  "../blinky.c"
Finished building: "../blinky.c"
 
Building target: "blinky.out"
Invoking: ARM Linker
"C:/ti/ccs1220/ccs/tools/compiler/ti-cgt-arm_20.2.7.LTS/bin/armcl" -mv7M4 --code_state=16 --float_support=FPv4SPD16 -me -O2 --define=ccs="ccs" --define=PART_TM4C1294NCPDT --define=TARGET_IS_TM4C129_RA1 -g --gcc --diag_warning=225 --diag_wrap=off --display_error_number --gen_func_subsections=on --abi=eabi --ual -z -m"blinky_ccs.map" --heap_size=0 --stack_size=512 -i"C:/ti/ccs1220/ccs/tools/compiler/ti-cgt-arm_20.2.7.LTS/lib" -i"C:/ti/ccs1220/ccs/tools/compiler/ti-cgt-arm_20.2.7.LTS/include" --reread_libs --diag_wrap=off --display_error_number --warn_sections --xml_link_info="blinky_linkInfo.xml" --rom_model -o "blinky.out" "./blinky.obj" "./startup_ccs.obj" "../blinky_ccs.cmd"  -l"C:/ti/TivaWare_C_Series-2.2.0.295/driverlib/ccs/Debug/driverlib.lib" -llibc.a 
<Linking>
Finished building target: "blinky.out"
 
"C:/ti/ccs1220/ccs/utils/tiobj2bin/tiobj2bin" "blinky.out" "blinky.bin" "C:/ti/ccs1220/ccs/tools/compiler/ti-cgt-arm_20.2.7.LTS/bin/armofd" "C:/ti/ccs1220/ccs/tools/compiler/ti-cgt-arm_20.2.7.LTS/bin/armhex" "C:/ti/ccs1220/ccs/utils/tiobj2bin/mkhex4bin"
 

**** Build Finished ****

**** Build of configuration Debug for project blinky ****

"C:\\ti\\ccs1220\\ccs\\utils\\bin\\gmake" -k -j 20 all -O 
 
Building file: "../blinky.c"
Invoking: ARM Compiler
"C:/ti/ccs1220/ccs/tools/compiler/ti-cgt-arm_20.2.7.LTS/bin/armcl" -mv7M4 --code_state=16 --float_support=FPv4SPD16 -me -O2 --include_path="C:/Users/n10467874/OneDrive - Queensland University of Technology/CCS-Workspace/blinky" --include_path="C:/ti/TivaWare_C_Series-2.2.0.295" --include_path="C:/ti/ccs1220/ccs/tools/compiler/ti-cgt-arm_20.2.7.LTS/include" --define=ccs="ccs" --define=PART_TM4C1294NCPDT --define=TARGET_IS_TM4C129_RA1 -g --gcc --diag_warning=225 --diag_wrap=off --display_error_number --gen_func_subsections=on --abi=eabi --ual --preproc_with_compile --preproc_dependency="blinky.d_raw"  "../blinky.c"
 
>> Compilation failure
subdir_rules.mk:9: recipe for target 'blinky.obj' failed
"../blinky.c", line 80: error #20: identifier "GPIO_PORTF_DIR_R" is undefined
"../blinky.c", line 83: error #20: identifier "GPIO_PORTF_DEN_R" is undefined
"../blinky.c", line 98: error #20: identifier "GPIO_PORTF_DATA_R" is undefined
3 errors detected in the compilation of "../blinky.c".
gmake: *** [blinky.obj] Error 1
gmake: Target 'all' not remade because of errors.

**** Build Finished ****

**** Build of configuration Debug for project blinky ****

"C:\\ti\\ccs1220\\ccs\\utils\\bin\\gmake" -k -j 20 all -O 
 
Building file: "../blinky.c"
Invoking: ARM Compiler
"C:/ti/ccs1220/ccs/tools/compiler/ti-cgt-arm_20.2.7.LTS/bin/armcl" -mv7M4 --code_state=16 --float_support=FPv4SPD16 -me -O2 --include_path="C:/Users/n10467874/OneDrive - Queensland University of Technology/CCS-Workspace/blinky" --include_path="C:/ti/TivaWare_C_Series-2.2.0.295" --include_path="C:/ti/ccs1220/ccs/tools/compiler/ti-cgt-arm_20.2.7.LTS/include" --define=ccs="ccs" --define=PART_TM4C1294NCPDT --define=TARGET_IS_TM4C129_RA1 -g --gcc --diag_warning=225 --diag_wrap=off --display_error_number --gen_func_subsections=on --abi=eabi --ual --preproc_with_compile --preproc_dependency="blinky.d_raw"  "../blinky.c"
Finished building: "../blinky.c"
 
Building target: "blinky.out"
Invoking: ARM Linker
"C:/ti/ccs1220/ccs/tools/compiler/ti-cgt-arm_20.2.7.LTS/bin/armcl" -mv7M4 --code_state=16 --float_support=FPv4SPD16 -me -O2 --define=ccs="ccs" --define=PART_TM4C1294NCPDT --define=TARGET_IS_TM4C129_RA1 -g --gcc --diag_warning=225 --diag_wrap=off --display_error_number --gen_func_subsections=on --abi=eabi --ual -z -m"blinky_ccs.map" --heap_size=0 --stack_size=512 -i"C:/ti/ccs1220/ccs/tools/compiler/ti-cgt-arm_20.2.7.LTS/lib" -i"C:/ti/ccs1220/ccs/tools/compiler/ti-cgt-arm_20.2.7.LTS/include" --reread_libs --diag_wrap=off --display_error_number --warn_sections --xml_link_info="blinky_linkInfo.xml" --rom_model -o "blinky.out" "./blinky.obj" "./startup_ccs.obj" "../blinky_ccs.cmd"  -l"C:/ti/TivaWare_C_Series-2.2.0.295/driverlib/ccs/Debug/driverlib.lib" -llibc.a 
<Linking>
Finished building target: "blinky.out"
 
"C:/ti/ccs1220/ccs/utils/tiobj2bin/tiobj2bin" "blinky.out" "blinky.bin" "C:/ti/ccs1220/ccs/tools/compiler/ti-cgt-arm_20.2.7.LTS/bin/armofd" "C:/ti/ccs1220/ccs/tools/compiler/ti-cgt-arm_20.2.7.LTS/bin/armhex" "C:/ti/ccs1220/ccs/utils/tiobj2bin/mkhex4bin"
 

**** Build Finished ****

**** Build of configuration Debug for project blinky ****

"C:\\ti\\ccs1220\\ccs\\utils\\bin\\gmake" -k -j 20 all -O 
 
Building file: "../blinky.c"
Invoking: ARM Compiler
"C:/ti/ccs1220/ccs/tools/compiler/ti-cgt-arm_20.2.7.LTS/bin/armcl" -mv7M4 --code_state=16 --float_support=FPv4SPD16 -me -O2 --include_path="C:/Users/n10467874/OneDrive - Queensland University of Technology/CCS-Workspace/blinky" --include_path="C:/ti/TivaWare_C_Series-2.2.0.295" --include_path="C:/ti/ccs1220/ccs/tools/compiler/ti-cgt-arm_20.2.7.LTS/include" --define=ccs="ccs" --define=PART_TM4C1294NCPDT --define=TARGET_IS_TM4C129_RA1 -g --gcc --diag_warning=225 --diag_wrap=off --display_error_number --gen_func_subsections=on --abi=eabi --ual --preproc_with_compile --preproc_dependency="blinky.d_raw"  "../blinky.c"
Finished building: "../blinky.c"
 
Building target: "blinky.out"
Invoking: ARM Linker
"C:/ti/ccs1220/ccs/tools/compiler/ti-cgt-arm_20.2.7.LTS/bin/armcl" -mv7M4 --code_state=16 --float_support=FPv4SPD16 -me -O2 --define=ccs="ccs" --define=PART_TM4C1294NCPDT --define=TARGET_IS_TM4C129_RA1 -g --gcc --diag_warning=225 --diag_wrap=off --display_error_number --gen_func_subsections=on --abi=eabi --ual -z -m"blinky_ccs.map" --heap_size=0 --stack_size=512 -i"C:/ti/ccs1220/ccs/tools/compiler/ti-cgt-arm_20.2.7.LTS/lib" -i"C:/ti/ccs1220/ccs/tools/compiler/ti-cgt-arm_20.2.7.LTS/include" --reread_libs --diag_wrap=off --display_error_number --warn_sections --xml_link_info="blinky_linkInfo.xml" --rom_model -o "blinky.out" "./blinky.obj" "./startup_ccs.obj" "../blinky_ccs.cmd"  -l"C:/ti/TivaWare_C_Series-2.2.0.295/driverlib/ccs/Debug/driverlib.lib" -llibc.a 
<Linking>
Finished building target: "blinky.out"
 
"C:/ti/ccs1220/ccs/utils/tiobj2bin/tiobj2bin" "blinky.out" "blinky.bin" "C:/ti/ccs1220/ccs/tools/compiler/ti-cgt-arm_20.2.7.LTS/bin/armofd" "C:/ti/ccs1220/ccs/tools/compiler/ti-cgt-arm_20.2.7.LTS/bin/armhex" "C:/ti/ccs1220/ccs/utils/tiobj2bin/mkhex4bin"
 

**** Build Finished ****

**** Build of configuration Debug for project blinky ****

"C:\\ti\\ccs1220\\ccs\\utils\\bin\\gmake" -k -j 20 all -O 
 
Building file: "../blinky.c"
Invoking: ARM Compiler
"C:/ti/ccs1220/ccs/tools/compiler/ti-cgt-arm_20.2.7.LTS/bin/armcl" -mv7M4 --code_state=16 --float_support=FPv4SPD16 -me -O2 --include_path="C:/Users/n10467874/OneDrive - Queensland University of Technology/CCS-Workspace/blinky" --include_path="C:/ti/TivaWare_C_Series-2.2.0.295" --include_path="C:/ti/ccs1220/ccs/tools/compiler/ti-cgt-arm_20.2.7.LTS/include" --define=ccs="ccs" --define=PART_TM4C1294NCPDT --define=TARGET_IS_TM4C129_RA1 -g --gcc --diag_warning=225 --diag_wrap=off --display_error_number --gen_func_subsections=on --abi=eabi --ual --preproc_with_compile --preproc_dependency="blinky.d_raw"  "../blinky.c"
Finished building: "../blinky.c"
 
Building target: "blinky.out"
Invoking: ARM Linker
"C:/ti/ccs1220/ccs/tools/compiler/ti-cgt-arm_20.2.7.LTS/bin/armcl" -mv7M4 --code_state=16 --float_support=FPv4SPD16 -me -O2 --define=ccs="ccs" --define=PART_TM4C1294NCPDT --define=TARGET_IS_TM4C129_RA1 -g --gcc --diag_warning=225 --diag_wrap=off --display_error_number --gen_func_subsections=on --abi=eabi --ual -z -m"blinky_ccs.map" --heap_size=0 --stack_size=512 -i"C:/ti/ccs1220/ccs/tools/compiler/ti-cgt-arm_20.2.7.LTS/lib" -i"C:/ti/ccs1220/ccs/tools/compiler/ti-cgt-arm_20.2.7.LTS/include" --reread_libs --diag_wrap=off --display_error_number --warn_sections --xml_link_info="blinky_linkInfo.xml" --rom_model -o "blinky.out" "./blinky.obj" "./startup_ccs.obj" "../blinky_ccs.cmd"  -l"C:/ti/TivaWare_C_Series-2.2.0.295/driverlib/ccs/Debug/driverlib.lib" -llibc.a 
<Linking>
Finished building target: "blinky.out"
 
"C:/ti/ccs1220/ccs/utils/tiobj2bin/tiobj2bin" "blinky.out" "blinky.bin" "C:/ti/ccs1220/ccs/tools/compiler/ti-cgt-arm_20.2.7.LTS/bin/armofd" "C:/ti/ccs1220/ccs/tools/compiler/ti-cgt-arm_20.2.7.LTS/bin/armhex" "C:/ti/ccs1220/ccs/utils/tiobj2bin/mkhex4bin"
 

**** Build Finished ****

**** Build of configuration Debug for project blinky ****

"C:\\ti\\ccs1220\\ccs\\utils\\bin\\gmake" -k -j 20 all -O 
 
Building file: "../blinky.c"
Invoking: ARM Compiler
"C:/ti/ccs1220/ccs/tools/compiler/ti-cgt-arm_20.2.7.LTS/bin/armcl" -mv7M4 --code_state=16 --float_support=FPv4SPD16 -me -O2 --include_path="C:/Users/n10467874/OneDrive - Queensland University of Technology/CCS-Workspace/blinky" --include_path="C:/ti/TivaWare_C_Series-2.2.0.295" --include_path="C:/ti/ccs1220/ccs/tools/compiler/ti-cgt-arm_20.2.7.LTS/include" --define=ccs="ccs" --define=PART_TM4C1294NCPDT --define=TARGET_IS_TM4C129_RA1 -g --gcc --diag_warning=225 --diag_wrap=off --display_error_number --gen_func_subsections=on --abi=eabi --ual --preproc_with_compile --preproc_dependency="blinky.d_raw"  "../blinky.c"
Finished building: "../blinky.c"
 
Building target: "blinky.out"
Invoking: ARM Linker
"C:/ti/ccs1220/ccs/tools/compiler/ti-cgt-arm_20.2.7.LTS/bin/armcl" -mv7M4 --code_state=16 --float_support=FPv4SPD16 -me -O2 --define=ccs="ccs" --define=PART_TM4C1294NCPDT --define=TARGET_IS_TM4C129_RA1 -g --gcc --diag_warning=225 --diag_wrap=off --display_error_number --gen_func_subsections=on --abi=eabi --ual -z -m"blinky_ccs.map" --heap_size=0 --stack_size=512 -i"C:/ti/ccs1220/ccs/tools/compiler/ti-cgt-arm_20.2.7.LTS/lib" -i"C:/ti/ccs1220/ccs/tools/compiler/ti-cgt-arm_20.2.7.LTS/include" --reread_libs --diag_wrap=off --display_error_number --warn_sections --xml_link_info="blinky_linkInfo.xml" --rom_model -o "blinky.out" "./blinky.obj" "./startup_ccs.obj" "../blinky_ccs.cmd"  -l"C:/ti/TivaWare_C_Series-2.2.0.295/driverlib/ccs/Debug/driverlib.lib" -llibc.a 
<Linking>
Finished building target: "blinky.out"
 
"C:/ti/ccs1220/ccs/utils/tiobj2bin/tiobj2bin" "blinky.out" "blinky.bin" "C:/ti/ccs1220/ccs/tools/compiler/ti-cgt-arm_20.2.7.LTS/bin/armofd" "C:/ti/ccs1220/ccs/tools/compiler/ti-cgt-arm_20.2.7.LTS/bin/armhex" "C:/ti/ccs1220/ccs/utils/tiobj2bin/mkhex4bin"
 

**** Build Finished ****

**** Build of configuration Debug for project grlib_demo ****

"C:\\ti\\ccs1220\\ccs\\utils\\bin\\gmake" -k -j 20 all -O 
 
gmake[1]: 'grlib_demo.out' is up to date.

**** Build Finished ****

**** Clean-only build of configuration Debug for project blinky ****

"C:\\ti\\ccs1220\\ccs\\utils\\bin\\gmake" -k -j 20 clean -O 
 
DEL /F  "blinky.out" 
DEL /F "blinky.obj" "startup_ccs.obj" 
DEL /F "blinky.d" "startup_ccs.d" 
Finished clean
 

**** Build Finished ****

**** Build of configuration Debug for project blinky ****

"C:\\ti\\ccs1220\\ccs\\utils\\bin\\gmake" -k -j 20 all -O 
 
Building file: "../blinky.c"
Invoking: ARM Compiler
"C:/ti/ccs1220/ccs/tools/compiler/ti-cgt-arm_20.2.7.LTS/bin/armcl" -mv7M4 --code_state=16 --float_support=FPv4SPD16 -me -O2 --include_path="C:/Users/n10467874/OneDrive - Queensland University of Technology/!EGH456/CCS-Workspace/blinky" --include_path="C:/ti/TivaWare_C_Series-2.2.0.295/examples/boards/ek-tm4c1294xl-boostxl-kentec-s1" --include_path="C:/ti/TivaWare_C_Series-2.2.0.295" --include_path="C:/ti/ccs1220/ccs/tools/compiler/ti-cgt-arm_20.2.7.LTS/include" --define=ccs="ccs" --define=PART_TM4C1294NCPDT --define=TARGET_IS_TM4C129_RA1 -g --gcc --diag_warning=225 --diag_wrap=off --display_error_number --gen_func_subsections=on --abi=eabi --ual --preproc_with_compile --preproc_dependency="blinky.d_raw"  "../blinky.c"
 
>> Compilation failure
subdir_rules.mk:9: recipe for target 'blinky.obj' failed
"../blinky.c", line 32: fatal error #1965: cannot open source file "grlib/grilib.h"
1 catastrophic error detected in the compilation of "../blinky.c".
Compilation terminated.
gmake: *** [blinky.obj] Error 1
Building file: "../startup_ccs.c"
Invoking: ARM Compiler
"C:/ti/ccs1220/ccs/tools/compiler/ti-cgt-arm_20.2.7.LTS/bin/armcl" -mv7M4 --code_state=16 --float_support=FPv4SPD16 -me -O2 --include_path="C:/Users/n10467874/OneDrive - Queensland University of Technology/!EGH456/CCS-Workspace/blinky" --include_path="C:/ti/TivaWare_C_Series-2.2.0.295/examples/boards/ek-tm4c1294xl-boostxl-kentec-s1" --include_path="C:/ti/TivaWare_C_Series-2.2.0.295" --include_path="C:/ti/ccs1220/ccs/tools/compiler/ti-cgt-arm_20.2.7.LTS/include" --define=ccs="ccs" --define=PART_TM4C1294NCPDT --define=TARGET_IS_TM4C129_RA1 -g --gcc --diag_warning=225 --diag_wrap=off --display_error_number --gen_func_subsections=on --abi=eabi --ual --preproc_with_compile --preproc_dependency="startup_ccs.d_raw"  "../startup_ccs.c"
 
>> Compilation failure
subdir_rules.mk:9: recipe for target 'startup_ccs.obj' failed
"../startup_ccs.c", line 98: error #20: identifier "TouchScreenIntHandler" is undefined
1 error detected in the compilation of "../startup_ccs.c".
gmake: *** [startup_ccs.obj] Error 1
Building file: "C:/ti/TivaWare_C_Series-2.2.0.295/examples/boards/ek-tm4c1294xl-boostxl-kentec-s1/drivers/touch.c"
Invoking: ARM Compiler
"C:/ti/ccs1220/ccs/tools/compiler/ti-cgt-arm_20.2.7.LTS/bin/armcl" -mv7M4 --code_state=16 --float_support=FPv4SPD16 -me -O2 --include_path="C:/Users/n10467874/OneDrive - Queensland University of Technology/!EGH456/CCS-Workspace/blinky" --include_path="C:/ti/TivaWare_C_Series-2.2.0.295/examples/boards/ek-tm4c1294xl-boostxl-kentec-s1" --include_path="C:/ti/TivaWare_C_Series-2.2.0.295" --include_path="C:/ti/ccs1220/ccs/tools/compiler/ti-cgt-arm_20.2.7.LTS/include" --define=ccs="ccs" --define=PART_TM4C1294NCPDT --define=TARGET_IS_TM4C129_RA1 -g --gcc --diag_warning=225 --diag_wrap=off --display_error_number --gen_func_subsections=on --abi=eabi --ual --preproc_with_compile --preproc_dependency="drivers/touch.d_raw" --obj_directory="drivers"  "C:/ti/TivaWare_C_Series-2.2.0.295/examples/boards/ek-tm4c1294xl-boostxl-kentec-s1/drivers/touch.c"
Finished building: "C:/ti/TivaWare_C_Series-2.2.0.295/examples/boards/ek-tm4c1294xl-boostxl-kentec-s1/drivers/touch.c"
 
Building file: "C:/ti/TivaWare_C_Series-2.2.0.295/examples/boards/ek-tm4c1294xl-boostxl-kentec-s1/drivers/Kentec320x240x16_ssd2119_spi.c"
Invoking: ARM Compiler
"C:/ti/ccs1220/ccs/tools/compiler/ti-cgt-arm_20.2.7.LTS/bin/armcl" -mv7M4 --code_state=16 --float_support=FPv4SPD16 -me -O2 --include_path="C:/Users/n10467874/OneDrive - Queensland University of Technology/!EGH456/CCS-Workspace/blinky" --include_path="C:/ti/TivaWare_C_Series-2.2.0.295/examples/boards/ek-tm4c1294xl-boostxl-kentec-s1" --include_path="C:/ti/TivaWare_C_Series-2.2.0.295" --include_path="C:/ti/ccs1220/ccs/tools/compiler/ti-cgt-arm_20.2.7.LTS/include" --define=ccs="ccs" --define=PART_TM4C1294NCPDT --define=TARGET_IS_TM4C129_RA1 -g --gcc --diag_warning=225 --diag_wrap=off --display_error_number --gen_func_subsections=on --abi=eabi --ual --preproc_with_compile --preproc_dependency="drivers/Kentec320x240x16_ssd2119_spi.d_raw" --obj_directory="drivers"  "C:/ti/TivaWare_C_Series-2.2.0.295/examples/boards/ek-tm4c1294xl-boostxl-kentec-s1/drivers/Kentec320x240x16_ssd2119_spi.c"
Finished building: "C:/ti/TivaWare_C_Series-2.2.0.295/examples/boards/ek-tm4c1294xl-boostxl-kentec-s1/drivers/Kentec320x240x16_ssd2119_spi.c"
 
gmake: Target 'all' not remade because of errors.

**** Build Finished ****

**** Build of configuration Debug for project blinky ****

"C:\\ti\\ccs1220\\ccs\\utils\\bin\\gmake" -k -j 20 all -O 
 
Building file: "../blinky.c"
Invoking: ARM Compiler
"C:/ti/ccs1220/ccs/tools/compiler/ti-cgt-arm_20.2.7.LTS/bin/armcl" -mv7M4 --code_state=16 --float_support=FPv4SPD16 -me -O2 --include_path="C:/Users/n10467874/OneDrive - Queensland University of Technology/!EGH456/CCS-Workspace/blinky" --include_path="C:/ti/TivaWare_C_Series-2.2.0.295/examples/boards/ek-tm4c1294xl-boostxl-kentec-s1" --include_path="C:/ti/TivaWare_C_Series-2.2.0.295" --include_path="C:/ti/ccs1220/ccs/tools/compiler/ti-cgt-arm_20.2.7.LTS/include" --define=ccs="ccs" --define=PART_TM4C1294NCPDT --define=TARGET_IS_TM4C129_RA1 -g --gcc --diag_warning=225 --diag_wrap=off --display_error_number --gen_func_subsections=on --abi=eabi --ual --preproc_with_compile --preproc_dependency="blinky.d_raw"  "../blinky.c"
 
>> Compilation failure
subdir_rules.mk:9: recipe for target 'blinky.obj' failed
"../blinky.c", line 32: fatal error #1965: cannot open source file "grlib/grilib.h"
1 catastrophic error detected in the compilation of "../blinky.c".
Compilation terminated.
gmake: *** [blinky.obj] Error 1
Building file: "../startup_ccs.c"
Invoking: ARM Compiler
"C:/ti/ccs1220/ccs/tools/compiler/ti-cgt-arm_20.2.7.LTS/bin/armcl" -mv7M4 --code_state=16 --float_support=FPv4SPD16 -me -O2 --include_path="C:/Users/n10467874/OneDrive - Queensland University of Technology/!EGH456/CCS-Workspace/blinky" --include_path="C:/ti/TivaWare_C_Series-2.2.0.295/examples/boards/ek-tm4c1294xl-boostxl-kentec-s1" --include_path="C:/ti/TivaWare_C_Series-2.2.0.295" --include_path="C:/ti/ccs1220/ccs/tools/compiler/ti-cgt-arm_20.2.7.LTS/include" --define=ccs="ccs" --define=PART_TM4C1294NCPDT --define=TARGET_IS_TM4C129_RA1 -g --gcc --diag_warning=225 --diag_wrap=off --display_error_number --gen_func_subsections=on --abi=eabi --ual --preproc_with_compile --preproc_dependency="startup_ccs.d_raw"  "../startup_ccs.c"
 
>> Compilation failure
subdir_rules.mk:9: recipe for target 'startup_ccs.obj' failed
"../startup_ccs.c", line 98: error #20: identifier "TouchScreenIntHandler" is undefined
1 error detected in the compilation of "../startup_ccs.c".
gmake: *** [startup_ccs.obj] Error 1
gmake: Target 'all' not remade because of errors.

**** Build Finished ****

**** Build of configuration Debug for project blinky ****

"C:\\ti\\ccs1220\\ccs\\utils\\bin\\gmake" -k -j 20 all -O 
 
Building file: "../startup_ccs.c"
Invoking: ARM Compiler
"C:/ti/ccs1220/ccs/tools/compiler/ti-cgt-arm_20.2.7.LTS/bin/armcl" -mv7M4 --code_state=16 --float_support=FPv4SPD16 -me -O2 --include_path="C:/Users/n10467874/OneDrive - Queensland University of Technology/!EGH456/CCS-Workspace/blinky" --include_path="C:/ti/TivaWare_C_Series-2.2.0.295/examples/boards/ek-tm4c1294xl-boostxl-kentec-s1" --include_path="C:/ti/TivaWare_C_Series-2.2.0.295" --include_path="C:/ti/ccs1220/ccs/tools/compiler/ti-cgt-arm_20.2.7.LTS/include" --define=ccs="ccs" --define=PART_TM4C1294NCPDT --define=TARGET_IS_TM4C129_RA1 -g --gcc --diag_warning=225 --diag_wrap=off --display_error_number --gen_func_subsections=on --abi=eabi --ual --preproc_with_compile --preproc_dependency="startup_ccs.d_raw"  "../startup_ccs.c"
 
>> Compilation failure
subdir_rules.mk:9: recipe for target 'startup_ccs.obj' failed
"C:/ti/TivaWare_C_Series-2.2.0.295/grlib/grlib.h", line 776: error #20: identifier "bool" is undefined
"C:/ti/TivaWare_C_Series-2.2.0.295/grlib/grlib.h", line 793: error #20: identifier "bool" is undefined
"C:/ti/TivaWare_C_Series-2.2.0.295/grlib/grlib.h", line 871: error #20: identifier "bool" is undefined
"C:/ti/TivaWare_C_Series-2.2.0.295/grlib/grlib.h", line 2176: error #20: identifier "bool" is undefined
"C:/ti/TivaWare_C_Series-2.2.0.295/grlib/grlib.h", line 2177: error #20: identifier "bool" is undefined
"C:/ti/TivaWare_C_Series-2.2.0.295/grlib/grlib.h", line 2181: error #20: identifier "bool" is undefined
"C:/ti/TivaWare_C_Series-2.2.0.295/grlib/widget.h", line 224: error #20: identifier "bool" is undefined
"C:/ti/TivaWare_C_Series-2.2.0.295/grlib/widget.h", line 229: error #20: identifier "bool" is undefined
"C:/ti/TivaWare_C_Series-2.2.0.295/grlib/widget.h", line 233: error #20: identifier "bool" is undefined
"C:/ti/TivaWare_C_Series-2.2.0.295/grlib/widget.h", line 234: error #20: identifier "bool" is undefined
10 errors detected in the compilation of "../startup_ccs.c".
gmake: *** [startup_ccs.obj] Error 1
Building file: "../blinky.c"
Invoking: ARM Compiler
"C:/ti/ccs1220/ccs/tools/compiler/ti-cgt-arm_20.2.7.LTS/bin/armcl" -mv7M4 --code_state=16 --float_support=FPv4SPD16 -me -O2 --include_path="C:/Users/n10467874/OneDrive - Queensland University of Technology/!EGH456/CCS-Workspace/blinky" --include_path="C:/ti/TivaWare_C_Series-2.2.0.295/examples/boards/ek-tm4c1294xl-boostxl-kentec-s1" --include_path="C:/ti/TivaWare_C_Series-2.2.0.295" --include_path="C:/ti/ccs1220/ccs/tools/compiler/ti-cgt-arm_20.2.7.LTS/include" --define=ccs="ccs" --define=PART_TM4C1294NCPDT --define=TARGET_IS_TM4C129_RA1 -g --gcc --diag_warning=225 --diag_wrap=off --display_error_number --gen_func_subsections=on --abi=eabi --ual --preproc_with_compile --preproc_dependency="blinky.d_raw"  "../blinky.c"
Finished building: "../blinky.c"
 
gmake: Target 'all' not remade because of errors.

**** Build Finished ****

**** Build of configuration Debug for project blinky ****

"C:\\ti\\ccs1220\\ccs\\utils\\bin\\gmake" -k -j 20 all -O 
 
Building file: "../startup_ccs.c"
Invoking: ARM Compiler
"C:/ti/ccs1220/ccs/tools/compiler/ti-cgt-arm_20.2.7.LTS/bin/armcl" -mv7M4 --code_state=16 --float_support=FPv4SPD16 -me -O2 --include_path="C:/Users/n10467874/OneDrive - Queensland University of Technology/!EGH456/CCS-Workspace/blinky" --include_path="C:/ti/TivaWare_C_Series-2.2.0.295/examples/boards/ek-tm4c1294xl-boostxl-kentec-s1" --include_path="C:/ti/TivaWare_C_Series-2.2.0.295" --include_path="C:/ti/ccs1220/ccs/tools/compiler/ti-cgt-arm_20.2.7.LTS/include" --define=ccs="ccs" --define=PART_TM4C1294NCPDT --define=TARGET_IS_TM4C129_RA1 -g --gcc --diag_warning=225 --diag_wrap=off --display_error_number --gen_func_subsections=on --abi=eabi --ual --preproc_with_compile --preproc_dependency="startup_ccs.d_raw"  "../startup_ccs.c"
 
>> Compilation failure
subdir_rules.mk:9: recipe for target 'startup_ccs.obj' failed
"C:/ti/TivaWare_C_Series-2.2.0.295/grlib/grlib.h", line 776: error #20: identifier "bool" is undefined
"C:/ti/TivaWare_C_Series-2.2.0.295/grlib/grlib.h", line 793: error #20: identifier "bool" is undefined
"C:/ti/TivaWare_C_Series-2.2.0.295/grlib/grlib.h", line 871: error #20: identifier "bool" is undefined
"C:/ti/TivaWare_C_Series-2.2.0.295/grlib/grlib.h", line 2176: error #20: identifier "bool" is undefined
"C:/ti/TivaWare_C_Series-2.2.0.295/grlib/grlib.h", line 2177: error #20: identifier "bool" is undefined
"C:/ti/TivaWare_C_Series-2.2.0.295/grlib/grlib.h", line 2181: error #20: identifier "bool" is undefined
"C:/ti/TivaWare_C_Series-2.2.0.295/grlib/widget.h", line 224: error #20: identifier "bool" is undefined
"C:/ti/TivaWare_C_Series-2.2.0.295/grlib/widget.h", line 229: error #20: identifier "bool" is undefined
"C:/ti/TivaWare_C_Series-2.2.0.295/grlib/widget.h", line 233: error #20: identifier "bool" is undefined
"C:/ti/TivaWare_C_Series-2.2.0.295/grlib/widget.h", line 234: error #20: identifier "bool" is undefined
10 errors detected in the compilation of "../startup_ccs.c".
gmake: *** [startup_ccs.obj] Error 1
gmake: Target 'all' not remade because of errors.

**** Build Finished ****

**** Build of configuration Debug for project blinky ****

"C:\\ti\\ccs1220\\ccs\\utils\\bin\\gmake" -k -j 20 all -O 
 
Building file: "../startup_ccs.c"
Invoking: ARM Compiler
"C:/ti/ccs1220/ccs/tools/compiler/ti-cgt-arm_20.2.7.LTS/bin/armcl" -mv7M4 --code_state=16 --float_support=FPv4SPD16 -me -O2 --include_path="C:/Users/n10467874/OneDrive - Queensland University of Technology/!EGH456/CCS-Workspace/blinky" --include_path="C:/ti/TivaWare_C_Series-2.2.0.295/examples/boards/ek-tm4c1294xl-boostxl-kentec-s1" --include_path="C:/ti/TivaWare_C_Series-2.2.0.295" --include_path="C:/ti/ccs1220/ccs/tools/compiler/ti-cgt-arm_20.2.7.LTS/include" --define=ccs="ccs" --define=PART_TM4C1294NCPDT --define=TARGET_IS_TM4C129_RA1 -g --gcc --diag_warning=225 --diag_wrap=off --display_error_number --gen_func_subsections=on --abi=eabi --ual --preproc_with_compile --preproc_dependency="startup_ccs.d_raw"  "../startup_ccs.c"
 
>> Compilation failure
subdir_rules.mk:9: recipe for target 'startup_ccs.obj' failed
"../startup_ccs.c", line 105: error #20: identifier "TouchScreenIntHandler" is undefined
1 error detected in the compilation of "../startup_ccs.c".
gmake: *** [startup_ccs.obj] Error 1
gmake: Target 'all' not remade because of errors.

**** Build Finished ****

**** Build of configuration Debug for project blinky ****

"C:\\ti\\ccs1220\\ccs\\utils\\bin\\gmake" -k -j 20 all -O 
 
Building file: "../startup_ccs.c"
Invoking: ARM Compiler
"C:/ti/ccs1220/ccs/tools/compiler/ti-cgt-arm_20.2.7.LTS/bin/armcl" -mv7M4 --code_state=16 --float_support=FPv4SPD16 -me -O2 --include_path="C:/Users/n10467874/OneDrive - Queensland University of Technology/!EGH456/CCS-Workspace/blinky" --include_path="C:/ti/TivaWare_C_Series-2.2.0.295/examples/boards/ek-tm4c1294xl-boostxl-kentec-s1" --include_path="C:/ti/TivaWare_C_Series-2.2.0.295" --include_path="C:/ti/ccs1220/ccs/tools/compiler/ti-cgt-arm_20.2.7.LTS/include" --define=ccs="ccs" --define=PART_TM4C1294NCPDT --define=TARGET_IS_TM4C129_RA1 -g --gcc --diag_warning=225 --diag_wrap=off --display_error_number --gen_func_subsections=on --abi=eabi --ual --preproc_with_compile --preproc_dependency="startup_ccs.d_raw"  "../startup_ccs.c"
 
>> Compilation failure
subdir_rules.mk:9: recipe for target 'startup_ccs.obj' failed
"C:/ti/TivaWare_C_Series-2.2.0.295/grlib/grlib.h", line 776: error #20: identifier "bool" is undefined
"C:/ti/TivaWare_C_Series-2.2.0.295/grlib/grlib.h", line 793: error #20: identifier "bool" is undefined
"C:/ti/TivaWare_C_Series-2.2.0.295/grlib/grlib.h", line 871: error #20: identifier "bool" is undefined
"C:/ti/TivaWare_C_Series-2.2.0.295/grlib/grlib.h", line 2176: error #20: identifier "bool" is undefined
"C:/ti/TivaWare_C_Series-2.2.0.295/grlib/grlib.h", line 2177: error #20: identifier "bool" is undefined
"C:/ti/TivaWare_C_Series-2.2.0.295/grlib/grlib.h", line 2181: error #20: identifier "bool" is undefined
"C:/ti/TivaWare_C_Series-2.2.0.295/grlib/widget.h", line 224: error #20: identifier "bool" is undefined
"C:/ti/TivaWare_C_Series-2.2.0.295/grlib/widget.h", line 229: error #20: identifier "bool" is undefined
"C:/ti/TivaWare_C_Series-2.2.0.295/grlib/widget.h", line 233: error #20: identifier "bool" is undefined
"C:/ti/TivaWare_C_Series-2.2.0.295/grlib/widget.h", line 234: error #20: identifier "bool" is undefined
10 errors detected in the compilation of "../startup_ccs.c".
gmake: *** [startup_ccs.obj] Error 1
gmake: Target 'all' not remade because of errors.

**** Build Finished ****

**** Build of configuration Debug for project blinky ****

"C:\\ti\\ccs1220\\ccs\\utils\\bin\\gmake" -k -j 20 all -O 
 
Building file: "../startup_ccs.c"
Invoking: ARM Compiler
"C:/ti/ccs1220/ccs/tools/compiler/ti-cgt-arm_20.2.7.LTS/bin/armcl" -mv7M4 --code_state=16 --float_support=FPv4SPD16 -me -O2 --include_path="C:/Users/n10467874/OneDrive - Queensland University of Technology/!EGH456/CCS-Workspace/blinky" --include_path="C:/ti/TivaWare_C_Series-2.2.0.295/examples/boards/ek-tm4c1294xl-boostxl-kentec-s1" --include_path="C:/ti/TivaWare_C_Series-2.2.0.295" --include_path="C:/ti/ccs1220/ccs/tools/compiler/ti-cgt-arm_20.2.7.LTS/include" --define=ccs="ccs" --define=PART_TM4C1294NCPDT --define=TARGET_IS_TM4C129_RA1 -g --gcc --diag_warning=225 --diag_wrap=off --display_error_number --gen_func_subsections=on --abi=eabi --ual --preproc_with_compile --preproc_dependency="startup_ccs.d_raw"  "../startup_ccs.c"
Finished building: "../startup_ccs.c"
 
Building target: "blinky.out"
Invoking: ARM Linker
"C:/ti/ccs1220/ccs/tools/compiler/ti-cgt-arm_20.2.7.LTS/bin/armcl" -mv7M4 --code_state=16 --float_support=FPv4SPD16 -me -O2 --define=ccs="ccs" --define=PART_TM4C1294NCPDT --define=TARGET_IS_TM4C129_RA1 -g --gcc --diag_warning=225 --diag_wrap=off --display_error_number --gen_func_subsections=on --abi=eabi --ual -z -m"blinky_ccs.map" --heap_size=0 --stack_size=512 -i"C:/ti/ccs1220/ccs/tools/compiler/ti-cgt-arm_20.2.7.LTS/lib" -i"C:/ti/ccs1220/ccs/tools/compiler/ti-cgt-arm_20.2.7.LTS/include" --reread_libs --diag_wrap=off --display_error_number --warn_sections --xml_link_info="blinky_linkInfo.xml" --rom_model -o "blinky.out" "./blinky.obj" "./startup_ccs.obj" "./drivers/Kentec320x240x16_ssd2119_spi.obj" "./drivers/touch.obj" "../blinky_ccs.cmd"  -l"C:/ti/TivaWare_C_Series-2.2.0.295/driverlib/ccs/Debug/driverlib.lib" -l"C:/ti/TivaWare_C_Series-2.2.0.295/grlib/ccs/Debug/grlib.lib" -llibc.a 
<Linking>
Finished building target: "blinky.out"
 
"C:/ti/ccs1220/ccs/utils/tiobj2bin/tiobj2bin" "blinky.out" "blinky.bin" "C:/ti/ccs1220/ccs/tools/compiler/ti-cgt-arm_20.2.7.LTS/bin/armofd" "C:/ti/ccs1220/ccs/tools/compiler/ti-cgt-arm_20.2.7.LTS/bin/armhex" "C:/ti/ccs1220/ccs/utils/tiobj2bin/mkhex4bin"
 

**** Build Finished ****

**** Build of configuration Debug for project blinky ****

"C:\\ti\\ccs1220\\ccs\\utils\\bin\\gmake" -k -j 20 all -O 
 
Building file: "../timers.c"
Invoking: ARM Compiler
"C:/ti/ccs1220/ccs/tools/compiler/ti-cgt-arm_20.2.7.LTS/bin/armcl" -mv7M4 --code_state=16 --float_support=FPv4SPD16 -me -O2 --include_path="C:/Users/n10467874/OneDrive - Queensland University of Technology/!EGH456/CCS-Workspace/blinky" --include_path="C:/ti/TivaWare_C_Series-2.2.0.295/examples/boards/ek-tm4c1294xl-boostxl-kentec-s1" --include_path="C:/ti/TivaWare_C_Series-2.2.0.295" --include_path="C:/ti/ccs1220/ccs/tools/compiler/ti-cgt-arm_20.2.7.LTS/include" --define=ccs="ccs" --define=PART_TM4C1294NCPDT --define=TARGET_IS_TM4C129_RA1 -g --gcc --diag_warning=225 --diag_wrap=off --display_error_number --gen_func_subsections=on --abi=eabi --ual --preproc_with_compile --preproc_dependency="timers.d_raw"  "../timers.c"
 
>> Compilation failure
subdir_rules.mk:9: recipe for target 'timers.obj' failed
"../timers.c", line 1: error #20: identifier "uint32_t" is undefined
"../timers.c", line 2: warning #78-D: this declaration has no storage class or type specifier
"../timers.c", line 2: error #60: function call is not allowed in a constant expression
"../timers.c", line 2: error #20: identifier "SYSCTL_XTAL_25MHZ" is undefined
"../timers.c", line 2: error #20: identifier "SYSCTL_OSC_MAIN" is undefined
"../timers.c", line 2: error #20: identifier "SYSCTL_USE_PLL" is undefined
"../timers.c", line 2: error #20: identifier "SYSCTL_CFG_VCO_480" is undefined
"../timers.c", line 4: warning #78-D: this declaration has no storage class or type specifier
"../timers.c", line 5: warning #78-D: this declaration has no storage class or type specifier
"../timers.c", line 5: warning #93-D: identifier-list parameters may only be used in a function definition
"../timers.c", line 6: warning #78-D: this declaration has no storage class or type specifier
"../timers.c", line 6: warning #93-D: identifier-list parameters may only be used in a function definition
"../timers.c", line 7: warning #78-D: this declaration has no storage class or type specifier
"../timers.c", line 7: warning #93-D: identifier-list parameters may only be used in a function definition
"../timers.c", line 8: warning #78-D: this declaration has no storage class or type specifier
"../timers.c", line 8: warning #93-D: identifier-list parameters may only be used in a function definition
"../timers.c", line 9: warning #78-D: this declaration has no storage class or type specifier
"../timers.c", line 9: warning #93-D: identifier-list parameters may only be used in a function definition
"../timers.c", line 12: warning #225-D: function "TimerIntClear" declared implicitly
"../timers.c", line 12: error #20: identifier "TIMER0_BASE" is undefined
"../timers.c", line 12: error #20: identifier "TIMER_TIMA_TIMEOUT" is undefined
"../timers.c", line 13: error #20: identifier "GPIO_PORTQ_DATA_R" is undefined
"../timers.c", line 13: error #20: identifier "GPIO_PIN_7" is undefined
10 errors detected in the compilation of "../timers.c".
gmake: *** [timers.obj] Error 1
gmake: Target 'all' not remade because of errors.

**** Build Finished ****

**** Clean-only build of configuration Debug for project timers ****

"C:\\ti\\ccs1220\\ccs\\utils\\bin\\gmake" -k -j 20 clean -O 
 
gmake: *** No rule to make target 'clean'.

**** Build Finished ****

**** Build of configuration Debug for project timers ****

"C:\\ti\\ccs1220\\ccs\\utils\\bin\\gmake" -k -j 20 all -O 
 
Building file: "../startup_ccs.c"
Invoking: ARM Compiler
"C:/ti/ccs1220/ccs/tools/compiler/ti-cgt-arm_20.2.7.LTS/bin/armcl" -mv7M4 --code_state=16 --float_support=FPv4SPD16 -me -O2 --include_path="C:/Users/n10467874/OneDrive - Queensland University of Technology/!EGH456/CCS-Workspace/timers" --include_path="C:/ti/TivaWare_C_Series-2.2.0.295" --include_path="C:/ti/ccs1220/ccs/tools/compiler/ti-cgt-arm_20.2.7.LTS/include" --define=ccs="ccs" --define=PART_TM4C1294NCPDT --define=TARGET_IS_TM4C129_RA2 -g --gcc --diag_warning=225 --diag_wrap=off --display_error_number --gen_func_subsections=on --abi=eabi --ual --preproc_with_compile --preproc_dependency="startup_ccs.d_raw"  "../startup_ccs.c"
 
>> Compilation failure
subdir_rules.mk:9: recipe for target 'startup_ccs.obj' failed
"../startup_ccs.c", line 34: fatal error #1965: cannot open source file "drivers/Kentec320x240x16_ssd2119_spi.h"
1 catastrophic error detected in the compilation of "../startup_ccs.c".
Compilation terminated.
gmake: *** [startup_ccs.obj] Error 1
Building file: "../timers.c"
Invoking: ARM Compiler
"C:/ti/ccs1220/ccs/tools/compiler/ti-cgt-arm_20.2.7.LTS/bin/armcl" -mv7M4 --code_state=16 --float_support=FPv4SPD16 -me -O2 --include_path="C:/Users/n10467874/OneDrive - Queensland University of Technology/!EGH456/CCS-Workspace/timers" --include_path="C:/ti/TivaWare_C_Series-2.2.0.295" --include_path="C:/ti/ccs1220/ccs/tools/compiler/ti-cgt-arm_20.2.7.LTS/include" --define=ccs="ccs" --define=PART_TM4C1294NCPDT --define=TARGET_IS_TM4C129_RA2 -g --gcc --diag_warning=225 --diag_wrap=off --display_error_number --gen_func_subsections=on --abi=eabi --ual --preproc_with_compile --preproc_dependency="timers.d_raw"  "../timers.c"
Finished building: "../timers.c"
 
Building file: "C:/ti/TivaWare_C_Series-2.2.0.295/utils/uartstdio.c"
Invoking: ARM Compiler
"C:/ti/ccs1220/ccs/tools/compiler/ti-cgt-arm_20.2.7.LTS/bin/armcl" -mv7M4 --code_state=16 --float_support=FPv4SPD16 -me -O2 --include_path="C:/Users/n10467874/OneDrive - Queensland University of Technology/!EGH456/CCS-Workspace/timers" --include_path="C:/ti/TivaWare_C_Series-2.2.0.295" --include_path="C:/ti/ccs1220/ccs/tools/compiler/ti-cgt-arm_20.2.7.LTS/include" --define=ccs="ccs" --define=PART_TM4C1294NCPDT --define=TARGET_IS_TM4C129_RA2 -g --gcc --diag_warning=225 --diag_wrap=off --display_error_number --gen_func_subsections=on --abi=eabi --ual --preproc_with_compile --preproc_dependency="utils/uartstdio.d_raw" --obj_directory="utils"  "C:/ti/TivaWare_C_Series-2.2.0.295/utils/uartstdio.c"
Finished building: "C:/ti/TivaWare_C_Series-2.2.0.295/utils/uartstdio.c"
 
gmake: Target 'all' not remade because of errors.

**** Build Finished ****

**** Build of configuration Debug for project timers ****

"C:\\ti\\ccs1220\\ccs\\utils\\bin\\gmake" -k -j 20 all -O 
 
Building file: "../startup_ccs.c"
Invoking: ARM Compiler
"C:/ti/ccs1220/ccs/tools/compiler/ti-cgt-arm_20.2.7.LTS/bin/armcl" -mv7M4 --code_state=16 --float_support=FPv4SPD16 -me -O2 --include_path="C:/Users/n10467874/OneDrive - Queensland University of Technology/!EGH456/CCS-Workspace/timers" --include_path="C:/ti/TivaWare_C_Series-2.2.0.295/examples/boards/ek-tm4c1294xl-boostxl-kentec-s1" --include_path="C:/ti/TivaWare_C_Series-2.2.0.295" --include_path="C:/ti/ccs1220/ccs/tools/compiler/ti-cgt-arm_20.2.7.LTS/include" --define=ccs="ccs" --define=PART_TM4C1294NCPDT --define=TARGET_IS_TM4C129_RA2 -g --gcc --diag_warning=225 --diag_wrap=off --display_error_number --gen_func_subsections=on --abi=eabi --ual --preproc_with_compile --preproc_dependency="startup_ccs.d_raw"  "../startup_ccs.c"
Finished building: "../startup_ccs.c"
 
Building file: "../timers.c"
Invoking: ARM Compiler
"C:/ti/ccs1220/ccs/tools/compiler/ti-cgt-arm_20.2.7.LTS/bin/armcl" -mv7M4 --code_state=16 --float_support=FPv4SPD16 -me -O2 --include_path="C:/Users/n10467874/OneDrive - Queensland University of Technology/!EGH456/CCS-Workspace/timers" --include_path="C:/ti/TivaWare_C_Series-2.2.0.295/examples/boards/ek-tm4c1294xl-boostxl-kentec-s1" --include_path="C:/ti/TivaWare_C_Series-2.2.0.295" --include_path="C:/ti/ccs1220/ccs/tools/compiler/ti-cgt-arm_20.2.7.LTS/include" --define=ccs="ccs" --define=PART_TM4C1294NCPDT --define=TARGET_IS_TM4C129_RA2 -g --gcc --diag_warning=225 --diag_wrap=off --display_error_number --gen_func_subsections=on --abi=eabi --ual --preproc_with_compile --preproc_dependency="timers.d_raw"  "../timers.c"
Finished building: "../timers.c"
 
Building file: "C:/ti/TivaWare_C_Series-2.2.0.295/examples/boards/ek-tm4c1294xl-boostxl-kentec-s1/drivers/touch.c"
Invoking: ARM Compiler
"C:/ti/ccs1220/ccs/tools/compiler/ti-cgt-arm_20.2.7.LTS/bin/armcl" -mv7M4 --code_state=16 --float_support=FPv4SPD16 -me -O2 --include_path="C:/Users/n10467874/OneDrive - Queensland University of Technology/!EGH456/CCS-Workspace/timers" --include_path="C:/ti/TivaWare_C_Series-2.2.0.295/examples/boards/ek-tm4c1294xl-boostxl-kentec-s1" --include_path="C:/ti/TivaWare_C_Series-2.2.0.295" --include_path="C:/ti/ccs1220/ccs/tools/compiler/ti-cgt-arm_20.2.7.LTS/include" --define=ccs="ccs" --define=PART_TM4C1294NCPDT --define=TARGET_IS_TM4C129_RA2 -g --gcc --diag_warning=225 --diag_wrap=off --display_error_number --gen_func_subsections=on --abi=eabi --ual --preproc_with_compile --preproc_dependency="drivers/touch.d_raw" --obj_directory="drivers"  "C:/ti/TivaWare_C_Series-2.2.0.295/examples/boards/ek-tm4c1294xl-boostxl-kentec-s1/drivers/touch.c"
Finished building: "C:/ti/TivaWare_C_Series-2.2.0.295/examples/boards/ek-tm4c1294xl-boostxl-kentec-s1/drivers/touch.c"
 
Building file: "C:/ti/TivaWare_C_Series-2.2.0.295/utils/uartstdio.c"
Invoking: ARM Compiler
"C:/ti/ccs1220/ccs/tools/compiler/ti-cgt-arm_20.2.7.LTS/bin/armcl" -mv7M4 --code_state=16 --float_support=FPv4SPD16 -me -O2 --include_path="C:/Users/n10467874/OneDrive - Queensland University of Technology/!EGH456/CCS-Workspace/timers" --include_path="C:/ti/TivaWare_C_Series-2.2.0.295/examples/boards/ek-tm4c1294xl-boostxl-kentec-s1" --include_path="C:/ti/TivaWare_C_Series-2.2.0.295" --include_path="C:/ti/ccs1220/ccs/tools/compiler/ti-cgt-arm_20.2.7.LTS/include" --define=ccs="ccs" --define=PART_TM4C1294NCPDT --define=TARGET_IS_TM4C129_RA2 -g --gcc --diag_warning=225 --diag_wrap=off --display_error_number --gen_func_subsections=on --abi=eabi --ual --preproc_with_compile --preproc_dependency="utils/uartstdio.d_raw" --obj_directory="utils"  "C:/ti/TivaWare_C_Series-2.2.0.295/utils/uartstdio.c"
Finished building: "C:/ti/TivaWare_C_Series-2.2.0.295/utils/uartstdio.c"
 
Building file: "C:/ti/TivaWare_C_Series-2.2.0.295/examples/boards/ek-tm4c1294xl-boostxl-kentec-s1/drivers/Kentec320x240x16_ssd2119_spi.c"
Invoking: ARM Compiler
"C:/ti/ccs1220/ccs/tools/compiler/ti-cgt-arm_20.2.7.LTS/bin/armcl" -mv7M4 --code_state=16 --float_support=FPv4SPD16 -me -O2 --include_path="C:/Users/n10467874/OneDrive - Queensland University of Technology/!EGH456/CCS-Workspace/timers" --include_path="C:/ti/TivaWare_C_Series-2.2.0.295/examples/boards/ek-tm4c1294xl-boostxl-kentec-s1" --include_path="C:/ti/TivaWare_C_Series-2.2.0.295" --include_path="C:/ti/ccs1220/ccs/tools/compiler/ti-cgt-arm_20.2.7.LTS/include" --define=ccs="ccs" --define=PART_TM4C1294NCPDT --define=TARGET_IS_TM4C129_RA2 -g --gcc --diag_warning=225 --diag_wrap=off --display_error_number --gen_func_subsections=on --abi=eabi --ual --preproc_with_compile --preproc_dependency="drivers/Kentec320x240x16_ssd2119_spi.d_raw" --obj_directory="drivers"  "C:/ti/TivaWare_C_Series-2.2.0.295/examples/boards/ek-tm4c1294xl-boostxl-kentec-s1/drivers/Kentec320x240x16_ssd2119_spi.c"
Finished building: "C:/ti/TivaWare_C_Series-2.2.0.295/examples/boards/ek-tm4c1294xl-boostxl-kentec-s1/drivers/Kentec320x240x16_ssd2119_spi.c"
 
Building target: "timers.out"
Invoking: ARM Linker
"C:/ti/ccs1220/ccs/tools/compiler/ti-cgt-arm_20.2.7.LTS/bin/armcl" -mv7M4 --code_state=16 --float_support=FPv4SPD16 -me -O2 --define=ccs="ccs" --define=PART_TM4C1294NCPDT --define=TARGET_IS_TM4C129_RA2 -g --gcc --diag_warning=225 --diag_wrap=off --display_error_number --gen_func_subsections=on --abi=eabi --ual -z -m"timers_ccs.map" --heap_size=0 --stack_size=256 -i"C:/ti/ccs1220/ccs/tools/compiler/ti-cgt-arm_20.2.7.LTS/lib" -i"C:/ti/ccs1220/ccs/tools/compiler/ti-cgt-arm_20.2.7.LTS/include" --reread_libs --diag_wrap=off --display_error_number --warn_sections --xml_link_info="timers_linkInfo.xml" --rom_model -o "timers.out" "./startup_ccs.obj" "./timers.obj" "./drivers/Kentec320x240x16_ssd2119_spi.obj" "./drivers/touch.obj" "./utils/uartstdio.obj" "../timers_ccs.cmd"  -l"C:/ti/TivaWare_C_Series-2.2.0.295/driverlib/ccs/Debug/driverlib.lib" -l"C:/ti/TivaWare_C_Series-2.2.0.295/grlib/ccs/Debug/grlib.lib" -llibc.a 
<Linking>
Finished building target: "timers.out"
 
"C:/ti/ccs1220/ccs/utils/tiobj2bin/tiobj2bin" "timers.out" "timers.bin" "C:/ti/ccs1220/ccs/tools/compiler/ti-cgt-arm_20.2.7.LTS/bin/armofd" "C:/ti/ccs1220/ccs/tools/compiler/ti-cgt-arm_20.2.7.LTS/bin/armhex" "C:/ti/ccs1220/ccs/utils/tiobj2bin/mkhex4bin"
 

**** Build Finished ****

**** Build of configuration Debug for project timers ****

"C:\\ti\\ccs1220\\ccs\\utils\\bin\\gmake" -k -j 20 all -O 
 
gmake[1]: 'timers.out' is up to date.

**** Build Finished ****

**** Build of configuration Debug for project timers ****

"C:\\ti\\ccs1220\\ccs\\utils\\bin\\gmake" -k -j 20 all -O 
 
gmake[1]: 'timers.out' is up to date.

**** Build Finished ****

**** Build of configuration Debug for project grlib_demo ****

"C:\\ti\\ccs1220\\ccs\\utils\\bin\\gmake" -k -j 20 all -O 
 
Building file: "../startup_ccs.c"
Invoking: ARM Compiler
"C:/ti/ccs1220/ccs/tools/compiler/ti-cgt-arm_20.2.7.LTS/bin/armcl" -mv7M4 --code_state=16 --float_support=FPv4SPD16 -me -O2 --include_path="C:/Users/n10467874/OneDrive - Queensland University of Technology/!EGH456/CCS-Workspace/grlib_demo" --include_path="C:/ti/TivaWare_C_Series-2.2.0.295/examples/boards/ek-tm4c1294xl-boostxl-kentec-s1" --include_path="C:/ti/TivaWare_C_Series-2.2.0.295" --include_path="C:/ti/ccs1220/ccs/tools/compiler/ti-cgt-arm_20.2.7.LTS/include" --define=ccs="ccs" --define=PART_TM4C1294NCPDT --define=TARGET_IS_TM4C129_RA1 -g --gcc --diag_warning=225 --diag_wrap=off --display_error_number --gen_func_subsections=on --abi=eabi --ual --preproc_with_compile --preproc_dependency="startup_ccs.d_raw"  "../startup_ccs.c"
Finished building: "../startup_ccs.c"
 
Building file: "../images.c"
Invoking: ARM Compiler
"C:/ti/ccs1220/ccs/tools/compiler/ti-cgt-arm_20.2.7.LTS/bin/armcl" -mv7M4 --code_state=16 --float_support=FPv4SPD16 -me -O2 --include_path="C:/Users/n10467874/OneDrive - Queensland University of Technology/!EGH456/CCS-Workspace/grlib_demo" --include_path="C:/ti/TivaWare_C_Series-2.2.0.295/examples/boards/ek-tm4c1294xl-boostxl-kentec-s1" --include_path="C:/ti/TivaWare_C_Series-2.2.0.295" --include_path="C:/ti/ccs1220/ccs/tools/compiler/ti-cgt-arm_20.2.7.LTS/include" --define=ccs="ccs" --define=PART_TM4C1294NCPDT --define=TARGET_IS_TM4C129_RA1 -g --gcc --diag_warning=225 --diag_wrap=off --display_error_number --gen_func_subsections=on --abi=eabi --ual --preproc_with_compile --preproc_dependency="images.d_raw"  "../images.c"
Finished building: "../images.c"
 
Building file: "C:/ti/TivaWare_C_Series-2.2.0.295/examples/boards/ek-tm4c1294xl-boostxl-kentec-s1/drivers/touch.c"
Invoking: ARM Compiler
"C:/ti/ccs1220/ccs/tools/compiler/ti-cgt-arm_20.2.7.LTS/bin/armcl" -mv7M4 --code_state=16 --float_support=FPv4SPD16 -me -O2 --include_path="C:/Users/n10467874/OneDrive - Queensland University of Technology/!EGH456/CCS-Workspace/grlib_demo" --include_path="C:/ti/TivaWare_C_Series-2.2.0.295/examples/boards/ek-tm4c1294xl-boostxl-kentec-s1" --include_path="C:/ti/TivaWare_C_Series-2.2.0.295" --include_path="C:/ti/ccs1220/ccs/tools/compiler/ti-cgt-arm_20.2.7.LTS/include" --define=ccs="ccs" --define=PART_TM4C1294NCPDT --define=TARGET_IS_TM4C129_RA1 -g --gcc --diag_warning=225 --diag_wrap=off --display_error_number --gen_func_subsections=on --abi=eabi --ual --preproc_with_compile --preproc_dependency="drivers/touch.d_raw" --obj_directory="drivers"  "C:/ti/TivaWare_C_Series-2.2.0.295/examples/boards/ek-tm4c1294xl-boostxl-kentec-s1/drivers/touch.c"
Finished building: "C:/ti/TivaWare_C_Series-2.2.0.295/examples/boards/ek-tm4c1294xl-boostxl-kentec-s1/drivers/touch.c"
 
Building file: "../grlib_demo.c"
Invoking: ARM Compiler
"C:/ti/ccs1220/ccs/tools/compiler/ti-cgt-arm_20.2.7.LTS/bin/armcl" -mv7M4 --code_state=16 --float_support=FPv4SPD16 -me -O2 --include_path="C:/Users/n10467874/OneDrive - Queensland University of Technology/!EGH456/CCS-Workspace/grlib_demo" --include_path="C:/ti/TivaWare_C_Series-2.2.0.295/examples/boards/ek-tm4c1294xl-boostxl-kentec-s1" --include_path="C:/ti/TivaWare_C_Series-2.2.0.295" --include_path="C:/ti/ccs1220/ccs/tools/compiler/ti-cgt-arm_20.2.7.LTS/include" --define=ccs="ccs" --define=PART_TM4C1294NCPDT --define=TARGET_IS_TM4C129_RA1 -g --gcc --diag_warning=225 --diag_wrap=off --display_error_number --gen_func_subsections=on --abi=eabi --ual --preproc_with_compile --preproc_dependency="grlib_demo.d_raw"  "../grlib_demo.c"
Finished building: "../grlib_demo.c"
 
Building file: "C:/ti/TivaWare_C_Series-2.2.0.295/examples/boards/ek-tm4c1294xl-boostxl-kentec-s1/drivers/Kentec320x240x16_ssd2119_spi.c"
Invoking: ARM Compiler
"C:/ti/ccs1220/ccs/tools/compiler/ti-cgt-arm_20.2.7.LTS/bin/armcl" -mv7M4 --code_state=16 --float_support=FPv4SPD16 -me -O2 --include_path="C:/Users/n10467874/OneDrive - Queensland University of Technology/!EGH456/CCS-Workspace/grlib_demo" --include_path="C:/ti/TivaWare_C_Series-2.2.0.295/examples/boards/ek-tm4c1294xl-boostxl-kentec-s1" --include_path="C:/ti/TivaWare_C_Series-2.2.0.295" --include_path="C:/ti/ccs1220/ccs/tools/compiler/ti-cgt-arm_20.2.7.LTS/include" --define=ccs="ccs" --define=PART_TM4C1294NCPDT --define=TARGET_IS_TM4C129_RA1 -g --gcc --diag_warning=225 --diag_wrap=off --display_error_number --gen_func_subsections=on --abi=eabi --ual --preproc_with_compile --preproc_dependency="drivers/Kentec320x240x16_ssd2119_spi.d_raw" --obj_directory="drivers"  "C:/ti/TivaWare_C_Series-2.2.0.295/examples/boards/ek-tm4c1294xl-boostxl-kentec-s1/drivers/Kentec320x240x16_ssd2119_spi.c"
Finished building: "C:/ti/TivaWare_C_Series-2.2.0.295/examples/boards/ek-tm4c1294xl-boostxl-kentec-s1/drivers/Kentec320x240x16_ssd2119_spi.c"
 
Building file: "C:/ti/TivaWare_C_Series-2.2.0.295/utils/ustdlib.c"
Invoking: ARM Compiler
"C:/ti/ccs1220/ccs/tools/compiler/ti-cgt-arm_20.2.7.LTS/bin/armcl" -mv7M4 --code_state=16 --float_support=FPv4SPD16 -me -O2 --include_path="C:/Users/n10467874/OneDrive - Queensland University of Technology/!EGH456/CCS-Workspace/grlib_demo" --include_path="C:/ti/TivaWare_C_Series-2.2.0.295/examples/boards/ek-tm4c1294xl-boostxl-kentec-s1" --include_path="C:/ti/TivaWare_C_Series-2.2.0.295" --include_path="C:/ti/ccs1220/ccs/tools/compiler/ti-cgt-arm_20.2.7.LTS/include" --define=ccs="ccs" --define=PART_TM4C1294NCPDT --define=TARGET_IS_TM4C129_RA1 -g --gcc --diag_warning=225 --diag_wrap=off --display_error_number --gen_func_subsections=on --abi=eabi --ual --preproc_with_compile --preproc_dependency="utils/ustdlib.d_raw" --obj_directory="utils"  "C:/ti/TivaWare_C_Series-2.2.0.295/utils/ustdlib.c"
Finished building: "C:/ti/TivaWare_C_Series-2.2.0.295/utils/ustdlib.c"
 
Building target: "grlib_demo.out"
Invoking: ARM Linker
"C:/ti/ccs1220/ccs/tools/compiler/ti-cgt-arm_20.2.7.LTS/bin/armcl" -mv7M4 --code_state=16 --float_support=FPv4SPD16 -me -O2 --define=ccs="ccs" --define=PART_TM4C1294NCPDT --define=TARGET_IS_TM4C129_RA1 -g --gcc --diag_warning=225 --diag_wrap=off --display_error_number --gen_func_subsections=on --abi=eabi --ual -z -m"grlib_demo_ccs.map" --heap_size=0 --stack_size=1024 -i"C:/ti/ccs1220/ccs/tools/compiler/ti-cgt-arm_20.2.7.LTS/lib" -i"C:/ti/ccs1220/ccs/tools/compiler/ti-cgt-arm_20.2.7.LTS/include" --reread_libs --diag_wrap=off --display_error_number --warn_sections --xml_link_info="grlib_demo_linkInfo.xml" --rom_model -o "grlib_demo.out" "./grlib_demo.obj" "./images.obj" "./startup_ccs.obj" "./drivers/Kentec320x240x16_ssd2119_spi.obj" "./drivers/touch.obj" "./utils/ustdlib.obj" "../grlib_demo_ccs.cmd"  -l"C:/ti/TivaWare_C_Series-2.2.0.295/driverlib/ccs/Debug/driverlib.lib" -l"C:/ti/TivaWare_C_Series-2.2.0.295/grlib/ccs/Debug/grlib.lib" -llibc.a 
<Linking>
Finished building target: "grlib_demo.out"
 
"C:/ti/ccs1220/ccs/utils/tiobj2bin/tiobj2bin" "grlib_demo.out" "grlib_demo.bin" "C:/ti/ccs1220/ccs/tools/compiler/ti-cgt-arm_20.2.7.LTS/bin/armofd" "C:/ti/ccs1220/ccs/tools/compiler/ti-cgt-arm_20.2.7.LTS/bin/armhex" "C:/ti/ccs1220/ccs/utils/tiobj2bin/mkhex4bin"
 

**** Build Finished ****

**** Build of configuration Debug for project grlib_demo ****

"C:\\ti\\ccs1220\\ccs\\utils\\bin\\gmake" -k -j 20 all -O 
 
gmake[1]: 'grlib_demo.out' is up to date.

**** Build Finished ****

**** Build of configuration Debug for project timers ****

"C:\\ti\\ccs1220\\ccs\\utils\\bin\\gmake" -k -j 20 all -O 
 
Building file: "../timers.c"
Invoking: ARM Compiler
"C:/ti/ccs1220/ccs/tools/compiler/ti-cgt-arm_20.2.7.LTS/bin/armcl" -mv7M4 --code_state=16 --float_support=FPv4SPD16 -me -O2 --include_path="C:/Users/n10467874/OneDrive - Queensland University of Technology/!EGH456/CCS-Workspace/timers" --include_path="C:/ti/TivaWare_C_Series-2.2.0.295/examples/boards/ek-tm4c1294xl-boostxl-kentec-s1" --include_path="C:/ti/TivaWare_C_Series-2.2.0.295" --include_path="C:/ti/ccs1220/ccs/tools/compiler/ti-cgt-arm_20.2.7.LTS/include" --define=ccs="ccs" --define=PART_TM4C1294NCPDT --define=TARGET_IS_TM4C129_RA2 -g --gcc --diag_warning=225 --diag_wrap=off --display_error_number --gen_func_subsections=on --abi=eabi --ual --preproc_with_compile --preproc_dependency="timers.d_raw"  "../timers.c"
 
>> Compilation failure
subdir_rules.mk:9: recipe for target 'timers.obj' failed
"../timers.c", line 205: error #20: identifier "tContext" is undefined
"../timers.c", line 206: error #20: identifier "tRectangle" is undefined
"../timers.c", line 225: warning #225-D: function "Kentec320x240x16_SSD2119Init" declared implicitly
"../timers.c", line 230: warning #225-D: function "GrContextInit" declared implicitly
"../timers.c", line 230: error #20: identifier "g_sKentec320x240x16_SSD2119" is undefined
"../timers.c", line 237: warning #225-D: function "GrContextDpyWidthGet" declared implicitly
"../timers.c", line 239: warning #225-D: function "GrContextForegroundSet" declared implicitly
"../timers.c", line 239: error #20: identifier "ClrDarkBlue" is undefined
"../timers.c", line 240: warning #225-D: function "GrRectFill" declared implicitly
"../timers.c", line 245: error #20: identifier "ClrWhite" is undefined
"../timers.c", line 246: warning #225-D: function "GrRectDraw" declared implicitly
"../timers.c", line 251: warning #225-D: function "GrContextFontSet" declared implicitly
"../timers.c", line 251: error #20: identifier "g_sFontCm20" is undefined
"../timers.c", line 252: warning #225-D: function "GrStringDrawCentered" declared implicitly
6 errors detected in the compilation of "../timers.c".
gmake: *** [timers.obj] Error 1
gmake: Target 'all' not remade because of errors.

**** Build Finished ****

**** Build of configuration Debug for project timers ****

"C:\\ti\\ccs1220\\ccs\\utils\\bin\\gmake" -k -j 20 all -O 
 
Building file: "../timers.c"
Invoking: ARM Compiler
"C:/ti/ccs1220/ccs/tools/compiler/ti-cgt-arm_20.2.7.LTS/bin/armcl" -mv7M4 --code_state=16 --float_support=FPv4SPD16 -me -O2 --include_path="C:/Users/n10467874/OneDrive - Queensland University of Technology/!EGH456/CCS-Workspace/timers" --include_path="C:/ti/TivaWare_C_Series-2.2.0.295/examples/boards/ek-tm4c1294xl-boostxl-kentec-s1" --include_path="C:/ti/TivaWare_C_Series-2.2.0.295" --include_path="C:/ti/ccs1220/ccs/tools/compiler/ti-cgt-arm_20.2.7.LTS/include" --define=ccs="ccs" --define=PART_TM4C1294NCPDT --define=TARGET_IS_TM4C129_RA2 -g --gcc --diag_warning=225 --diag_wrap=off --display_error_number --gen_func_subsections=on --abi=eabi --ual --preproc_with_compile --preproc_dependency="timers.d_raw"  "../timers.c"
Finished building: "../timers.c"
 
Building target: "timers.out"
Invoking: ARM Linker
"C:/ti/ccs1220/ccs/tools/compiler/ti-cgt-arm_20.2.7.LTS/bin/armcl" -mv7M4 --code_state=16 --float_support=FPv4SPD16 -me -O2 --define=ccs="ccs" --define=PART_TM4C1294NCPDT --define=TARGET_IS_TM4C129_RA2 -g --gcc --diag_warning=225 --diag_wrap=off --display_error_number --gen_func_subsections=on --abi=eabi --ual -z -m"timers_ccs.map" --heap_size=0 --stack_size=256 -i"C:/ti/ccs1220/ccs/tools/compiler/ti-cgt-arm_20.2.7.LTS/lib" -i"C:/ti/ccs1220/ccs/tools/compiler/ti-cgt-arm_20.2.7.LTS/include" --reread_libs --diag_wrap=off --display_error_number --warn_sections --xml_link_info="timers_linkInfo.xml" --rom_model -o "timers.out" "./startup_ccs.obj" "./timers.obj" "./drivers/Kentec320x240x16_ssd2119_spi.obj" "./drivers/touch.obj" "./utils/uartstdio.obj" "../timers_ccs.cmd"  -l"C:/ti/TivaWare_C_Series-2.2.0.295/driverlib/ccs/Debug/driverlib.lib" -l"C:/ti/TivaWare_C_Series-2.2.0.295/grlib/ccs/Debug/grlib.lib" -llibc.a 
<Linking>
Finished building target: "timers.out"
 
"C:/ti/ccs1220/ccs/utils/tiobj2bin/tiobj2bin" "timers.out" "timers.bin" "C:/ti/ccs1220/ccs/tools/compiler/ti-cgt-arm_20.2.7.LTS/bin/armofd" "C:/ti/ccs1220/ccs/tools/compiler/ti-cgt-arm_20.2.7.LTS/bin/armhex" "C:/ti/ccs1220/ccs/utils/tiobj2bin/mkhex4bin"
 

**** Build Finished ****

**** Build of configuration Debug for project timers ****

"C:\\ti\\ccs1220\\ccs\\utils\\bin\\gmake" -k -j 20 all -O 
 
Building file: "../timers.c"
Invoking: ARM Compiler
"C:/ti/ccs1220/ccs/tools/compiler/ti-cgt-arm_20.2.7.LTS/bin/armcl" -mv7M4 --code_state=16 --float_support=FPv4SPD16 -me -O2 --include_path="C:/Users/n10467874/OneDrive - Queensland University of Technology/!EGH456/CCS-Workspace/timers" --include_path="C:/ti/TivaWare_C_Series-2.2.0.295/examples/boards/ek-tm4c1294xl-boostxl-kentec-s1" --include_path="C:/ti/TivaWare_C_Series-2.2.0.295" --include_path="C:/ti/ccs1220/ccs/tools/compiler/ti-cgt-arm_20.2.7.LTS/include" --define=ccs="ccs" --define=PART_TM4C1294NCPDT --define=TARGET_IS_TM4C129_RA2 -g --gcc --diag_warning=225 --diag_wrap=off --display_error_number --gen_func_subsections=on --abi=eabi --ual --preproc_with_compile --preproc_dependency="timers.d_raw"  "../timers.c"
Finished building: "../timers.c"
 
Building target: "timers.out"
Invoking: ARM Linker
"C:/ti/ccs1220/ccs/tools/compiler/ti-cgt-arm_20.2.7.LTS/bin/armcl" -mv7M4 --code_state=16 --float_support=FPv4SPD16 -me -O2 --define=ccs="ccs" --define=PART_TM4C1294NCPDT --define=TARGET_IS_TM4C129_RA2 -g --gcc --diag_warning=225 --diag_wrap=off --display_error_number --gen_func_subsections=on --abi=eabi --ual -z -m"timers_ccs.map" --heap_size=0 --stack_size=256 -i"C:/ti/ccs1220/ccs/tools/compiler/ti-cgt-arm_20.2.7.LTS/lib" -i"C:/ti/ccs1220/ccs/tools/compiler/ti-cgt-arm_20.2.7.LTS/include" --reread_libs --diag_wrap=off --display_error_number --warn_sections --xml_link_info="timers_linkInfo.xml" --rom_model -o "timers.out" "./startup_ccs.obj" "./timers.obj" "./drivers/Kentec320x240x16_ssd2119_spi.obj" "./drivers/touch.obj" "./utils/uartstdio.obj" "../timers_ccs.cmd"  -l"C:/ti/TivaWare_C_Series-2.2.0.295/driverlib/ccs/Debug/driverlib.lib" -l"C:/ti/TivaWare_C_Series-2.2.0.295/grlib/ccs/Debug/grlib.lib" -llibc.a 
<Linking>
Finished building target: "timers.out"
 
"C:/ti/ccs1220/ccs/utils/tiobj2bin/tiobj2bin" "timers.out" "timers.bin" "C:/ti/ccs1220/ccs/tools/compiler/ti-cgt-arm_20.2.7.LTS/bin/armofd" "C:/ti/ccs1220/ccs/tools/compiler/ti-cgt-arm_20.2.7.LTS/bin/armhex" "C:/ti/ccs1220/ccs/utils/tiobj2bin/mkhex4bin"
 

**** Build Finished ****

**** Build of configuration Debug for project timers ****

"C:\\ti\\ccs1220\\ccs\\utils\\bin\\gmake" -k -j 20 all -O 
 
gmake[1]: 'timers.out' is up to date.

**** Build Finished ****

**** Build of configuration Debug for project timers ****

"C:\\ti\\ccs1220\\ccs\\utils\\bin\\gmake" -k -j 20 all -O 
 
Building file: "../timers.c"
Invoking: ARM Compiler
"C:/ti/ccs1220/ccs/tools/compiler/ti-cgt-arm_20.2.7.LTS/bin/armcl" -mv7M4 --code_state=16 --float_support=FPv4SPD16 -me -O2 --include_path="C:/Users/n10467874/OneDrive - Queensland University of Technology/!EGH456/CCS-Workspace/timers" --include_path="C:/ti/TivaWare_C_Series-2.2.0.295/examples/boards/ek-tm4c1294xl-boostxl-kentec-s1" --include_path="C:/ti/TivaWare_C_Series-2.2.0.295" --include_path="C:/ti/ccs1220/ccs/tools/compiler/ti-cgt-arm_20.2.7.LTS/include" --define=ccs="ccs" --define=PART_TM4C1294NCPDT --define=TARGET_IS_TM4C129_RA2 -g --gcc --diag_warning=225 --diag_wrap=off --display_error_number --gen_func_subsections=on --abi=eabi --ual --preproc_with_compile --preproc_dependency="timers.d_raw"  "../timers.c"
 
>> Compilation failure
subdir_rules.mk:9: recipe for target 'timers.obj' failed
"../timers.c", line 268: warning #225-D: function "uDMAControlBaseSet" declared implicitly
"../timers.c", line 268: error #20: identifier "psDMAControlTable" is undefined
"../timers.c", line 269: warning #225-D: function "uDMAEnable" declared implicitly
1 error detected in the compilation of "../timers.c".
gmake: *** [timers.obj] Error 1
gmake: Target 'all' not remade because of errors.

**** Build Finished ****

**** Build of configuration Debug for project timers ****

"C:\\ti\\ccs1220\\ccs\\utils\\bin\\gmake" -k -j 20 all -O 
 
Building file: "../timers.c"
Invoking: ARM Compiler
"C:/ti/ccs1220/ccs/tools/compiler/ti-cgt-arm_20.2.7.LTS/bin/armcl" -mv7M4 --code_state=16 --float_support=FPv4SPD16 -me -O2 --include_path="C:/Users/n10467874/OneDrive - Queensland University of Technology/!EGH456/CCS-Workspace/timers" --include_path="C:/ti/TivaWare_C_Series-2.2.0.295/examples/boards/ek-tm4c1294xl-boostxl-kentec-s1" --include_path="C:/ti/TivaWare_C_Series-2.2.0.295" --include_path="C:/ti/ccs1220/ccs/tools/compiler/ti-cgt-arm_20.2.7.LTS/include" --define=ccs="ccs" --define=PART_TM4C1294NCPDT --define=TARGET_IS_TM4C129_RA2 -g --gcc --diag_warning=225 --diag_wrap=off --display_error_number --gen_func_subsections=on --abi=eabi --ual --preproc_with_compile --preproc_dependency="timers.d_raw"  "../timers.c"
 
>> Compilation failure
subdir_rules.mk:9: recipe for target 'timers.obj' failed
"../timers.c", line 268: warning #225-D: function "uDMAControlBaseSet" declared implicitly
"../timers.c", line 268: error #20: identifier "psDMAControlTable" is undefined
"../timers.c", line 269: warning #225-D: function "uDMAEnable" declared implicitly
1 error detected in the compilation of "../timers.c".
gmake: *** [timers.obj] Error 1
gmake: Target 'all' not remade because of errors.

**** Build Finished ****

**** Build of configuration Debug for project timers ****

"C:\\ti\\ccs1220\\ccs\\utils\\bin\\gmake" -k -j 20 all -O 
 
Building file: "../timers.c"
Invoking: ARM Compiler
"C:/ti/ccs1220/ccs/tools/compiler/ti-cgt-arm_20.2.7.LTS/bin/armcl" -mv7M4 --code_state=16 --float_support=FPv4SPD16 -me -O2 --include_path="C:/Users/n10467874/OneDrive - Queensland University of Technology/!EGH456/CCS-Workspace/timers" --include_path="C:/ti/TivaWare_C_Series-2.2.0.295/examples/boards/ek-tm4c1294xl-boostxl-kentec-s1" --include_path="C:/ti/TivaWare_C_Series-2.2.0.295" --include_path="C:/ti/ccs1220/ccs/tools/compiler/ti-cgt-arm_20.2.7.LTS/include" --define=ccs="ccs" --define=PART_TM4C1294NCPDT --define=TARGET_IS_TM4C129_RA2 -g --gcc --diag_warning=225 --diag_wrap=off --display_error_number --gen_func_subsections=on --abi=eabi --ual --preproc_with_compile --preproc_dependency="timers.d_raw"  "../timers.c"
Finished building: "../timers.c"
 
Building target: "timers.out"
Invoking: ARM Linker
"C:/ti/ccs1220/ccs/tools/compiler/ti-cgt-arm_20.2.7.LTS/bin/armcl" -mv7M4 --code_state=16 --float_support=FPv4SPD16 -me -O2 --define=ccs="ccs" --define=PART_TM4C1294NCPDT --define=TARGET_IS_TM4C129_RA2 -g --gcc --diag_warning=225 --diag_wrap=off --display_error_number --gen_func_subsections=on --abi=eabi --ual -z -m"timers_ccs.map" --heap_size=0 --stack_size=256 -i"C:/ti/ccs1220/ccs/tools/compiler/ti-cgt-arm_20.2.7.LTS/lib" -i"C:/ti/ccs1220/ccs/tools/compiler/ti-cgt-arm_20.2.7.LTS/include" --reread_libs --diag_wrap=off --display_error_number --warn_sections --xml_link_info="timers_linkInfo.xml" --rom_model -o "timers.out" "./startup_ccs.obj" "./timers.obj" "./drivers/Kentec320x240x16_ssd2119_spi.obj" "./drivers/touch.obj" "./utils/uartstdio.obj" "../timers_ccs.cmd"  -l"C:/ti/TivaWare_C_Series-2.2.0.295/driverlib/ccs/Debug/driverlib.lib" -l"C:/ti/TivaWare_C_Series-2.2.0.295/grlib/ccs/Debug/grlib.lib" -llibc.a 
<Linking>
Finished building target: "timers.out"
 
"C:/ti/ccs1220/ccs/utils/tiobj2bin/tiobj2bin" "timers.out" "timers.bin" "C:/ti/ccs1220/ccs/tools/compiler/ti-cgt-arm_20.2.7.LTS/bin/armofd" "C:/ti/ccs1220/ccs/tools/compiler/ti-cgt-arm_20.2.7.LTS/bin/armhex" "C:/ti/ccs1220/ccs/utils/tiobj2bin/mkhex4bin"
 

**** Build Finished ****

**** Build of configuration Debug for project timers ****

"C:\\ti\\ccs1220\\ccs\\utils\\bin\\gmake" -k -j 20 all -O 
 
Building file: "../timers.c"
Invoking: ARM Compiler
"C:/ti/ccs1220/ccs/tools/compiler/ti-cgt-arm_20.2.7.LTS/bin/armcl" -mv7M4 --code_state=16 --float_support=FPv4SPD16 -me -O2 --include_path="C:/Users/n10467874/OneDrive - Queensland University of Technology/!EGH456/CCS-Workspace/timers" --include_path="C:/ti/TivaWare_C_Series-2.2.0.295/examples/boards/ek-tm4c1294xl-boostxl-kentec-s1" --include_path="C:/ti/TivaWare_C_Series-2.2.0.295" --include_path="C:/ti/ccs1220/ccs/tools/compiler/ti-cgt-arm_20.2.7.LTS/include" --define=ccs="ccs" --define=PART_TM4C1294NCPDT --define=TARGET_IS_TM4C129_RA2 -g --gcc --diag_warning=225 --diag_wrap=off --display_error_number --gen_func_subsections=on --abi=eabi --ual --preproc_with_compile --preproc_dependency="timers.d_raw"  "../timers.c"
 
>> Compilation failure
subdir_rules.mk:9: recipe for target 'timers.obj' failed
"../timers.c", line 91: warning #78-D: this declaration has no storage class or type specifier
"../timers.c", line 91: error #66: expected a ";"
"../timers.c", line 92: warning #78-D: this declaration has no storage class or type specifier
"../timers.c", line 92: error #66: expected a ";"
"../timers.c", line 93: warning #78-D: this declaration has no storage class or type specifier
"../timers.c", line 93: error #66: expected a ";"
"../timers.c", line 94: warning #78-D: this declaration has no storage class or type specifier
"../timers.c", line 94: error #66: expected a ";"
"../timers.c", line 130: error #41: expected an identifier
"../timers.c", line 130: error #66: expected a ";"
"../timers.c", line 132: error #20: identifier "sContext" is undefined
"../timers.c", line 133: error #20: identifier "sContext" is undefined
"../timers.c", line 133: warning #169-D: argument of type "int *" is incompatible with parameter of type "const tRectangle *"
"../timers.c", line 139: warning #169-D: argument of type "int *" is incompatible with parameter of type "const tRectangle *"
"../timers.c", line 145: error #20: identifier "string" is undefined
"../timers.c", line 149: error #171: expected a declaration
"../timers.c", line 179: warning #12-D: parsing restarts here after previous syntax error
"../timers.c", line 180: warning #78-D: this declaration has no storage class or type specifier
"../timers.c", line 180: error #28: expression must have a constant value
"../timers.c", line 180: error #28: expression must have a constant value
"../timers.c", line 180: error #45: expression must have pointer type
"../timers.c", line 181: warning #78-D: this declaration has no storage class or type specifier
"../timers.c", line 181: error #28: expression must have a constant value
"../timers.c", line 181: error #28: expression must have a constant value
"../timers.c", line 181: error #45: expression must have pointer type
"../timers.c", line 182: error #80: expected a type specifier
"../timers.c", line 182: error #760: variable "cOne" is not a type name
"../timers.c", line 182: error #760: variable "cTwo" is not a type name
"../timers.c", line 182: warning #78-D: this declaration has no storage class or type specifier
"../timers.c", line 182: error #148: declaration is incompatible with "void UARTprintf(const char *, ...)" (declared at line 65 of "C:/ti/TivaWare_C_Series-2.2.0.295/utils/uartstdio.h")
"../timers.c", line 183: error #41: expected an identifier
"../timers.c", line 183: error #80: expected a type specifier
"../timers.c", line 183: error #91: function returning function is not allowed
"../timers.c", line 183: error #80: expected a type specifier
"../timers.c", line 185: error #41: expected an identifier
"../timers.c", line 185: error #66: expected a ";"
"../timers.c", line 187: error #171: expected a declaration
"../timers.c", line 188: error #80: expected a type specifier
"../timers.c", line 188: error #80: expected a type specifier
"../timers.c", line 188: warning #78-D: this declaration has no storage class or type specifier
"../timers.c", line 188: error #148: declaration is incompatible with "void GrRectFill(const tContext *, const tRectangle *)" (declared at line 2136 of "C:/ti/TivaWare_C_Series-2.2.0.295/grlib/grlib.h")
"../timers.c", line 193: error #171: expected a declaration
"../timers.c", line 194: error #80: expected a type specifier
"../timers.c", line 194: error #80: expected a type specifier
"../timers.c", line 194: warning #78-D: this declaration has no storage class or type specifier
"../timers.c", line 194: error #148: declaration is incompatible with "void GrRectDraw(const tContext *, const tRectangle *)" (declared at line 2135 of "C:/ti/TivaWare_C_Series-2.2.0.295/grlib/grlib.h")
"../timers.c", line 199: error #80: expected a type specifier
"../timers.c", line 199: error #80: expected a type specifier
"../timers.c", line 199: warning #78-D: this declaration has no storage class or type specifier
"../timers.c", line 199: error #148: declaration is incompatible with "void GrContextFontSet(tContext *, const tFont *)" (declared at line 1001 of "C:/ti/TivaWare_C_Series-2.2.0.295/grlib/grlib.h")
"../timers.c", line 200: error #171: expected a declaration
"../timers.c", line 203: error #171: expected a declaration
"../timers.c", line 233: warning #12-D: parsing restarts here after previous syntax error
"../timers.c", line 234: error #171: expected a declaration
"../timers.c", line 269: warning #12-D: parsing restarts here after previous syntax error
"../timers.c", line 270: warning #78-D: this declaration has no storage class or type specifier
"../timers.c", line 270: error #148: declaration is incompatible with "void FPULazyStackingEnable(void)" (declared at line 97 of "C:/ti/TivaWare_C_Series-2.2.0.295/driverlib/fpu.h")
"../timers.c", line 276: warning #78-D: this declaration has no storage class or type specifier
"../timers.c", line 276: warning #93-D: identifier-list parameters may only be used in a function definition
"../timers.c", line 276: error #148: declaration is incompatible with "void Kentec320x240x16_SSD2119Init(uint32_t)" (declared at line 31 of "C:/ti/TivaWare_C_Series-2.2.0.295/examples/boards/ek-tm4c1294xl-boostxl-kentec-s1/drivers/Kentec320x240x16_ssd2119_spi.h")
"../timers.c", line 281: error #80: expected a type specifier
"../timers.c", line 281: error #80: expected a type specifier
"../timers.c", line 281: warning #78-D: this declaration has no storage class or type specifier
"../timers.c", line 281: error #148: declaration is incompatible with "void GrContextInit(tContext *, const tDisplay *)" (declared at line 2108 of "C:/ti/TivaWare_C_Series-2.2.0.295/grlib/grlib.h")
"../timers.c", line 287: error #171: expected a declaration
"../timers.c", line 288: error #80: expected a type specifier
"../timers.c", line 288: error #80: expected a type specifier
"../timers.c", line 288: warning #78-D: this declaration has no storage class or type specifier
"../timers.c", line 293: error #171: expected a declaration
"../timers.c", line 294: error #80: expected a type specifier
"../timers.c", line 294: error #80: expected a type specifier
"../timers.c", line 294: warning #78-D: this declaration has no storage class or type specifier
"../timers.c", line 299: error #80: expected a type specifier
"../timers.c", line 299: error #80: expected a type specifier
"../timers.c", line 299: warning #78-D: this declaration has no storage class or type specifier
"../timers.c", line 300: error #171: expected a declaration
"../timers.c", line 307: error #80: expected a type specifier
"../timers.c", line 307: warning #78-D: this declaration has no storage class or type specifier
"../timers.c", line 307: error #148: declaration is incompatible with "void SysCtlPeripheralEnable(uint32_t)" (declared at line 605 of "C:/ti/TivaWare_C_Series-2.2.0.295/driverlib/sysctl.h")
"../timers.c", line 308: error #80: expected a type specifier
"../timers.c", line 308: warning #78-D: this declaration has no storage class or type specifier
"../timers.c", line 308: error #148: declaration is incompatible with "void SysCtlDelay(uint32_t)" (declared at line 631 of "C:/ti/TivaWare_C_Series-2.2.0.295/driverlib/sysctl.h")
"../timers.c", line 315: warning #78-D: this declaration has no storage class or type specifier
"../timers.c", line 315: warning #93-D: identifier-list parameters may only be used in a function definition
"../timers.c", line 315: error #148: declaration is incompatible with "void TouchScreenInit(uint32_t)" (declared at line 45 of "C:/ti/TivaWare_C_Series-2.2.0.295/examples/boards/ek-tm4c1294xl-boostxl-kentec-s1/drivers/touch.h")
"../timers.c", line 316: warning #78-D: this declaration has no storage class or type specifier
"../timers.c", line 316: warning #93-D: identifier-list parameters may only be used in a function definition
"../timers.c", line 316: error #148: declaration is incompatible with "void TouchScreenCallbackSet(int32_t (*)(uint32_t, int32_t, int32_t))" (declared at line 46 of "C:/ti/TivaWare_C_Series-2.2.0.295/examples/boards/ek-tm4c1294xl-boostxl-kentec-s1/drivers/touch.h")
"../timers.c", line 320: warning #78-D: this declaration has no storage class or type specifier
"../timers.c", line 322: error #80: expected a type specifier
"../timers.c", line 322: warning #78-D: this declaration has no storage class or type specifier
"../timers.c", line 322: error #148: declaration is incompatible with "int UARTprintf(<error-type>, <error-type>, <error-type>)" (declared at line 182)
"../timers.c", line 323: error #80: expected a type specifier
"../timers.c", line 323: warning #78-D: this declaration has no storage class or type specifier
"../timers.c", line 328: error #41: expected an identifier
"../timers.c", line 328: error #80: expected a type specifier
"../timers.c", line 328: error #91: function returning function is not allowed
"../timers.c", line 328: error #80: expected a type specifier
"../timers.c", line 328: error #80: expected a type specifier
"../timers.c", line 333: error #41: expected an identifier
"../timers.c", line 333: error #80: expected a type specifier
"../timers.c", line 333: error #91: function returning function is not allowed
"../timers.c", line 333: error #80: expected a type specifier
"../timers.c", line 333: error #80: expected a type specifier
"../timers.c", line 333: error #80: expected a type specifier
"../timers.c", line 339: error #41: expected an identifier
"../timers.c", line 339: error #80: expected a type specifier
"../timers.c", line 339: error #91: function returning function is not allowed
"../timers.c", line 339: error #80: expected a type specifier
"../timers.c", line 339: error #80: expected a type specifier
"../timers.c", line 340: error #41: expected an identifier
"../timers.c", line 340: error #80: expected a type specifier
"../timers.c", line 340: error #91: function returning function is not allowed
"../timers.c", line 340: error #80: expected a type specifier
"../timers.c", line 340: error #80: expected a type specifier
"../timers.c", line 345: error #41: expected an identifier
"../timers.c", line 345: error #80: expected a type specifier
"../timers.c", line 345: error #91: function returning function is not allowed
"../timers.c", line 345: error #80: expected a type specifier
"../timers.c", line 350: error #41: expected an identifier
"../timers.c", line 350: error #80: expected a type specifier
"../timers.c", line 350: error #91: function returning function is not allowed
"../timers.c", line 350: error #80: expected a type specifier
"../timers.c", line 350: error #80: expected a type specifier
"../timers.c", line 350: error #80: expected a type specifier
"../timers.c", line 351: error #41: expected an identifier
"../timers.c", line 351: error #80: expected a type specifier
"../timers.c", line 351: error #91: function returning function is not allowed
"../timers.c", line 351: error #80: expected a type specifier
"../timers.c", line 351: error #80: expected a type specifier
"../timers.c", line 351: error #80: expected a type specifier
Error limit reached.
100 errors detected in the compilation of "../timers.c".
Compilation terminated.
gmake: *** [timers.obj] Error 1
gmake: Target 'all' not remade because of errors.

**** Build Finished ****

**** Build of configuration Debug for project timers ****

"C:\\ti\\ccs1220\\ccs\\utils\\bin\\gmake" -k -j 20 all -O 
 
Building file: "../timers.c"
Invoking: ARM Compiler
"C:/ti/ccs1220/ccs/tools/compiler/ti-cgt-arm_20.2.7.LTS/bin/armcl" -mv7M4 --code_state=16 --float_support=FPv4SPD16 -me -O2 --include_path="C:/Users/n10467874/OneDrive - Queensland University of Technology/!EGH456/CCS-Workspace/timers" --include_path="C:/ti/TivaWare_C_Series-2.2.0.295/examples/boards/ek-tm4c1294xl-boostxl-kentec-s1" --include_path="C:/ti/TivaWare_C_Series-2.2.0.295" --include_path="C:/ti/ccs1220/ccs/tools/compiler/ti-cgt-arm_20.2.7.LTS/include" --define=ccs="ccs" --define=PART_TM4C1294NCPDT --define=TARGET_IS_TM4C129_RA2 -g --gcc --diag_warning=225 --diag_wrap=off --display_error_number --gen_func_subsections=on --abi=eabi --ual --preproc_with_compile --preproc_dependency="timers.d_raw"  "../timers.c"
 
>> Compilation failure
subdir_rules.mk:9: recipe for target 'timers.obj' failed
"../timers.c", line 91: warning #78-D: this declaration has no storage class or type specifier
"../timers.c", line 91: error #66: expected a ";"
"../timers.c", line 92: warning #78-D: this declaration has no storage class or type specifier
"../timers.c", line 92: error #66: expected a ";"
"../timers.c", line 93: warning #78-D: this declaration has no storage class or type specifier
"../timers.c", line 93: error #66: expected a ";"
"../timers.c", line 94: warning #78-D: this declaration has no storage class or type specifier
"../timers.c", line 94: error #66: expected a ";"
"../timers.c", line 130: error #41: expected an identifier
"../timers.c", line 130: error #66: expected a ";"
"../timers.c", line 132: error #20: identifier "sContext" is undefined
"../timers.c", line 133: error #20: identifier "sContext" is undefined
"../timers.c", line 133: warning #169-D: argument of type "int *" is incompatible with parameter of type "const tRectangle *"
"../timers.c", line 139: warning #169-D: argument of type "int *" is incompatible with parameter of type "const tRectangle *"
"../timers.c", line 145: warning #225-D: function "GrscreenTextDrawCentered" declared implicitly
"../timers.c", line 145: error #20: identifier "screenText" is undefined
"../timers.c", line 149: error #171: expected a declaration
"../timers.c", line 179: warning #12-D: parsing restarts here after previous syntax error
"../timers.c", line 180: warning #78-D: this declaration has no storage class or type specifier
"../timers.c", line 180: error #28: expression must have a constant value
"../timers.c", line 180: error #28: expression must have a constant value
"../timers.c", line 180: error #45: expression must have pointer type
"../timers.c", line 181: warning #78-D: this declaration has no storage class or type specifier
"../timers.c", line 181: error #28: expression must have a constant value
"../timers.c", line 181: error #28: expression must have a constant value
"../timers.c", line 181: error #45: expression must have pointer type
"../timers.c", line 182: error #80: expected a type specifier
"../timers.c", line 182: error #760: variable "cOne" is not a type name
"../timers.c", line 182: error #760: variable "cTwo" is not a type name
"../timers.c", line 182: warning #78-D: this declaration has no storage class or type specifier
"../timers.c", line 182: error #148: declaration is incompatible with "void UARTprintf(const char *, ...)" (declared at line 65 of "C:/ti/TivaWare_C_Series-2.2.0.295/utils/uartstdio.h")
"../timers.c", line 183: error #41: expected an identifier
"../timers.c", line 183: error #80: expected a type specifier
"../timers.c", line 183: error #91: function returning function is not allowed
"../timers.c", line 183: error #80: expected a type specifier
"../timers.c", line 185: error #41: expected an identifier
"../timers.c", line 185: error #66: expected a ";"
"../timers.c", line 187: error #171: expected a declaration
"../timers.c", line 188: error #80: expected a type specifier
"../timers.c", line 188: error #80: expected a type specifier
"../timers.c", line 188: warning #78-D: this declaration has no storage class or type specifier
"../timers.c", line 188: error #148: declaration is incompatible with "void GrRectFill(const tContext *, const tRectangle *)" (declared at line 2136 of "C:/ti/TivaWare_C_Series-2.2.0.295/grlib/grlib.h")
"../timers.c", line 193: error #171: expected a declaration
"../timers.c", line 194: error #80: expected a type specifier
"../timers.c", line 194: error #80: expected a type specifier
"../timers.c", line 194: warning #78-D: this declaration has no storage class or type specifier
"../timers.c", line 194: error #148: declaration is incompatible with "void GrRectDraw(const tContext *, const tRectangle *)" (declared at line 2135 of "C:/ti/TivaWare_C_Series-2.2.0.295/grlib/grlib.h")
"../timers.c", line 199: error #80: expected a type specifier
"../timers.c", line 199: error #80: expected a type specifier
"../timers.c", line 199: warning #78-D: this declaration has no storage class or type specifier
"../timers.c", line 199: error #148: declaration is incompatible with "void GrContextFontSet(tContext *, const tFont *)" (declared at line 1001 of "C:/ti/TivaWare_C_Series-2.2.0.295/grlib/grlib.h")
"../timers.c", line 200: error #80: expected a type specifier
"../timers.c", line 200: error #20: identifier "screenText" is undefined
"../timers.c", line 200: error #80: expected a type specifier
"../timers.c", line 201: error #80: expected a type specifier
"../timers.c", line 201: error #80: expected a type specifier
"../timers.c", line 201: error #80: expected a type specifier
"../timers.c", line 200: warning #78-D: this declaration has no storage class or type specifier
"../timers.c", line 203: error #171: expected a declaration
"../timers.c", line 233: warning #12-D: parsing restarts here after previous syntax error
"../timers.c", line 234: error #171: expected a declaration
"../timers.c", line 269: warning #12-D: parsing restarts here after previous syntax error
"../timers.c", line 270: warning #78-D: this declaration has no storage class or type specifier
"../timers.c", line 270: error #148: declaration is incompatible with "void FPULazyStackingEnable(void)" (declared at line 97 of "C:/ti/TivaWare_C_Series-2.2.0.295/driverlib/fpu.h")
"../timers.c", line 276: warning #78-D: this declaration has no storage class or type specifier
"../timers.c", line 276: warning #93-D: identifier-list parameters may only be used in a function definition
"../timers.c", line 276: error #148: declaration is incompatible with "void Kentec320x240x16_SSD2119Init(uint32_t)" (declared at line 31 of "C:/ti/TivaWare_C_Series-2.2.0.295/examples/boards/ek-tm4c1294xl-boostxl-kentec-s1/drivers/Kentec320x240x16_ssd2119_spi.h")
"../timers.c", line 281: error #80: expected a type specifier
"../timers.c", line 281: error #80: expected a type specifier
"../timers.c", line 281: warning #78-D: this declaration has no storage class or type specifier
"../timers.c", line 281: error #148: declaration is incompatible with "void GrContextInit(tContext *, const tDisplay *)" (declared at line 2108 of "C:/ti/TivaWare_C_Series-2.2.0.295/grlib/grlib.h")
"../timers.c", line 287: error #171: expected a declaration
"../timers.c", line 288: error #80: expected a type specifier
"../timers.c", line 288: error #80: expected a type specifier
"../timers.c", line 288: warning #78-D: this declaration has no storage class or type specifier
"../timers.c", line 293: error #171: expected a declaration
"../timers.c", line 294: error #80: expected a type specifier
"../timers.c", line 294: error #80: expected a type specifier
"../timers.c", line 294: warning #78-D: this declaration has no storage class or type specifier
"../timers.c", line 299: error #80: expected a type specifier
"../timers.c", line 299: error #80: expected a type specifier
"../timers.c", line 299: warning #78-D: this declaration has no storage class or type specifier
"../timers.c", line 300: error #80: expected a type specifier
"../timers.c", line 300: error #80: expected a type specifier
"../timers.c", line 300: error #80: expected a type specifier
"../timers.c", line 301: error #80: expected a type specifier
"../timers.c", line 301: error #80: expected a type specifier
"../timers.c", line 301: error #80: expected a type specifier
"../timers.c", line 300: warning #78-D: this declaration has no storage class or type specifier
"../timers.c", line 307: error #80: expected a type specifier
"../timers.c", line 307: warning #78-D: this declaration has no storage class or type specifier
"../timers.c", line 307: error #148: declaration is incompatible with "void SysCtlPeripheralEnable(uint32_t)" (declared at line 605 of "C:/ti/TivaWare_C_Series-2.2.0.295/driverlib/sysctl.h")
"../timers.c", line 308: error #80: expected a type specifier
"../timers.c", line 308: warning #78-D: this declaration has no storage class or type specifier
"../timers.c", line 308: error #148: declaration is incompatible with "void SysCtlDelay(uint32_t)" (declared at line 631 of "C:/ti/TivaWare_C_Series-2.2.0.295/driverlib/sysctl.h")
"../timers.c", line 315: warning #78-D: this declaration has no storage class or type specifier
"../timers.c", line 315: warning #93-D: identifier-list parameters may only be used in a function definition
"../timers.c", line 315: error #148: declaration is incompatible with "void TouchScreenInit(uint32_t)" (declared at line 45 of "C:/ti/TivaWare_C_Series-2.2.0.295/examples/boards/ek-tm4c1294xl-boostxl-kentec-s1/drivers/touch.h")
"../timers.c", line 316: warning #78-D: this declaration has no storage class or type specifier
"../timers.c", line 316: warning #93-D: identifier-list parameters may only be used in a function definition
"../timers.c", line 316: error #148: declaration is incompatible with "void TouchScreenCallbackSet(int32_t (*)(uint32_t, int32_t, int32_t))" (declared at line 46 of "C:/ti/TivaWare_C_Series-2.2.0.295/examples/boards/ek-tm4c1294xl-boostxl-kentec-s1/drivers/touch.h")
"../timers.c", line 320: warning #78-D: this declaration has no storage class or type specifier
"../timers.c", line 322: error #80: expected a type specifier
"../timers.c", line 322: warning #78-D: this declaration has no storage class or type specifier
"../timers.c", line 322: error #148: declaration is incompatible with "int UARTprintf(<error-type>, <error-type>, <error-type>)" (declared at line 182)
"../timers.c", line 323: error #80: expected a type specifier
"../timers.c", line 323: warning #78-D: this declaration has no storage class or type specifier
"../timers.c", line 328: error #41: expected an identifier
"../timers.c", line 328: error #80: expected a type specifier
"../timers.c", line 328: error #91: function returning function is not allowed
"../timers.c", line 328: error #80: expected a type specifier
"../timers.c", line 328: error #80: expected a type specifier
"../timers.c", line 333: error #41: expected an identifier
"../timers.c", line 333: error #80: expected a type specifier
"../timers.c", line 333: error #91: function returning function is not allowed
"../timers.c", line 333: error #80: expected a type specifier
"../timers.c", line 333: error #80: expected a type specifier
"../timers.c", line 333: error #80: expected a type specifier
"../timers.c", line 339: error #41: expected an identifier
"../timers.c", line 339: error #80: expected a type specifier
"../timers.c", line 339: error #91: function returning function is not allowed
"../timers.c", line 339: error #80: expected a type specifier
"../timers.c", line 339: error #80: expected a type specifier
"../timers.c", line 340: error #41: expected an identifier
"../timers.c", line 340: error #80: expected a type specifier
"../timers.c", line 340: error #91: function returning function is not allowed
"../timers.c", line 340: error #80: expected a type specifier
"../timers.c", line 340: error #80: expected a type specifier
"../timers.c", line 345: error #41: expected an identifier
"../timers.c", line 345: error #80: expected a type specifier
"../timers.c", line 345: error #91: function returning function is not allowed
"../timers.c", line 345: error #80: expected a type specifier
"../timers.c", line 350: error #41: expected an identifier
"../timers.c", line 350: error #80: expected a type specifier
Error limit reached.
100 errors detected in the compilation of "../timers.c".
Compilation terminated.
gmake: *** [timers.obj] Error 1
gmake: Target 'all' not remade because of errors.

**** Build Finished ****

**** Build of configuration Debug for project timers ****

"C:\\ti\\ccs1220\\ccs\\utils\\bin\\gmake" -k -j 20 all -O 
 
Building file: "../timers.c"
Invoking: ARM Compiler
"C:/ti/ccs1220/ccs/tools/compiler/ti-cgt-arm_20.2.7.LTS/bin/armcl" -mv7M4 --code_state=16 --float_support=FPv4SPD16 -me -O2 --include_path="C:/Users/n10467874/OneDrive - Queensland University of Technology/!EGH456/CCS-Workspace/timers" --include_path="C:/ti/TivaWare_C_Series-2.2.0.295/examples/boards/ek-tm4c1294xl-boostxl-kentec-s1" --include_path="C:/ti/TivaWare_C_Series-2.2.0.295" --include_path="C:/ti/ccs1220/ccs/tools/compiler/ti-cgt-arm_20.2.7.LTS/include" --define=ccs="ccs" --define=PART_TM4C1294NCPDT --define=TARGET_IS_TM4C129_RA2 -g --gcc --diag_warning=225 --diag_wrap=off --display_error_number --gen_func_subsections=on --abi=eabi --ual --preproc_with_compile --preproc_dependency="timers.d_raw"  "../timers.c"
 
>> Compilation failure
subdir_rules.mk:9: recipe for target 'timers.obj' failed
"../timers.c", line 91: warning #78-D: this declaration has no storage class or type specifier
"../timers.c", line 91: error #66: expected a ";"
"../timers.c", line 92: warning #78-D: this declaration has no storage class or type specifier
"../timers.c", line 92: error #66: expected a ";"
"../timers.c", line 93: warning #78-D: this declaration has no storage class or type specifier
"../timers.c", line 93: error #66: expected a ";"
"../timers.c", line 94: warning #78-D: this declaration has no storage class or type specifier
"../timers.c", line 94: error #66: expected a ";"
"../timers.c", line 132: error #20: identifier "sContext" is undefined
"../timers.c", line 133: error #20: identifier "sContext" is undefined
"../timers.c", line 133: warning #169-D: argument of type "int *" is incompatible with parameter of type "const tRectangle *"
"../timers.c", line 139: warning #169-D: argument of type "int *" is incompatible with parameter of type "const tRectangle *"
"../timers.c", line 145: warning #225-D: function "GrscreenTextDrawCentered" declared implicitly
"../timers.c", line 145: warning #225-D: function "snprint" declared implicitly
"../timers.c", line 149: error #171: expected a declaration
"../timers.c", line 179: warning #12-D: parsing restarts here after previous syntax error
"../timers.c", line 180: warning #78-D: this declaration has no storage class or type specifier
"../timers.c", line 180: error #28: expression must have a constant value
"../timers.c", line 180: error #28: expression must have a constant value
"../timers.c", line 180: error #45: expression must have pointer type
"../timers.c", line 181: warning #78-D: this declaration has no storage class or type specifier
"../timers.c", line 181: error #28: expression must have a constant value
"../timers.c", line 181: error #28: expression must have a constant value
"../timers.c", line 181: error #45: expression must have pointer type
"../timers.c", line 182: error #80: expected a type specifier
"../timers.c", line 182: error #760: variable "cOne" is not a type name
"../timers.c", line 182: error #760: variable "cTwo" is not a type name
"../timers.c", line 182: warning #78-D: this declaration has no storage class or type specifier
"../timers.c", line 182: error #148: declaration is incompatible with "void UARTprintf(const char *, ...)" (declared at line 65 of "C:/ti/TivaWare_C_Series-2.2.0.295/utils/uartstdio.h")
"../timers.c", line 183: error #41: expected an identifier
"../timers.c", line 183: error #80: expected a type specifier
"../timers.c", line 183: error #91: function returning function is not allowed
"../timers.c", line 183: error #80: expected a type specifier
"../timers.c", line 187: error #171: expected a declaration
"../timers.c", line 188: error #80: expected a type specifier
"../timers.c", line 188: error #80: expected a type specifier
"../timers.c", line 188: warning #78-D: this declaration has no storage class or type specifier
"../timers.c", line 188: error #148: declaration is incompatible with "void GrRectFill(const tContext *, const tRectangle *)" (declared at line 2136 of "C:/ti/TivaWare_C_Series-2.2.0.295/grlib/grlib.h")
"../timers.c", line 193: error #171: expected a declaration
"../timers.c", line 194: error #80: expected a type specifier
"../timers.c", line 194: error #80: expected a type specifier
"../timers.c", line 194: warning #78-D: this declaration has no storage class or type specifier
"../timers.c", line 194: error #148: declaration is incompatible with "void GrRectDraw(const tContext *, const tRectangle *)" (declared at line 2135 of "C:/ti/TivaWare_C_Series-2.2.0.295/grlib/grlib.h")
"../timers.c", line 199: error #80: expected a type specifier
"../timers.c", line 199: error #80: expected a type specifier
"../timers.c", line 199: warning #78-D: this declaration has no storage class or type specifier
"../timers.c", line 199: error #148: declaration is incompatible with "void GrContextFontSet(tContext *, const tFont *)" (declared at line 1001 of "C:/ti/TivaWare_C_Series-2.2.0.295/grlib/grlib.h")
"../timers.c", line 200: error #80: expected a type specifier
"../timers.c", line 200: error #20: identifier "snprint" is undefined
"../timers.c", line 200: error #18: expected a ")"
"../timers.c", line 200: error #760: variable "cOne" is not a type name
"../timers.c", line 200: error #760: variable "cTwo" is not a type name
"../timers.c", line 200: warning #78-D: this declaration has no storage class or type specifier
"../timers.c", line 200: error #41: expected an identifier
"../timers.c", line 201: error #41: expected an identifier
"../timers.c", line 201: error #18: expected a ")"
"../timers.c", line 201: error #18: expected a ")"
"../timers.c", line 201: error #66: expected a ";"
"../timers.c", line 203: error #171: expected a declaration
"../timers.c", line 233: warning #12-D: parsing restarts here after previous syntax error
"../timers.c", line 234: error #171: expected a declaration
"../timers.c", line 269: warning #12-D: parsing restarts here after previous syntax error
"../timers.c", line 270: warning #78-D: this declaration has no storage class or type specifier
"../timers.c", line 270: error #148: declaration is incompatible with "void FPULazyStackingEnable(void)" (declared at line 97 of "C:/ti/TivaWare_C_Series-2.2.0.295/driverlib/fpu.h")
"../timers.c", line 276: warning #78-D: this declaration has no storage class or type specifier
"../timers.c", line 276: warning #93-D: identifier-list parameters may only be used in a function definition
"../timers.c", line 276: error #148: declaration is incompatible with "void Kentec320x240x16_SSD2119Init(uint32_t)" (declared at line 31 of "C:/ti/TivaWare_C_Series-2.2.0.295/examples/boards/ek-tm4c1294xl-boostxl-kentec-s1/drivers/Kentec320x240x16_ssd2119_spi.h")
"../timers.c", line 281: error #80: expected a type specifier
"../timers.c", line 281: error #80: expected a type specifier
"../timers.c", line 281: warning #78-D: this declaration has no storage class or type specifier
"../timers.c", line 281: error #148: declaration is incompatible with "void GrContextInit(tContext *, const tDisplay *)" (declared at line 2108 of "C:/ti/TivaWare_C_Series-2.2.0.295/grlib/grlib.h")
"../timers.c", line 287: error #171: expected a declaration
"../timers.c", line 288: error #80: expected a type specifier
"../timers.c", line 288: error #80: expected a type specifier
"../timers.c", line 288: warning #78-D: this declaration has no storage class or type specifier
"../timers.c", line 293: error #171: expected a declaration
"../timers.c", line 294: error #80: expected a type specifier
"../timers.c", line 294: error #80: expected a type specifier
"../timers.c", line 294: warning #78-D: this declaration has no storage class or type specifier
"../timers.c", line 299: error #80: expected a type specifier
"../timers.c", line 299: error #80: expected a type specifier
"../timers.c", line 299: warning #78-D: this declaration has no storage class or type specifier
"../timers.c", line 300: error #80: expected a type specifier
"../timers.c", line 300: error #80: expected a type specifier
"../timers.c", line 300: error #80: expected a type specifier
"../timers.c", line 301: error #80: expected a type specifier
"../timers.c", line 301: error #80: expected a type specifier
"../timers.c", line 301: error #80: expected a type specifier
"../timers.c", line 300: warning #78-D: this declaration has no storage class or type specifier
"../timers.c", line 300: error #148: declaration is incompatible with "int GrscreenTextDrawCentered(<error-type>, <error-type>, <error-type>, <error-type>)" (declared at line 200)
"../timers.c", line 307: error #80: expected a type specifier
"../timers.c", line 307: warning #78-D: this declaration has no storage class or type specifier
"../timers.c", line 307: error #148: declaration is incompatible with "void SysCtlPeripheralEnable(uint32_t)" (declared at line 605 of "C:/ti/TivaWare_C_Series-2.2.0.295/driverlib/sysctl.h")
"../timers.c", line 308: error #80: expected a type specifier
"../timers.c", line 308: warning #78-D: this declaration has no storage class or type specifier
"../timers.c", line 308: error #148: declaration is incompatible with "void SysCtlDelay(uint32_t)" (declared at line 631 of "C:/ti/TivaWare_C_Series-2.2.0.295/driverlib/sysctl.h")
"../timers.c", line 315: warning #78-D: this declaration has no storage class or type specifier
"../timers.c", line 315: warning #93-D: identifier-list parameters may only be used in a function definition
"../timers.c", line 315: error #148: declaration is incompatible with "void TouchScreenInit(uint32_t)" (declared at line 45 of "C:/ti/TivaWare_C_Series-2.2.0.295/examples/boards/ek-tm4c1294xl-boostxl-kentec-s1/drivers/touch.h")
"../timers.c", line 316: warning #78-D: this declaration has no storage class or type specifier
"../timers.c", line 316: warning #93-D: identifier-list parameters may only be used in a function definition
"../timers.c", line 316: error #148: declaration is incompatible with "void TouchScreenCallbackSet(int32_t (*)(uint32_t, int32_t, int32_t))" (declared at line 46 of "C:/ti/TivaWare_C_Series-2.2.0.295/examples/boards/ek-tm4c1294xl-boostxl-kentec-s1/drivers/touch.h")
"../timers.c", line 320: warning #78-D: this declaration has no storage class or type specifier
"../timers.c", line 322: error #80: expected a type specifier
"../timers.c", line 322: warning #78-D: this declaration has no storage class or type specifier
"../timers.c", line 322: error #148: declaration is incompatible with "int UARTprintf(<error-type>, <error-type>, <error-type>)" (declared at line 182)
"../timers.c", line 323: error #80: expected a type specifier
"../timers.c", line 323: warning #78-D: this declaration has no storage class or type specifier
"../timers.c", line 328: error #41: expected an identifier
"../timers.c", line 328: error #80: expected a type specifier
"../timers.c", line 328: error #91: function returning function is not allowed
"../timers.c", line 328: error #80: expected a type specifier
"../timers.c", line 328: error #80: expected a type specifier
"../timers.c", line 333: error #41: expected an identifier
"../timers.c", line 333: error #80: expected a type specifier
"../timers.c", line 333: error #91: function returning function is not allowed
"../timers.c", line 333: error #80: expected a type specifier
"../timers.c", line 333: error #80: expected a type specifier
"../timers.c", line 333: error #80: expected a type specifier
"../timers.c", line 339: error #41: expected an identifier
"../timers.c", line 339: error #80: expected a type specifier
"../timers.c", line 339: error #91: function returning function is not allowed
"../timers.c", line 339: error #80: expected a type specifier
"../timers.c", line 339: error #80: expected a type specifier
"../timers.c", line 340: error #41: expected an identifier
"../timers.c", line 340: error #80: expected a type specifier
"../timers.c", line 340: error #91: function returning function is not allowed
"../timers.c", line 340: error #80: expected a type specifier
"../timers.c", line 340: error #80: expected a type specifier
"../timers.c", line 345: error #41: expected an identifier
"../timers.c", line 345: error #80: expected a type specifier
"../timers.c", line 345: error #91: function returning function is not allowed
"../timers.c", line 345: error #80: expected a type specifier
"../timers.c", line 350: error #41: expected an identifier
"../timers.c", line 350: error #80: expected a type specifier
Error limit reached.
100 errors detected in the compilation of "../timers.c".
Compilation terminated.
gmake: *** [timers.obj] Error 1
gmake: Target 'all' not remade because of errors.

**** Build Finished ****

**** Build of configuration Debug for project timers ****

"C:\\ti\\ccs1220\\ccs\\utils\\bin\\gmake" -k -j 20 all -O 
 
Building file: "../timers.c"
Invoking: ARM Compiler
"C:/ti/ccs1220/ccs/tools/compiler/ti-cgt-arm_20.2.7.LTS/bin/armcl" -mv7M4 --code_state=16 --float_support=FPv4SPD16 -me -O2 --include_path="C:/Users/n10467874/OneDrive - Queensland University of Technology/!EGH456/CCS-Workspace/timers" --include_path="C:/ti/TivaWare_C_Series-2.2.0.295/examples/boards/ek-tm4c1294xl-boostxl-kentec-s1" --include_path="C:/ti/TivaWare_C_Series-2.2.0.295" --include_path="C:/ti/ccs1220/ccs/tools/compiler/ti-cgt-arm_20.2.7.LTS/include" --define=ccs="ccs" --define=PART_TM4C1294NCPDT --define=TARGET_IS_TM4C129_RA2 -g --gcc --diag_warning=225 --diag_wrap=off --display_error_number --gen_func_subsections=on --abi=eabi --ual --preproc_with_compile --preproc_dependency="timers.d_raw"  "../timers.c"
 
>> Compilation failure
subdir_rules.mk:9: recipe for target 'timers.obj' failed
"../timers.c", line 91: warning #78-D: this declaration has no storage class or type specifier
"../timers.c", line 91: error #66: expected a ";"
"../timers.c", line 92: warning #78-D: this declaration has no storage class or type specifier
"../timers.c", line 92: error #66: expected a ";"
"../timers.c", line 93: warning #78-D: this declaration has no storage class or type specifier
"../timers.c", line 93: error #66: expected a ";"
"../timers.c", line 94: warning #78-D: this declaration has no storage class or type specifier
"../timers.c", line 94: error #66: expected a ";"
"../timers.c", line 136: warning #78-D: this declaration has no storage class or type specifier
"../timers.c", line 136: error #148: declaration is incompatible with "uint32_t g_ui32SysClock" (declared at line 69)
"../timers.c", line 136: error #60: function call is not allowed in a constant expression
"../timers.c", line 141: error #18: expected a ")"
"../timers.c", line 141: error #142-D: unnamed prototyped parameters not allowed when body is present
"../timers.c", line 190: warning #225-D: function "GrscreenTextDrawCentered" declared implicitly
"../timers.c", line 190: error #20: identifier "screenText" is undefined
"../timers.c", line 254: error #110: expression preceding parentheses of apparent call must have (pointer-to-) function type
10 errors detected in the compilation of "../timers.c".
gmake: *** [timers.obj] Error 1
gmake: Target 'all' not remade because of errors.

**** Build Finished ****

**** Build of configuration Debug for project timers ****

"C:\\ti\\ccs1220\\ccs\\utils\\bin\\gmake" -k -j 20 all -O 
 
Building file: "../timers.c"
Invoking: ARM Compiler
"C:/ti/ccs1220/ccs/tools/compiler/ti-cgt-arm_20.2.7.LTS/bin/armcl" -mv7M4 --code_state=16 --float_support=FPv4SPD16 -me -O2 --include_path="C:/Users/n10467874/OneDrive - Queensland University of Technology/!EGH456/CCS-Workspace/timers" --include_path="C:/ti/TivaWare_C_Series-2.2.0.295/examples/boards/ek-tm4c1294xl-boostxl-kentec-s1" --include_path="C:/ti/TivaWare_C_Series-2.2.0.295" --include_path="C:/ti/ccs1220/ccs/tools/compiler/ti-cgt-arm_20.2.7.LTS/include" --define=ccs="ccs" --define=PART_TM4C1294NCPDT --define=TARGET_IS_TM4C129_RA2 -g --gcc --diag_warning=225 --diag_wrap=off --display_error_number --gen_func_subsections=on --abi=eabi --ual --preproc_with_compile --preproc_dependency="timers.d_raw"  "../timers.c"
 
>> Compilation failure
subdir_rules.mk:9: recipe for target 'timers.obj' failed
"../timers.c", line 133: warning #78-D: this declaration has no storage class or type specifier
"../timers.c", line 133: error #148: declaration is incompatible with "uint32_t g_ui32SysClock" (declared at line 69)
"../timers.c", line 133: error #60: function call is not allowed in a constant expression
"../timers.c", line 138: error #18: expected a ")"
"../timers.c", line 138: error #142-D: unnamed prototyped parameters not allowed when body is present
"../timers.c", line 149: warning #551-D: variable "sContext" is used before its value is set
"../timers.c", line 192: warning #225-D: function "GrscreenTextDrawCentered" declared implicitly
"../timers.c", line 192: error #20: identifier "screenText" is undefined
"../timers.c", line 256: error #110: expression preceding parentheses of apparent call must have (pointer-to-) function type
6 errors detected in the compilation of "../timers.c".
gmake: *** [timers.obj] Error 1
gmake: Target 'all' not remade because of errors.

**** Build Finished ****

**** Build of configuration Debug for project timers ****

"C:\\ti\\ccs1220\\ccs\\utils\\bin\\gmake" -k -j 20 all -O 
 
Building file: "../timers.c"
Invoking: ARM Compiler
"C:/ti/ccs1220/ccs/tools/compiler/ti-cgt-arm_20.2.7.LTS/bin/armcl" -mv7M4 --code_state=16 --float_support=FPv4SPD16 -me -O2 --include_path="C:/Users/n10467874/OneDrive - Queensland University of Technology/!EGH456/CCS-Workspace/timers" --include_path="C:/ti/TivaWare_C_Series-2.2.0.295/examples/boards/ek-tm4c1294xl-boostxl-kentec-s1" --include_path="C:/ti/TivaWare_C_Series-2.2.0.295" --include_path="C:/ti/ccs1220/ccs/tools/compiler/ti-cgt-arm_20.2.7.LTS/include" --define=ccs="ccs" --define=PART_TM4C1294NCPDT --define=TARGET_IS_TM4C129_RA2 -g --gcc --diag_warning=225 --diag_wrap=off --display_error_number --gen_func_subsections=on --abi=eabi --ual --preproc_with_compile --preproc_dependency="timers.d_raw"  "../timers.c"
 
>> Compilation failure
subdir_rules.mk:9: recipe for target 'timers.obj' failed
"../timers.c", line 131: error #18: expected a ")"
"../timers.c", line 131: error #142-D: unnamed prototyped parameters not allowed when body is present
"../timers.c", line 149: warning #551-D: variable "sContext" is used before its value is set
"../timers.c", line 192: warning #225-D: function "GrscreenTextDrawCentered" declared implicitly
"../timers.c", line 192: error #20: identifier "screenText" is undefined
"../timers.c", line 256: error #110: expression preceding parentheses of apparent call must have (pointer-to-) function type
4 errors detected in the compilation of "../timers.c".
gmake: *** [timers.obj] Error 1
gmake: Target 'all' not remade because of errors.

**** Build Finished ****

**** Build of configuration Debug for project timers ****

"C:\\ti\\ccs1220\\ccs\\utils\\bin\\gmake" -k -j 20 all -O 
 
Building file: "../timers.c"
Invoking: ARM Compiler
"C:/ti/ccs1220/ccs/tools/compiler/ti-cgt-arm_20.2.7.LTS/bin/armcl" -mv7M4 --code_state=16 --float_support=FPv4SPD16 -me -O2 --include_path="C:/Users/n10467874/OneDrive - Queensland University of Technology/!EGH456/CCS-Workspace/timers" --include_path="C:/ti/TivaWare_C_Series-2.2.0.295/examples/boards/ek-tm4c1294xl-boostxl-kentec-s1" --include_path="C:/ti/TivaWare_C_Series-2.2.0.295" --include_path="C:/ti/ccs1220/ccs/tools/compiler/ti-cgt-arm_20.2.7.LTS/include" --define=ccs="ccs" --define=PART_TM4C1294NCPDT --define=TARGET_IS_TM4C129_RA2 -g --gcc --diag_warning=225 --diag_wrap=off --display_error_number --gen_func_subsections=on --abi=eabi --ual --preproc_with_compile --preproc_dependency="timers.d_raw"  "../timers.c"
 
>> Compilation failure
subdir_rules.mk:9: recipe for target 'timers.obj' failed
"../timers.c", line 131: error #18: expected a ")"
"../timers.c", line 131: error #142-D: unnamed prototyped parameters not allowed when body is present
"../timers.c", line 149: warning #551-D: variable "sContext" is used before its value is set
"../timers.c", line 192: warning #225-D: function "GrscreenTextDrawCentered" declared implicitly
"../timers.c", line 192: error #20: identifier "screenText" is undefined
"../timers.c", line 256: error #110: expression preceding parentheses of apparent call must have (pointer-to-) function type
4 errors detected in the compilation of "../timers.c".
gmake: *** [timers.obj] Error 1
gmake: Target 'all' not remade because of errors.

**** Build Finished ****

**** Build of configuration Debug for project timers ****

"C:\\ti\\ccs1220\\ccs\\utils\\bin\\gmake" -k -j 20 all -O 
 
Building file: "../timers.c"
Invoking: ARM Compiler
"C:/ti/ccs1220/ccs/tools/compiler/ti-cgt-arm_20.2.7.LTS/bin/armcl" -mv7M4 --code_state=16 --float_support=FPv4SPD16 -me -O2 --include_path="C:/Users/n10467874/OneDrive - Queensland University of Technology/!EGH456/CCS-Workspace/timers" --include_path="C:/ti/TivaWare_C_Series-2.2.0.295/examples/boards/ek-tm4c1294xl-boostxl-kentec-s1" --include_path="C:/ti/TivaWare_C_Series-2.2.0.295" --include_path="C:/ti/ccs1220/ccs/tools/compiler/ti-cgt-arm_20.2.7.LTS/include" --define=ccs="ccs" --define=PART_TM4C1294NCPDT --define=TARGET_IS_TM4C129_RA2 -g --gcc --diag_warning=225 --diag_wrap=off --display_error_number --gen_func_subsections=on --abi=eabi --ual --preproc_with_compile --preproc_dependency="timers.d_raw"  "../timers.c"
 
>> Compilation failure
subdir_rules.mk:9: recipe for target 'timers.obj' failed
"../timers.c", line 131: error #18: expected a ")"
"../timers.c", line 131: error #142-D: unnamed prototyped parameters not allowed when body is present
"../timers.c", line 149: warning #551-D: variable "sContext" is used before its value is set
"../timers.c", line 192: warning #225-D: function "GrscreenTextDrawCentered" declared implicitly
"../timers.c", line 192: error #20: identifier "screenText" is undefined
"../timers.c", line 256: error #110: expression preceding parentheses of apparent call must have (pointer-to-) function type
4 errors detected in the compilation of "../timers.c".
gmake: *** [timers.obj] Error 1
gmake: Target 'all' not remade because of errors.

**** Build Finished ****

**** Build of configuration Debug for project timers ****

"C:\\ti\\ccs1220\\ccs\\utils\\bin\\gmake" -k -j 20 all -O 
 
Building file: "../timers.c"
Invoking: ARM Compiler
"C:/ti/ccs1220/ccs/tools/compiler/ti-cgt-arm_20.2.7.LTS/bin/armcl" -mv7M4 --code_state=16 --float_support=FPv4SPD16 -me -O2 --include_path="C:/Users/n10467874/OneDrive - Queensland University of Technology/!EGH456/CCS-Workspace/timers" --include_path="C:/ti/TivaWare_C_Series-2.2.0.295/examples/boards/ek-tm4c1294xl-boostxl-kentec-s1" --include_path="C:/ti/TivaWare_C_Series-2.2.0.295" --include_path="C:/ti/ccs1220/ccs/tools/compiler/ti-cgt-arm_20.2.7.LTS/include" --define=ccs="ccs" --define=PART_TM4C1294NCPDT --define=TARGET_IS_TM4C129_RA2 -g --gcc --diag_warning=225 --diag_wrap=off --display_error_number --gen_func_subsections=on --abi=eabi --ual --preproc_with_compile --preproc_dependency="timers.d_raw"  "../timers.c"
 
>> Compilation failure
subdir_rules.mk:9: recipe for target 'timers.obj' failed
"../timers.c", line 149: warning #551-D: variable "sContext" is used before its value is set
"../timers.c", line 192: warning #225-D: function "GrscreenTextDrawCentered" declared implicitly
"../timers.c", line 256: error #110: expression preceding parentheses of apparent call must have (pointer-to-) function type
1 error detected in the compilation of "../timers.c".
gmake: *** [timers.obj] Error 1
gmake: Target 'all' not remade because of errors.

**** Build Finished ****

**** Build of configuration Debug for project timers ****

"C:\\ti\\ccs1220\\ccs\\utils\\bin\\gmake" -k -j 20 all -O 
 
Building file: "../timers.c"
Invoking: ARM Compiler
"C:/ti/ccs1220/ccs/tools/compiler/ti-cgt-arm_20.2.7.LTS/bin/armcl" -mv7M4 --code_state=16 --float_support=FPv4SPD16 -me -O2 --include_path="C:/Users/n10467874/OneDrive - Queensland University of Technology/!EGH456/CCS-Workspace/timers" --include_path="C:/ti/TivaWare_C_Series-2.2.0.295/examples/boards/ek-tm4c1294xl-boostxl-kentec-s1" --include_path="C:/ti/TivaWare_C_Series-2.2.0.295" --include_path="C:/ti/ccs1220/ccs/tools/compiler/ti-cgt-arm_20.2.7.LTS/include" --define=ccs="ccs" --define=PART_TM4C1294NCPDT --define=TARGET_IS_TM4C129_RA2 -g --gcc --diag_warning=225 --diag_wrap=off --display_error_number --gen_func_subsections=on --abi=eabi --ual --preproc_with_compile --preproc_dependency="timers.d_raw"  "../timers.c"
"../timers.c", line 149: warning #551-D: variable "sContext" is used before its value is set
"../timers.c", line 192: warning #225-D: function "GrscreenTextDrawCentered" declared implicitly
Finished building: "../timers.c"
 
Building target: "timers.out"
Invoking: ARM Linker
"C:/ti/ccs1220/ccs/tools/compiler/ti-cgt-arm_20.2.7.LTS/bin/armcl" -mv7M4 --code_state=16 --float_support=FPv4SPD16 -me -O2 --define=ccs="ccs" --define=PART_TM4C1294NCPDT --define=TARGET_IS_TM4C129_RA2 -g --gcc --diag_warning=225 --diag_wrap=off --display_error_number --gen_func_subsections=on --abi=eabi --ual -z -m"timers_ccs.map" --heap_size=0 --stack_size=256 -i"C:/ti/ccs1220/ccs/tools/compiler/ti-cgt-arm_20.2.7.LTS/lib" -i"C:/ti/ccs1220/ccs/tools/compiler/ti-cgt-arm_20.2.7.LTS/include" --reread_libs --diag_wrap=off --display_error_number --warn_sections --xml_link_info="timers_linkInfo.xml" --rom_model -o "timers.out" "./startup_ccs.obj" "./timers.obj" "./drivers/Kentec320x240x16_ssd2119_spi.obj" "./drivers/touch.obj" "./utils/uartstdio.obj" "../timers_ccs.cmd"  -l"C:/ti/TivaWare_C_Series-2.2.0.295/driverlib/ccs/Debug/driverlib.lib" -l"C:/ti/TivaWare_C_Series-2.2.0.295/grlib/ccs/Debug/grlib.lib" -llibc.a 
<Linking>
Finished building target: "timers.out"
 
"C:/ti/ccs1220/ccs/utils/tiobj2bin/tiobj2bin" "timers.out" "timers.bin" "C:/ti/ccs1220/ccs/tools/compiler/ti-cgt-arm_20.2.7.LTS/bin/armofd" "C:/ti/ccs1220/ccs/tools/compiler/ti-cgt-arm_20.2.7.LTS/bin/armhex" "C:/ti/ccs1220/ccs/utils/tiobj2bin/mkhex4bin"
 

**** Build Finished ****

**** Build of configuration Debug for project timers ****

"C:\\ti\\ccs1220\\ccs\\utils\\bin\\gmake" -k -j 20 all -O 
 
Building file: "../timers.c"
Invoking: ARM Compiler
"C:/ti/ccs1220/ccs/tools/compiler/ti-cgt-arm_20.2.7.LTS/bin/armcl" -mv7M4 --code_state=16 --float_support=FPv4SPD16 -me -O2 --include_path="C:/Users/n10467874/OneDrive - Queensland University of Technology/!EGH456/CCS-Workspace/timers" --include_path="C:/ti/TivaWare_C_Series-2.2.0.295/examples/boards/ek-tm4c1294xl-boostxl-kentec-s1" --include_path="C:/ti/TivaWare_C_Series-2.2.0.295" --include_path="C:/ti/ccs1220/ccs/tools/compiler/ti-cgt-arm_20.2.7.LTS/include" --define=ccs="ccs" --define=PART_TM4C1294NCPDT --define=TARGET_IS_TM4C129_RA2 -g --gcc --diag_warning=225 --diag_wrap=off --display_error_number --gen_func_subsections=on --abi=eabi --ual --preproc_with_compile --preproc_dependency="timers.d_raw"  "../timers.c"
 
>> Compilation failure
subdir_rules.mk:9: recipe for target 'timers.obj' failed
"../timers.c", line 149: warning #551-D: variable "sContext" is used before its value is set
"../timers.c", line 192: warning #225-D: function "GrscreenTextDrawCentered" declared implicitly
"../timers.c", line 256: error #71: incomplete type is not allowed
"../timers.c", line 256: error #110: expression preceding parentheses of apparent call must have (pointer-to-) function type
2 errors detected in the compilation of "../timers.c".
gmake: *** [timers.obj] Error 1
gmake: Target 'all' not remade because of errors.

**** Build Finished ****

**** Build of configuration Debug for project timers ****

"C:\\ti\\ccs1220\\ccs\\utils\\bin\\gmake" -k -j 20 all -O 
 
Building file: "../timers.c"
Invoking: ARM Compiler
"C:/ti/ccs1220/ccs/tools/compiler/ti-cgt-arm_20.2.7.LTS/bin/armcl" -mv7M4 --code_state=16 --float_support=FPv4SPD16 -me -O2 --include_path="C:/Users/n10467874/OneDrive - Queensland University of Technology/!EGH456/CCS-Workspace/timers" --include_path="C:/ti/TivaWare_C_Series-2.2.0.295/examples/boards/ek-tm4c1294xl-boostxl-kentec-s1" --include_path="C:/ti/TivaWare_C_Series-2.2.0.295" --include_path="C:/ti/ccs1220/ccs/tools/compiler/ti-cgt-arm_20.2.7.LTS/include" --define=ccs="ccs" --define=PART_TM4C1294NCPDT --define=TARGET_IS_TM4C129_RA2 -g --gcc --diag_warning=225 --diag_wrap=off --display_error_number --gen_func_subsections=on --abi=eabi --ual --preproc_with_compile --preproc_dependency="timers.d_raw"  "../timers.c"
 
>> Compilation failure
subdir_rules.mk:9: recipe for target 'timers.obj' failed
"../timers.c", line 149: warning #551-D: variable "sContext" is used before its value is set
"../timers.c", line 192: warning #225-D: function "GrscreenTextDrawCentered" declared implicitly
"../timers.c", line 304: error #66: expected a ";"
1 error detected in the compilation of "../timers.c".
gmake: *** [timers.obj] Error 1
gmake: Target 'all' not remade because of errors.

**** Build Finished ****

**** Build of configuration Debug for project timers ****

"C:\\ti\\ccs1220\\ccs\\utils\\bin\\gmake" -k -j 20 all -O 
 
Building file: "../timers.c"
Invoking: ARM Compiler
"C:/ti/ccs1220/ccs/tools/compiler/ti-cgt-arm_20.2.7.LTS/bin/armcl" -mv7M4 --code_state=16 --float_support=FPv4SPD16 -me -O2 --include_path="C:/Users/n10467874/OneDrive - Queensland University of Technology/!EGH456/CCS-Workspace/timers" --include_path="C:/ti/TivaWare_C_Series-2.2.0.295/examples/boards/ek-tm4c1294xl-boostxl-kentec-s1" --include_path="C:/ti/TivaWare_C_Series-2.2.0.295" --include_path="C:/ti/ccs1220/ccs/tools/compiler/ti-cgt-arm_20.2.7.LTS/include" --define=ccs="ccs" --define=PART_TM4C1294NCPDT --define=TARGET_IS_TM4C129_RA2 -g --gcc --diag_warning=225 --diag_wrap=off --display_error_number --gen_func_subsections=on --abi=eabi --ual --preproc_with_compile --preproc_dependency="timers.d_raw"  "../timers.c"
"../timers.c", line 149: warning #551-D: variable "sContext" is used before its value is set
"../timers.c", line 192: warning #225-D: function "GrscreenTextDrawCentered" declared implicitly
Finished building: "../timers.c"
 
Building target: "timers.out"
Invoking: ARM Linker
"C:/ti/ccs1220/ccs/tools/compiler/ti-cgt-arm_20.2.7.LTS/bin/armcl" -mv7M4 --code_state=16 --float_support=FPv4SPD16 -me -O2 --define=ccs="ccs" --define=PART_TM4C1294NCPDT --define=TARGET_IS_TM4C129_RA2 -g --gcc --diag_warning=225 --diag_wrap=off --display_error_number --gen_func_subsections=on --abi=eabi --ual -z -m"timers_ccs.map" --heap_size=0 --stack_size=256 -i"C:/ti/ccs1220/ccs/tools/compiler/ti-cgt-arm_20.2.7.LTS/lib" -i"C:/ti/ccs1220/ccs/tools/compiler/ti-cgt-arm_20.2.7.LTS/include" --reread_libs --diag_wrap=off --display_error_number --warn_sections --xml_link_info="timers_linkInfo.xml" --rom_model -o "timers.out" "./startup_ccs.obj" "./timers.obj" "./drivers/Kentec320x240x16_ssd2119_spi.obj" "./drivers/touch.obj" "./utils/uartstdio.obj" "../timers_ccs.cmd"  -l"C:/ti/TivaWare_C_Series-2.2.0.295/driverlib/ccs/Debug/driverlib.lib" -l"C:/ti/TivaWare_C_Series-2.2.0.295/grlib/ccs/Debug/grlib.lib" -llibc.a 
<Linking>
 
 undefined                first referenced
  symbol                      in file     
 ---------                ----------------
 GrscreenTextDrawCentered ./timers.obj    
 
error #10234-D: unresolved symbols remain
error #10010: errors encountered during linking; "timers.out" not built
 
>> Compilation failure
makefile:145: recipe for target 'timers.out' failed
gmake[1]: *** [timers.out] Error 1
makefile:141: recipe for target 'all' failed
gmake: *** [all] Error 2

**** Build Finished ****

**** Build of configuration Debug for project timers ****

"C:\\ti\\ccs1220\\ccs\\utils\\bin\\gmake" -k -j 20 all -O 
 
Building file: "../timers.c"
Invoking: ARM Compiler
"C:/ti/ccs1220/ccs/tools/compiler/ti-cgt-arm_20.2.7.LTS/bin/armcl" -mv7M4 --code_state=16 --float_support=FPv4SPD16 -me -O2 --include_path="C:/Users/n10467874/OneDrive - Queensland University of Technology/!EGH456/CCS-Workspace/timers" --include_path="C:/ti/TivaWare_C_Series-2.2.0.295/examples/boards/ek-tm4c1294xl-boostxl-kentec-s1" --include_path="C:/ti/TivaWare_C_Series-2.2.0.295" --include_path="C:/ti/ccs1220/ccs/tools/compiler/ti-cgt-arm_20.2.7.LTS/include" --define=ccs="ccs" --define=PART_TM4C1294NCPDT --define=TARGET_IS_TM4C129_RA2 -g --gcc --diag_warning=225 --diag_wrap=off --display_error_number --gen_func_subsections=on --abi=eabi --ual --preproc_with_compile --preproc_dependency="timers.d_raw"  "../timers.c"
 
>> Compilation failure
subdir_rules.mk:9: recipe for target 'timers.obj' failed
"../timers.c", line 151: error #20: identifier "sContext" is undefined
"../timers.c", line 156: error #20: identifier "sRect" is undefined
"../timers.c", line 181: warning #225-D: function "uDMAControlBaseSet" declared implicitly
"../timers.c", line 181: error #20: identifier "psDMAControlTable" is undefined
"../timers.c", line 182: warning #225-D: function "uDMAEnable" declared implicitly
3 errors detected in the compilation of "../timers.c".
gmake: *** [timers.obj] Error 1
gmake: Target 'all' not remade because of errors.

**** Build Finished ****

**** Build of configuration Debug for project timers ****

"C:\\ti\\ccs1220\\ccs\\utils\\bin\\gmake" -k -j 20 all -O 
 
Building file: "../timers.c"
Invoking: ARM Compiler
"C:/ti/ccs1220/ccs/tools/compiler/ti-cgt-arm_20.2.7.LTS/bin/armcl" -mv7M4 --code_state=16 --float_support=FPv4SPD16 -me -O2 --include_path="C:/Users/n10467874/OneDrive - Queensland University of Technology/!EGH456/CCS-Workspace/timers" --include_path="C:/ti/TivaWare_C_Series-2.2.0.295/examples/boards/ek-tm4c1294xl-boostxl-kentec-s1" --include_path="C:/ti/TivaWare_C_Series-2.2.0.295" --include_path="C:/ti/ccs1220/ccs/tools/compiler/ti-cgt-arm_20.2.7.LTS/include" --define=ccs="ccs" --define=PART_TM4C1294NCPDT --define=TARGET_IS_TM4C129_RA2 -g --gcc --diag_warning=225 --diag_wrap=off --display_error_number --gen_func_subsections=on --abi=eabi --ual --preproc_with_compile --preproc_dependency="timers.d_raw"  "../timers.c"
 
>> Compilation failure
subdir_rules.mk:9: recipe for target 'timers.obj' failed
"../timers.c", line 151: error #20: identifier "sContext" is undefined
"../timers.c", line 156: error #20: identifier "sRect" is undefined
2 errors detected in the compilation of "../timers.c".
gmake: *** [timers.obj] Error 1
gmake: Target 'all' not remade because of errors.

**** Build Finished ****

**** Build of configuration Debug for project timers ****

"C:\\ti\\ccs1220\\ccs\\utils\\bin\\gmake" -k -j 20 all -O 
 
Building file: "../timers.c"
Invoking: ARM Compiler
"C:/ti/ccs1220/ccs/tools/compiler/ti-cgt-arm_20.2.7.LTS/bin/armcl" -mv7M4 --code_state=16 --float_support=FPv4SPD16 -me -O2 --include_path="C:/Users/n10467874/OneDrive - Queensland University of Technology/!EGH456/CCS-Workspace/timers" --include_path="C:/ti/TivaWare_C_Series-2.2.0.295/examples/boards/ek-tm4c1294xl-boostxl-kentec-s1" --include_path="C:/ti/TivaWare_C_Series-2.2.0.295" --include_path="C:/ti/ccs1220/ccs/tools/compiler/ti-cgt-arm_20.2.7.LTS/include" --define=ccs="ccs" --define=PART_TM4C1294NCPDT --define=TARGET_IS_TM4C129_RA2 -g --gcc --diag_warning=225 --diag_wrap=off --display_error_number --gen_func_subsections=on --abi=eabi --ual --preproc_with_compile --preproc_dependency="timers.d_raw"  "../timers.c"
Finished building: "../timers.c"
 
Building target: "timers.out"
Invoking: ARM Linker
"C:/ti/ccs1220/ccs/tools/compiler/ti-cgt-arm_20.2.7.LTS/bin/armcl" -mv7M4 --code_state=16 --float_support=FPv4SPD16 -me -O2 --define=ccs="ccs" --define=PART_TM4C1294NCPDT --define=TARGET_IS_TM4C129_RA2 -g --gcc --diag_warning=225 --diag_wrap=off --display_error_number --gen_func_subsections=on --abi=eabi --ual -z -m"timers_ccs.map" --heap_size=0 --stack_size=256 -i"C:/ti/ccs1220/ccs/tools/compiler/ti-cgt-arm_20.2.7.LTS/lib" -i"C:/ti/ccs1220/ccs/tools/compiler/ti-cgt-arm_20.2.7.LTS/include" --reread_libs --diag_wrap=off --display_error_number --warn_sections --xml_link_info="timers_linkInfo.xml" --rom_model -o "timers.out" "./startup_ccs.obj" "./timers.obj" "./drivers/Kentec320x240x16_ssd2119_spi.obj" "./drivers/touch.obj" "./utils/uartstdio.obj" "../timers_ccs.cmd"  -l"C:/ti/TivaWare_C_Series-2.2.0.295/driverlib/ccs/Debug/driverlib.lib" -l"C:/ti/TivaWare_C_Series-2.2.0.295/grlib/ccs/Debug/grlib.lib" -llibc.a 
<Linking>
Finished building target: "timers.out"
 
"C:/ti/ccs1220/ccs/utils/tiobj2bin/tiobj2bin" "timers.out" "timers.bin" "C:/ti/ccs1220/ccs/tools/compiler/ti-cgt-arm_20.2.7.LTS/bin/armofd" "C:/ti/ccs1220/ccs/tools/compiler/ti-cgt-arm_20.2.7.LTS/bin/armhex" "C:/ti/ccs1220/ccs/utils/tiobj2bin/mkhex4bin"
 

**** Build Finished ****

**** Build of configuration Debug for project timers ****

"C:\\ti\\ccs1220\\ccs\\utils\\bin\\gmake" -k -j 20 all -O 
 
gmake[1]: 'timers.out' is up to date.

**** Build Finished ****

**** Build of configuration Debug for project timers ****

"C:\\ti\\ccs1220\\ccs\\utils\\bin\\gmake" -k -j 20 all -O 
 
Building file: "../timers.c"
Invoking: ARM Compiler
"C:/ti/ccs1220/ccs/tools/compiler/ti-cgt-arm_20.2.7.LTS/bin/armcl" -mv7M4 --code_state=16 --float_support=FPv4SPD16 -me -O2 --include_path="C:/Users/n10467874/OneDrive - Queensland University of Technology/!EGH456/CCS-Workspace/timers" --include_path="C:/ti/TivaWare_C_Series-2.2.0.295/examples/boards/ek-tm4c1294xl-boostxl-kentec-s1" --include_path="C:/ti/TivaWare_C_Series-2.2.0.295" --include_path="C:/ti/ccs1220/ccs/tools/compiler/ti-cgt-arm_20.2.7.LTS/include" --define=ccs="ccs" --define=PART_TM4C1294NCPDT --define=TARGET_IS_TM4C129_RA2 -g --gcc --diag_warning=225 --diag_wrap=off --display_error_number --gen_func_subsections=on --abi=eabi --ual --preproc_with_compile --preproc_dependency="timers.d_raw"  "../timers.c"
Finished building: "../timers.c"
 
Building target: "timers.out"
Invoking: ARM Linker
"C:/ti/ccs1220/ccs/tools/compiler/ti-cgt-arm_20.2.7.LTS/bin/armcl" -mv7M4 --code_state=16 --float_support=FPv4SPD16 -me -O2 --define=ccs="ccs" --define=PART_TM4C1294NCPDT --define=TARGET_IS_TM4C129_RA2 -g --gcc --diag_warning=225 --diag_wrap=off --display_error_number --gen_func_subsections=on --abi=eabi --ual -z -m"timers_ccs.map" --heap_size=0 --stack_size=256 -i"C:/ti/ccs1220/ccs/tools/compiler/ti-cgt-arm_20.2.7.LTS/lib" -i"C:/ti/ccs1220/ccs/tools/compiler/ti-cgt-arm_20.2.7.LTS/include" --reread_libs --diag_wrap=off --display_error_number --warn_sections --xml_link_info="timers_linkInfo.xml" --rom_model -o "timers.out" "./startup_ccs.obj" "./timers.obj" "./drivers/Kentec320x240x16_ssd2119_spi.obj" "./drivers/touch.obj" "./utils/uartstdio.obj" "../timers_ccs.cmd"  -l"C:/ti/TivaWare_C_Series-2.2.0.295/driverlib/ccs/Debug/driverlib.lib" -l"C:/ti/TivaWare_C_Series-2.2.0.295/grlib/ccs/Debug/grlib.lib" -llibc.a 
<Linking>
Finished building target: "timers.out"
 
"C:/ti/ccs1220/ccs/utils/tiobj2bin/tiobj2bin" "timers.out" "timers.bin" "C:/ti/ccs1220/ccs/tools/compiler/ti-cgt-arm_20.2.7.LTS/bin/armofd" "C:/ti/ccs1220/ccs/tools/compiler/ti-cgt-arm_20.2.7.LTS/bin/armhex" "C:/ti/ccs1220/ccs/utils/tiobj2bin/mkhex4bin"
 

**** Build Finished ****

**** Build of configuration Debug for project grlib_demo ****

"C:\\ti\\ccs1220\\ccs\\utils\\bin\\gmake" -k -j 20 all -O 
 
gmake[1]: 'grlib_demo.out' is up to date.

**** Build Finished ****

**** Build of configuration Debug for project grlib_demo ****

"C:\\ti\\ccs1220\\ccs\\utils\\bin\\gmake" -k -j 20 all -O 
 
gmake[1]: 'grlib_demo.out' is up to date.

**** Build Finished ****

**** Build of configuration Debug for project timers ****

"C:\\ti\\ccs1220\\ccs\\utils\\bin\\gmake" -k -j 20 all -O 
 
Building file: "../timers.c"
Invoking: ARM Compiler
"C:/ti/ccs1220/ccs/tools/compiler/ti-cgt-arm_20.2.7.LTS/bin/armcl" -mv7M4 --code_state=16 --float_support=FPv4SPD16 -me -O2 --include_path="C:/Users/n10467874/OneDrive - Queensland University of Technology/!EGH456/CCS-Workspace/timers" --include_path="C:/ti/TivaWare_C_Series-2.2.0.295/examples/boards/ek-tm4c1294xl-boostxl-kentec-s1" --include_path="C:/ti/TivaWare_C_Series-2.2.0.295" --include_path="C:/ti/ccs1220/ccs/tools/compiler/ti-cgt-arm_20.2.7.LTS/include" --define=ccs="ccs" --define=PART_TM4C1294NCPDT --define=TARGET_IS_TM4C129_RA2 -g --gcc --diag_warning=225 --diag_wrap=off --display_error_number --gen_func_subsections=on --abi=eabi --ual --preproc_with_compile --preproc_dependency="timers.d_raw"  "../timers.c"
Finished building: "../timers.c"
 
Building target: "timers.out"
Invoking: ARM Linker
"C:/ti/ccs1220/ccs/tools/compiler/ti-cgt-arm_20.2.7.LTS/bin/armcl" -mv7M4 --code_state=16 --float_support=FPv4SPD16 -me -O2 --define=ccs="ccs" --define=PART_TM4C1294NCPDT --define=TARGET_IS_TM4C129_RA2 -g --gcc --diag_warning=225 --diag_wrap=off --display_error_number --gen_func_subsections=on --abi=eabi --ual -z -m"timers_ccs.map" --heap_size=0 --stack_size=256 -i"C:/ti/ccs1220/ccs/tools/compiler/ti-cgt-arm_20.2.7.LTS/lib" -i"C:/ti/ccs1220/ccs/tools/compiler/ti-cgt-arm_20.2.7.LTS/include" --reread_libs --diag_wrap=off --display_error_number --warn_sections --xml_link_info="timers_linkInfo.xml" --rom_model -o "timers.out" "./startup_ccs.obj" "./timers.obj" "./drivers/Kentec320x240x16_ssd2119_spi.obj" "./drivers/touch.obj" "./utils/uartstdio.obj" "../timers_ccs.cmd"  -l"C:/ti/TivaWare_C_Series-2.2.0.295/driverlib/ccs/Debug/driverlib.lib" -l"C:/ti/TivaWare_C_Series-2.2.0.295/grlib/ccs/Debug/grlib.lib" -llibc.a 
<Linking>
Finished building target: "timers.out"
 
"C:/ti/ccs1220/ccs/utils/tiobj2bin/tiobj2bin" "timers.out" "timers.bin" "C:/ti/ccs1220/ccs/tools/compiler/ti-cgt-arm_20.2.7.LTS/bin/armofd" "C:/ti/ccs1220/ccs/tools/compiler/ti-cgt-arm_20.2.7.LTS/bin/armhex" "C:/ti/ccs1220/ccs/utils/tiobj2bin/mkhex4bin"
 

**** Build Finished ****

**** Build of configuration Debug for project timers ****

"C:\\ti\\ccs1220\\ccs\\utils\\bin\\gmake" -k -j 20 all -O 
 
Building file: "../timers.c"
Invoking: ARM Compiler
"C:/ti/ccs1220/ccs/tools/compiler/ti-cgt-arm_20.2.7.LTS/bin/armcl" -mv7M4 --code_state=16 --float_support=FPv4SPD16 -me -O2 --include_path="C:/Users/n10467874/OneDrive - Queensland University of Technology/!EGH456/CCS-Workspace/timers" --include_path="C:/ti/TivaWare_C_Series-2.2.0.295/examples/boards/ek-tm4c1294xl-boostxl-kentec-s1" --include_path="C:/ti/TivaWare_C_Series-2.2.0.295" --include_path="C:/ti/ccs1220/ccs/tools/compiler/ti-cgt-arm_20.2.7.LTS/include" --define=ccs="ccs" --define=PART_TM4C1294NCPDT --define=TARGET_IS_TM4C129_RA2 -g --gcc --diag_warning=225 --diag_wrap=off --display_error_number --gen_func_subsections=on --abi=eabi --ual --preproc_with_compile --preproc_dependency="timers.d_raw"  "../timers.c"
Finished building: "../timers.c"
 
Building target: "timers.out"
Invoking: ARM Linker
"C:/ti/ccs1220/ccs/tools/compiler/ti-cgt-arm_20.2.7.LTS/bin/armcl" -mv7M4 --code_state=16 --float_support=FPv4SPD16 -me -O2 --define=ccs="ccs" --define=PART_TM4C1294NCPDT --define=TARGET_IS_TM4C129_RA2 -g --gcc --diag_warning=225 --diag_wrap=off --display_error_number --gen_func_subsections=on --abi=eabi --ual -z -m"timers_ccs.map" --heap_size=0 --stack_size=256 -i"C:/ti/ccs1220/ccs/tools/compiler/ti-cgt-arm_20.2.7.LTS/lib" -i"C:/ti/ccs1220/ccs/tools/compiler/ti-cgt-arm_20.2.7.LTS/include" --reread_libs --diag_wrap=off --display_error_number --warn_sections --xml_link_info="timers_linkInfo.xml" --rom_model -o "timers.out" "./startup_ccs.obj" "./timers.obj" "./drivers/Kentec320x240x16_ssd2119_spi.obj" "./drivers/touch.obj" "./utils/uartstdio.obj" "../timers_ccs.cmd"  -l"C:/ti/TivaWare_C_Series-2.2.0.295/driverlib/ccs/Debug/driverlib.lib" -l"C:/ti/TivaWare_C_Series-2.2.0.295/grlib/ccs/Debug/grlib.lib" -llibc.a 
<Linking>
Finished building target: "timers.out"
 
"C:/ti/ccs1220/ccs/utils/tiobj2bin/tiobj2bin" "timers.out" "timers.bin" "C:/ti/ccs1220/ccs/tools/compiler/ti-cgt-arm_20.2.7.LTS/bin/armofd" "C:/ti/ccs1220/ccs/tools/compiler/ti-cgt-arm_20.2.7.LTS/bin/armhex" "C:/ti/ccs1220/ccs/utils/tiobj2bin/mkhex4bin"
 

**** Build Finished ****

**** Build of configuration Debug for project timers ****

"C:\\ti\\ccs1220\\ccs\\utils\\bin\\gmake" -k -j 20 all -O 
 
Building file: "../timers.c"
Invoking: ARM Compiler
"C:/ti/ccs1220/ccs/tools/compiler/ti-cgt-arm_20.2.7.LTS/bin/armcl" -mv7M4 --code_state=16 --float_support=FPv4SPD16 -me -O2 --include_path="C:/Users/n10467874/OneDrive - Queensland University of Technology/!EGH456/CCS-Workspace/timers" --include_path="C:/ti/TivaWare_C_Series-2.2.0.295/examples/boards/ek-tm4c1294xl-boostxl-kentec-s1" --include_path="C:/ti/TivaWare_C_Series-2.2.0.295" --include_path="C:/ti/ccs1220/ccs/tools/compiler/ti-cgt-arm_20.2.7.LTS/include" --define=ccs="ccs" --define=PART_TM4C1294NCPDT --define=TARGET_IS_TM4C129_RA2 -g --gcc --diag_warning=225 --diag_wrap=off --display_error_number --gen_func_subsections=on --abi=eabi --ual --preproc_with_compile --preproc_dependency="timers.d_raw"  "../timers.c"
 
>> Compilation failure
subdir_rules.mk:9: recipe for target 'timers.obj' failed
"../timers.c", line 350: warning #225-D: function "uDMAControlBaseSet" declared implicitly
"../timers.c", line 350: error #20: identifier "psDMAControlTable" is undefined
"../timers.c", line 351: warning #225-D: function "uDMAEnable" declared implicitly
1 error detected in the compilation of "../timers.c".
gmake: *** [timers.obj] Error 1
gmake: Target 'all' not remade because of errors.

**** Build Finished ****

**** Build of configuration Debug for project timers ****

"C:\\ti\\ccs1220\\ccs\\utils\\bin\\gmake" -k -j 20 all -O 
 
Building file: "../timers.c"
Invoking: ARM Compiler
"C:/ti/ccs1220/ccs/tools/compiler/ti-cgt-arm_20.2.7.LTS/bin/armcl" -mv7M4 --code_state=16 --float_support=FPv4SPD16 -me -O2 --include_path="C:/Users/n10467874/OneDrive - Queensland University of Technology/!EGH456/CCS-Workspace/timers" --include_path="C:/ti/TivaWare_C_Series-2.2.0.295/examples/boards/ek-tm4c1294xl-boostxl-kentec-s1" --include_path="C:/ti/TivaWare_C_Series-2.2.0.295" --include_path="C:/ti/ccs1220/ccs/tools/compiler/ti-cgt-arm_20.2.7.LTS/include" --define=ccs="ccs" --define=PART_TM4C1294NCPDT --define=TARGET_IS_TM4C129_RA2 -g --gcc --diag_warning=225 --diag_wrap=off --display_error_number --gen_func_subsections=on --abi=eabi --ual --preproc_with_compile --preproc_dependency="timers.d_raw"  "../timers.c"
 
>> Compilation failure
subdir_rules.mk:9: recipe for target 'timers.obj' failed
"../timers.c", line 357: warning #225-D: function "uDMAControlBaseSet" declared implicitly
"../timers.c", line 357: error #20: identifier "psDMAControlTable" is undefined
"../timers.c", line 358: warning #225-D: function "uDMAEnable" declared implicitly
1 error detected in the compilation of "../timers.c".
gmake: *** [timers.obj] Error 1
gmake: Target 'all' not remade because of errors.

**** Build Finished ****

**** Build of configuration Debug for project timers ****

"C:\\ti\\ccs1220\\ccs\\utils\\bin\\gmake" -k -j 20 all -O 
 
Building file: "../timers.c"
Invoking: ARM Compiler
"C:/ti/ccs1220/ccs/tools/compiler/ti-cgt-arm_20.2.7.LTS/bin/armcl" -mv7M4 --code_state=16 --float_support=FPv4SPD16 -me -O2 --include_path="C:/Users/n10467874/OneDrive - Queensland University of Technology/!EGH456/CCS-Workspace/timers" --include_path="C:/ti/TivaWare_C_Series-2.2.0.295/examples/boards/ek-tm4c1294xl-boostxl-kentec-s1" --include_path="C:/ti/TivaWare_C_Series-2.2.0.295" --include_path="C:/ti/ccs1220/ccs/tools/compiler/ti-cgt-arm_20.2.7.LTS/include" --define=ccs="ccs" --define=PART_TM4C1294NCPDT --define=TARGET_IS_TM4C129_RA2 -g --gcc --diag_warning=225 --diag_wrap=off --display_error_number --gen_func_subsections=on --abi=eabi --ual --preproc_with_compile --preproc_dependency="timers.d_raw"  "../timers.c"
Finished building: "../timers.c"
 
Building target: "timers.out"
Invoking: ARM Linker
"C:/ti/ccs1220/ccs/tools/compiler/ti-cgt-arm_20.2.7.LTS/bin/armcl" -mv7M4 --code_state=16 --float_support=FPv4SPD16 -me -O2 --define=ccs="ccs" --define=PART_TM4C1294NCPDT --define=TARGET_IS_TM4C129_RA2 -g --gcc --diag_warning=225 --diag_wrap=off --display_error_number --gen_func_subsections=on --abi=eabi --ual -z -m"timers_ccs.map" --heap_size=0 --stack_size=256 -i"C:/ti/ccs1220/ccs/tools/compiler/ti-cgt-arm_20.2.7.LTS/lib" -i"C:/ti/ccs1220/ccs/tools/compiler/ti-cgt-arm_20.2.7.LTS/include" --reread_libs --diag_wrap=off --display_error_number --warn_sections --xml_link_info="timers_linkInfo.xml" --rom_model -o "timers.out" "./startup_ccs.obj" "./timers.obj" "./drivers/Kentec320x240x16_ssd2119_spi.obj" "./drivers/touch.obj" "./utils/uartstdio.obj" "../timers_ccs.cmd"  -l"C:/ti/TivaWare_C_Series-2.2.0.295/driverlib/ccs/Debug/driverlib.lib" -l"C:/ti/TivaWare_C_Series-2.2.0.295/grlib/ccs/Debug/grlib.lib" -llibc.a 
<Linking>
Finished building target: "timers.out"
 
"C:/ti/ccs1220/ccs/utils/tiobj2bin/tiobj2bin" "timers.out" "timers.bin" "C:/ti/ccs1220/ccs/tools/compiler/ti-cgt-arm_20.2.7.LTS/bin/armofd" "C:/ti/ccs1220/ccs/tools/compiler/ti-cgt-arm_20.2.7.LTS/bin/armhex" "C:/ti/ccs1220/ccs/utils/tiobj2bin/mkhex4bin"
 

**** Build Finished ****

**** Build of configuration Debug for project timers ****

"C:\\ti\\ccs1220\\ccs\\utils\\bin\\gmake" -k -j 20 all -O 
 
Building file: "../timers.c"
Invoking: ARM Compiler
"C:/ti/ccs1220/ccs/tools/compiler/ti-cgt-arm_20.2.7.LTS/bin/armcl" -mv7M4 --code_state=16 --float_support=FPv4SPD16 -me -O2 --include_path="C:/Users/n10467874/OneDrive - Queensland University of Technology/!EGH456/CCS-Workspace/timers" --include_path="C:/ti/TivaWare_C_Series-2.2.0.295/examples/boards/ek-tm4c1294xl-boostxl-kentec-s1" --include_path="C:/ti/TivaWare_C_Series-2.2.0.295" --include_path="C:/ti/ccs1220/ccs/tools/compiler/ti-cgt-arm_20.2.7.LTS/include" --define=ccs="ccs" --define=PART_TM4C1294NCPDT --define=TARGET_IS_TM4C129_RA2 -g --gcc --diag_warning=225 --diag_wrap=off --display_error_number --gen_func_subsections=on --abi=eabi --ual --preproc_with_compile --preproc_dependency="timers.d_raw"  "../timers.c"
Finished building: "../timers.c"
 
Building target: "timers.out"
Invoking: ARM Linker
"C:/ti/ccs1220/ccs/tools/compiler/ti-cgt-arm_20.2.7.LTS/bin/armcl" -mv7M4 --code_state=16 --float_support=FPv4SPD16 -me -O2 --define=ccs="ccs" --define=PART_TM4C1294NCPDT --define=TARGET_IS_TM4C129_RA2 -g --gcc --diag_warning=225 --diag_wrap=off --display_error_number --gen_func_subsections=on --abi=eabi --ual -z -m"timers_ccs.map" --heap_size=0 --stack_size=256 -i"C:/ti/ccs1220/ccs/tools/compiler/ti-cgt-arm_20.2.7.LTS/lib" -i"C:/ti/ccs1220/ccs/tools/compiler/ti-cgt-arm_20.2.7.LTS/include" --reread_libs --diag_wrap=off --display_error_number --warn_sections --xml_link_info="timers_linkInfo.xml" --rom_model -o "timers.out" "./startup_ccs.obj" "./timers.obj" "./drivers/Kentec320x240x16_ssd2119_spi.obj" "./drivers/touch.obj" "./utils/uartstdio.obj" "../timers_ccs.cmd"  -l"C:/ti/TivaWare_C_Series-2.2.0.295/driverlib/ccs/Debug/driverlib.lib" -l"C:/ti/TivaWare_C_Series-2.2.0.295/grlib/ccs/Debug/grlib.lib" -llibc.a 
<Linking>
Finished building target: "timers.out"
 
"C:/ti/ccs1220/ccs/utils/tiobj2bin/tiobj2bin" "timers.out" "timers.bin" "C:/ti/ccs1220/ccs/tools/compiler/ti-cgt-arm_20.2.7.LTS/bin/armofd" "C:/ti/ccs1220/ccs/tools/compiler/ti-cgt-arm_20.2.7.LTS/bin/armhex" "C:/ti/ccs1220/ccs/utils/tiobj2bin/mkhex4bin"
 

**** Build Finished ****

**** Build of configuration Debug for project timers ****

"C:\\ti\\ccs1220\\ccs\\utils\\bin\\gmake" -k -j 20 all -O 
 
gmake[1]: 'timers.out' is up to date.

**** Build Finished ****

**** Build of configuration Debug for project timers ****

"C:\\ti\\ccs1220\\ccs\\utils\\bin\\gmake" -k -j 20 all -O 
 
Building file: "../timers.c"
Invoking: ARM Compiler
"C:/ti/ccs1220/ccs/tools/compiler/ti-cgt-arm_20.2.7.LTS/bin/armcl" -mv7M4 --code_state=16 --float_support=FPv4SPD16 -me -O2 --include_path="C:/Users/n10467874/OneDrive - Queensland University of Technology/!EGH456/CCS-Workspace/timers" --include_path="C:/ti/TivaWare_C_Series-2.2.0.295/examples/boards/ek-tm4c1294xl-boostxl-kentec-s1" --include_path="C:/ti/TivaWare_C_Series-2.2.0.295" --include_path="C:/ti/ccs1220/ccs/tools/compiler/ti-cgt-arm_20.2.7.LTS/include" --define=ccs="ccs" --define=PART_TM4C1294NCPDT --define=TARGET_IS_TM4C129_RA2 -g --gcc --diag_warning=225 --diag_wrap=off --display_error_number --gen_func_subsections=on --abi=eabi --ual --preproc_with_compile --preproc_dependency="timers.d_raw"  "../timers.c"
 
>> Compilation failure
subdir_rules.mk:9: recipe for target 'timers.obj' failed
"../timers.c", line 294: error #66: expected a ";"
1 error detected in the compilation of "../timers.c".
gmake: *** [timers.obj] Error 1
gmake: Target 'all' not remade because of errors.

**** Build Finished ****

**** Build of configuration Debug for project timers ****

"C:\\ti\\ccs1220\\ccs\\utils\\bin\\gmake" -k -j 20 all -O 
 
Building file: "../timers.c"
Invoking: ARM Compiler
"C:/ti/ccs1220/ccs/tools/compiler/ti-cgt-arm_20.2.7.LTS/bin/armcl" -mv7M4 --code_state=16 --float_support=FPv4SPD16 -me -O2 --include_path="C:/Users/n10467874/OneDrive - Queensland University of Technology/!EGH456/CCS-Workspace/timers" --include_path="C:/ti/TivaWare_C_Series-2.2.0.295/examples/boards/ek-tm4c1294xl-boostxl-kentec-s1" --include_path="C:/ti/TivaWare_C_Series-2.2.0.295" --include_path="C:/ti/ccs1220/ccs/tools/compiler/ti-cgt-arm_20.2.7.LTS/include" --define=ccs="ccs" --define=PART_TM4C1294NCPDT --define=TARGET_IS_TM4C129_RA2 -g --gcc --diag_warning=225 --diag_wrap=off --display_error_number --gen_func_subsections=on --abi=eabi --ual --preproc_with_compile --preproc_dependency="timers.d_raw"  "../timers.c"
Finished building: "../timers.c"
 
Building target: "timers.out"
Invoking: ARM Linker
"C:/ti/ccs1220/ccs/tools/compiler/ti-cgt-arm_20.2.7.LTS/bin/armcl" -mv7M4 --code_state=16 --float_support=FPv4SPD16 -me -O2 --define=ccs="ccs" --define=PART_TM4C1294NCPDT --define=TARGET_IS_TM4C129_RA2 -g --gcc --diag_warning=225 --diag_wrap=off --display_error_number --gen_func_subsections=on --abi=eabi --ual -z -m"timers_ccs.map" --heap_size=0 --stack_size=256 -i"C:/ti/ccs1220/ccs/tools/compiler/ti-cgt-arm_20.2.7.LTS/lib" -i"C:/ti/ccs1220/ccs/tools/compiler/ti-cgt-arm_20.2.7.LTS/include" --reread_libs --diag_wrap=off --display_error_number --warn_sections --xml_link_info="timers_linkInfo.xml" --rom_model -o "timers.out" "./startup_ccs.obj" "./timers.obj" "./drivers/Kentec320x240x16_ssd2119_spi.obj" "./drivers/touch.obj" "./utils/uartstdio.obj" "../timers_ccs.cmd"  -l"C:/ti/TivaWare_C_Series-2.2.0.295/driverlib/ccs/Debug/driverlib.lib" -l"C:/ti/TivaWare_C_Series-2.2.0.295/grlib/ccs/Debug/grlib.lib" -llibc.a 
<Linking>
Finished building target: "timers.out"
 
"C:/ti/ccs1220/ccs/utils/tiobj2bin/tiobj2bin" "timers.out" "timers.bin" "C:/ti/ccs1220/ccs/tools/compiler/ti-cgt-arm_20.2.7.LTS/bin/armofd" "C:/ti/ccs1220/ccs/tools/compiler/ti-cgt-arm_20.2.7.LTS/bin/armhex" "C:/ti/ccs1220/ccs/utils/tiobj2bin/mkhex4bin"
 

**** Build Finished ****

**** Build of configuration Debug for project timers ****

"C:\\ti\\ccs1220\\ccs\\utils\\bin\\gmake" -k -j 20 all -O 
 
Building file: "../timers.c"
Invoking: ARM Compiler
"C:/ti/ccs1220/ccs/tools/compiler/ti-cgt-arm_20.2.7.LTS/bin/armcl" -mv7M4 --code_state=16 --float_support=FPv4SPD16 -me -O2 --include_path="C:/Users/n10467874/OneDrive - Queensland University of Technology/!EGH456/CCS-Workspace/timers" --include_path="C:/ti/TivaWare_C_Series-2.2.0.295/examples/boards/ek-tm4c1294xl-boostxl-kentec-s1" --include_path="C:/ti/TivaWare_C_Series-2.2.0.295" --include_path="C:/ti/ccs1220/ccs/tools/compiler/ti-cgt-arm_20.2.7.LTS/include" --define=ccs="ccs" --define=PART_TM4C1294NCPDT --define=TARGET_IS_TM4C129_RA2 -g --gcc --diag_warning=225 --diag_wrap=off --display_error_number --gen_func_subsections=on --abi=eabi --ual --preproc_with_compile --preproc_dependency="timers.d_raw"  "../timers.c"
Finished building: "../timers.c"
 
Building target: "timers.out"
Invoking: ARM Linker
"C:/ti/ccs1220/ccs/tools/compiler/ti-cgt-arm_20.2.7.LTS/bin/armcl" -mv7M4 --code_state=16 --float_support=FPv4SPD16 -me -O2 --define=ccs="ccs" --define=PART_TM4C1294NCPDT --define=TARGET_IS_TM4C129_RA2 -g --gcc --diag_warning=225 --diag_wrap=off --display_error_number --gen_func_subsections=on --abi=eabi --ual -z -m"timers_ccs.map" --heap_size=0 --stack_size=256 -i"C:/ti/ccs1220/ccs/tools/compiler/ti-cgt-arm_20.2.7.LTS/lib" -i"C:/ti/ccs1220/ccs/tools/compiler/ti-cgt-arm_20.2.7.LTS/include" --reread_libs --diag_wrap=off --display_error_number --warn_sections --xml_link_info="timers_linkInfo.xml" --rom_model -o "timers.out" "./startup_ccs.obj" "./timers.obj" "./drivers/Kentec320x240x16_ssd2119_spi.obj" "./drivers/touch.obj" "./utils/uartstdio.obj" "../timers_ccs.cmd"  -l"C:/ti/TivaWare_C_Series-2.2.0.295/driverlib/ccs/Debug/driverlib.lib" -l"C:/ti/TivaWare_C_Series-2.2.0.295/grlib/ccs/Debug/grlib.lib" -llibc.a 
<Linking>
Finished building target: "timers.out"
 
"C:/ti/ccs1220/ccs/utils/tiobj2bin/tiobj2bin" "timers.out" "timers.bin" "C:/ti/ccs1220/ccs/tools/compiler/ti-cgt-arm_20.2.7.LTS/bin/armofd" "C:/ti/ccs1220/ccs/tools/compiler/ti-cgt-arm_20.2.7.LTS/bin/armhex" "C:/ti/ccs1220/ccs/utils/tiobj2bin/mkhex4bin"
 

**** Build Finished ****

**** Build of configuration Debug for project timers ****

"C:\\ti\\ccs1220\\ccs\\utils\\bin\\gmake" -k -j 20 all -O 
 
Building file: "../timers.c"
Invoking: ARM Compiler
"C:/ti/ccs1220/ccs/tools/compiler/ti-cgt-arm_20.2.7.LTS/bin/armcl" -mv7M4 --code_state=16 --float_support=FPv4SPD16 -me -O2 --include_path="C:/Users/n10467874/OneDrive - Queensland University of Technology/!EGH456/CCS-Workspace/timers" --include_path="C:/ti/TivaWare_C_Series-2.2.0.295/examples/boards/ek-tm4c1294xl-boostxl-kentec-s1" --include_path="C:/ti/TivaWare_C_Series-2.2.0.295" --include_path="C:/ti/ccs1220/ccs/tools/compiler/ti-cgt-arm_20.2.7.LTS/include" --define=ccs="ccs" --define=PART_TM4C1294NCPDT --define=TARGET_IS_TM4C129_RA2 -g --gcc --diag_warning=225 --diag_wrap=off --display_error_number --gen_func_subsections=on --abi=eabi --ual --preproc_with_compile --preproc_dependency="timers.d_raw"  "../timers.c"
 
>> Compilation failure
subdir_rules.mk:9: recipe for target 'timers.obj' failed
"../timers.c", line 98: error #66: expected a ";"
"../timers.c", line 121: warning #12-D: parsing restarts here after previous syntax error
"../timers.c", line 122: warning #78-D: this declaration has no storage class or type specifier
"../timers.c", line 122: error #28: expression must have a constant value
"../timers.c", line 122: error #28: expression must have a constant value
"../timers.c", line 122: error #45: expression must have pointer type
"../timers.c", line 123: warning #78-D: this declaration has no storage class or type specifier
"../timers.c", line 123: error #28: expression must have a constant value
"../timers.c", line 123: error #28: expression must have a constant value
"../timers.c", line 123: error #45: expression must have pointer type
"../timers.c", line 124: error #80: expected a type specifier
"../timers.c", line 124: error #760: variable "cOne" is not a type name
"../timers.c", line 124: error #760: variable "cTwo" is not a type name
"../timers.c", line 124: warning #78-D: this declaration has no storage class or type specifier
"../timers.c", line 124: error #148: declaration is incompatible with "void UARTprintf(const char *, ...)" (declared at line 65 of "C:/ti/TivaWare_C_Series-2.2.0.295/utils/uartstdio.h")
"../timers.c", line 125: error #41: expected an identifier
"../timers.c", line 125: error #80: expected a type specifier
"../timers.c", line 125: error #91: function returning function is not allowed
"../timers.c", line 125: error #80: expected a type specifier
"../timers.c", line 126: warning #78-D: this declaration has no storage class or type specifier
"../timers.c", line 126: error #148: declaration is incompatible with "char g1" (declared at line 91)
"../timers.c", line 126: error #28: expression must have a constant value
"../timers.c", line 127: warning #78-D: this declaration has no storage class or type specifier
"../timers.c", line 127: error #148: declaration is incompatible with "char g2" (declared at line 91)
"../timers.c", line 127: error #28: expression must have a constant value
"../timers.c", line 128: error #171: expected a declaration
"../timers.c", line 158: warning #12-D: parsing restarts here after previous syntax error
"../timers.c", line 159: warning #78-D: this declaration has no storage class or type specifier
"../timers.c", line 159: error #150: variable "cOne" has already been initialized
"../timers.c", line 159: error #28: expression must have a constant value
"../timers.c", line 159: error #28: expression must have a constant value
"../timers.c", line 159: error #45: expression must have pointer type
"../timers.c", line 160: warning #78-D: this declaration has no storage class or type specifier
"../timers.c", line 160: error #150: variable "cTwo" has already been initialized
"../timers.c", line 160: error #28: expression must have a constant value
"../timers.c", line 160: error #28: expression must have a constant value
"../timers.c", line 160: error #45: expression must have pointer type
"../timers.c", line 161: error #80: expected a type specifier
"../timers.c", line 161: error #760: variable "cOne" is not a type name
"../timers.c", line 161: error #760: variable "cTwo" is not a type name
"../timers.c", line 161: warning #78-D: this declaration has no storage class or type specifier
"../timers.c", line 162: error #41: expected an identifier
"../timers.c", line 162: error #80: expected a type specifier
"../timers.c", line 162: error #91: function returning function is not allowed
"../timers.c", line 162: error #80: expected a type specifier
"../timers.c", line 163: warning #78-D: this declaration has no storage class or type specifier
"../timers.c", line 163: error #148: declaration is incompatible with "char g1" (declared at line 126)
"../timers.c", line 163: error #150: variable "g1" has already been initialized
"../timers.c", line 163: error #28: expression must have a constant value
"../timers.c", line 164: warning #78-D: this declaration has no storage class or type specifier
"../timers.c", line 164: error #148: declaration is incompatible with "char g2" (declared at line 127)
"../timers.c", line 164: error #150: variable "g2" has already been initialized
"../timers.c", line 164: error #28: expression must have a constant value
"../timers.c", line 165: error #171: expected a declaration
"../timers.c", line 195: warning #12-D: parsing restarts here after previous syntax error
"../timers.c", line 196: error #171: expected a declaration
"../timers.c", line 224: warning #12-D: parsing restarts here after previous syntax error
"../timers.c", line 225: warning #78-D: this declaration has no storage class or type specifier
"../timers.c", line 225: error #148: declaration is incompatible with "void FPULazyStackingEnable(void)" (declared at line 97 of "C:/ti/TivaWare_C_Series-2.2.0.295/driverlib/fpu.h")
"../timers.c", line 231: warning #78-D: this declaration has no storage class or type specifier
"../timers.c", line 231: warning #93-D: identifier-list parameters may only be used in a function definition
"../timers.c", line 231: error #148: declaration is incompatible with "void Kentec320x240x16_SSD2119Init(uint32_t)" (declared at line 31 of "C:/ti/TivaWare_C_Series-2.2.0.295/examples/boards/ek-tm4c1294xl-boostxl-kentec-s1/drivers/Kentec320x240x16_ssd2119_spi.h")
"../timers.c", line 236: error #80: expected a type specifier
"../timers.c", line 236: error #80: expected a type specifier
"../timers.c", line 236: warning #78-D: this declaration has no storage class or type specifier
"../timers.c", line 236: error #148: declaration is incompatible with "void GrContextInit(tContext *, const tDisplay *)" (declared at line 2108 of "C:/ti/TivaWare_C_Series-2.2.0.295/grlib/grlib.h")
"../timers.c", line 242: error #171: expected a declaration
"../timers.c", line 243: error #80: expected a type specifier
"../timers.c", line 243: error #80: expected a type specifier
"../timers.c", line 243: warning #78-D: this declaration has no storage class or type specifier
"../timers.c", line 243: error #148: declaration is incompatible with "void GrRectFill(const tContext *, const tRectangle *)" (declared at line 2136 of "C:/ti/TivaWare_C_Series-2.2.0.295/grlib/grlib.h")
"../timers.c", line 248: error #171: expected a declaration
"../timers.c", line 249: error #80: expected a type specifier
"../timers.c", line 249: error #80: expected a type specifier
"../timers.c", line 249: warning #78-D: this declaration has no storage class or type specifier
"../timers.c", line 249: error #148: declaration is incompatible with "void GrRectDraw(const tContext *, const tRectangle *)" (declared at line 2135 of "C:/ti/TivaWare_C_Series-2.2.0.295/grlib/grlib.h")
"../timers.c", line 254: error #80: expected a type specifier
"../timers.c", line 254: error #80: expected a type specifier
"../timers.c", line 254: warning #78-D: this declaration has no storage class or type specifier
"../timers.c", line 254: error #148: declaration is incompatible with "void GrContextFontSet(tContext *, const tFont *)" (declared at line 1001 of "C:/ti/TivaWare_C_Series-2.2.0.295/grlib/grlib.h")
"../timers.c", line 255: error #171: expected a declaration
"../timers.c", line 262: error #80: expected a type specifier
"../timers.c", line 262: warning #78-D: this declaration has no storage class or type specifier
"../timers.c", line 262: error #148: declaration is incompatible with "void SysCtlPeripheralEnable(uint32_t)" (declared at line 605 of "C:/ti/TivaWare_C_Series-2.2.0.295/driverlib/sysctl.h")
"../timers.c", line 263: error #80: expected a type specifier
"../timers.c", line 263: warning #78-D: this declaration has no storage class or type specifier
"../timers.c", line 263: error #148: declaration is incompatible with "void SysCtlDelay(uint32_t)" (declared at line 631 of "C:/ti/TivaWare_C_Series-2.2.0.295/driverlib/sysctl.h")
"../timers.c", line 270: warning #78-D: this declaration has no storage class or type specifier
"../timers.c", line 270: warning #93-D: identifier-list parameters may only be used in a function definition
"../timers.c", line 270: error #148: declaration is incompatible with "void TouchScreenInit(uint32_t)" (declared at line 45 of "C:/ti/TivaWare_C_Series-2.2.0.295/examples/boards/ek-tm4c1294xl-boostxl-kentec-s1/drivers/touch.h")
"../timers.c", line 271: warning #78-D: this declaration has no storage class or type specifier
"../timers.c", line 271: warning #93-D: identifier-list parameters may only be used in a function definition
"../timers.c", line 271: error #148: declaration is incompatible with "void TouchScreenCallbackSet(int32_t (*)(uint32_t, int32_t, int32_t))" (declared at line 46 of "C:/ti/TivaWare_C_Series-2.2.0.295/examples/boards/ek-tm4c1294xl-boostxl-kentec-s1/drivers/touch.h")
"../timers.c", line 272: error #171: expected a declaration
"../timers.c", line 307: warning #12-D: parsing restarts here after previous syntax error
"../timers.c", line 312: error #41: expected an identifier
"../timers.c", line 312: error #80: expected a type specifier
"../timers.c", line 312: error #91: function returning function is not allowed
"../timers.c", line 312: error #80: expected a type specifier
"../timers.c", line 312: error #80: expected a type specifier
"../timers.c", line 312: error #80: expected a type specifier
"../timers.c", line 318: error #41: expected an identifier
"../timers.c", line 318: error #80: expected a type specifier
"../timers.c", line 318: error #91: function returning function is not allowed
"../timers.c", line 318: error #80: expected a type specifier
"../timers.c", line 318: error #80: expected a type specifier
"../timers.c", line 319: error #41: expected an identifier
"../timers.c", line 319: error #80: expected a type specifier
"../timers.c", line 319: error #91: function returning function is not allowed
"../timers.c", line 319: error #80: expected a type specifier
"../timers.c", line 319: error #80: expected a type specifier
"../timers.c", line 324: error #41: expected an identifier
"../timers.c", line 324: error #80: expected a type specifier
"../timers.c", line 324: error #91: function returning function is not allowed
"../timers.c", line 324: error #80: expected a type specifier
"../timers.c", line 329: error #41: expected an identifier
"../timers.c", line 329: error #80: expected a type specifier
"../timers.c", line 329: error #91: function returning function is not allowed
"../timers.c", line 329: error #80: expected a type specifier
"../timers.c", line 329: error #80: expected a type specifier
"../timers.c", line 329: error #80: expected a type specifier
"../timers.c", line 330: error #41: expected an identifier
"../timers.c", line 330: error #80: expected a type specifier
"../timers.c", line 330: error #91: function returning function is not allowed
"../timers.c", line 330: error #80: expected a type specifier
"../timers.c", line 330: error #80: expected a type specifier
"../timers.c", line 330: error #80: expected a type specifier
"../timers.c", line 331: error #41: expected an identifier
Error limit reached.
100 errors detected in the compilation of "../timers.c".
Compilation terminated.
gmake: *** [timers.obj] Error 1
gmake: Target 'all' not remade because of errors.

**** Build Finished ****

**** Build of configuration Debug for project timers ****

"C:\\ti\\ccs1220\\ccs\\utils\\bin\\gmake" -k -j 20 all -O 
 
Building file: "../timers.c"
Invoking: ARM Compiler
"C:/ti/ccs1220/ccs/tools/compiler/ti-cgt-arm_20.2.7.LTS/bin/armcl" -mv7M4 --code_state=16 --float_support=FPv4SPD16 -me -O2 --include_path="C:/Users/n10467874/OneDrive - Queensland University of Technology/!EGH456/CCS-Workspace/timers" --include_path="C:/ti/TivaWare_C_Series-2.2.0.295/examples/boards/ek-tm4c1294xl-boostxl-kentec-s1" --include_path="C:/ti/TivaWare_C_Series-2.2.0.295" --include_path="C:/ti/ccs1220/ccs/tools/compiler/ti-cgt-arm_20.2.7.LTS/include" --define=ccs="ccs" --define=PART_TM4C1294NCPDT --define=TARGET_IS_TM4C129_RA2 -g --gcc --diag_warning=225 --diag_wrap=off --display_error_number --gen_func_subsections=on --abi=eabi --ual --preproc_with_compile --preproc_dependency="timers.d_raw"  "../timers.c"
 
>> Compilation failure
subdir_rules.mk:9: recipe for target 'timers.obj' failed
"../timers.c", line 101: error #110: expression preceding parentheses of apparent call must have (pointer-to-) function type
"../timers.c", line 294: warning #225-D: function "snprinf" declared implicitly
"../timers.c", line 294: warning #169-D: argument of type "int" is incompatible with parameter of type "char *"
1 error detected in the compilation of "../timers.c".
gmake: *** [timers.obj] Error 1
gmake: Target 'all' not remade because of errors.

**** Build Finished ****

**** Build of configuration Debug for project timers ****

"C:\\ti\\ccs1220\\ccs\\utils\\bin\\gmake" -k -j 20 all -O 
 
Building file: "../timers.c"
Invoking: ARM Compiler
"C:/ti/ccs1220/ccs/tools/compiler/ti-cgt-arm_20.2.7.LTS/bin/armcl" -mv7M4 --code_state=16 --float_support=FPv4SPD16 -me -O2 --include_path="C:/Users/n10467874/OneDrive - Queensland University of Technology/!EGH456/CCS-Workspace/timers" --include_path="C:/ti/TivaWare_C_Series-2.2.0.295/examples/boards/ek-tm4c1294xl-boostxl-kentec-s1" --include_path="C:/ti/TivaWare_C_Series-2.2.0.295" --include_path="C:/ti/ccs1220/ccs/tools/compiler/ti-cgt-arm_20.2.7.LTS/include" --define=ccs="ccs" --define=PART_TM4C1294NCPDT --define=TARGET_IS_TM4C129_RA2 -g --gcc --diag_warning=225 --diag_wrap=off --display_error_number --gen_func_subsections=on --abi=eabi --ual --preproc_with_compile --preproc_dependency="timers.d_raw"  "../timers.c"
 
>> Compilation failure
subdir_rules.mk:9: recipe for target 'timers.obj' failed
"../timers.c", line 92: error #66: expected a ";"
"../timers.c", line 122: warning #12-D: parsing restarts here after previous syntax error
"../timers.c", line 123: warning #78-D: this declaration has no storage class or type specifier
"../timers.c", line 123: error #28: expression must have a constant value
"../timers.c", line 123: error #28: expression must have a constant value
"../timers.c", line 123: error #45: expression must have pointer type
"../timers.c", line 124: warning #78-D: this declaration has no storage class or type specifier
"../timers.c", line 124: error #28: expression must have a constant value
"../timers.c", line 124: error #28: expression must have a constant value
"../timers.c", line 124: error #45: expression must have pointer type
"../timers.c", line 125: error #80: expected a type specifier
"../timers.c", line 125: error #760: variable "cOne" is not a type name
"../timers.c", line 125: error #760: variable "cTwo" is not a type name
"../timers.c", line 125: warning #78-D: this declaration has no storage class or type specifier
"../timers.c", line 125: error #148: declaration is incompatible with "void UARTprintf(const char *, ...)" (declared at line 65 of "C:/ti/TivaWare_C_Series-2.2.0.295/utils/uartstdio.h")
"../timers.c", line 126: error #41: expected an identifier
"../timers.c", line 126: error #80: expected a type specifier
"../timers.c", line 126: error #91: function returning function is not allowed
"../timers.c", line 126: error #80: expected a type specifier
"../timers.c", line 127: warning #78-D: this declaration has no storage class or type specifier
"../timers.c", line 127: error #148: declaration is incompatible with "char g1" (declared at line 91)
"../timers.c", line 127: error #150: variable "g1" has already been initialized
"../timers.c", line 127: error #28: expression must have a constant value
"../timers.c", line 128: warning #78-D: this declaration has no storage class or type specifier
"../timers.c", line 128: error #28: expression must have a constant value
"../timers.c", line 129: error #171: expected a declaration
"../timers.c", line 159: warning #12-D: parsing restarts here after previous syntax error
"../timers.c", line 160: warning #78-D: this declaration has no storage class or type specifier
"../timers.c", line 160: error #150: variable "cOne" has already been initialized
"../timers.c", line 160: error #28: expression must have a constant value
"../timers.c", line 160: error #28: expression must have a constant value
"../timers.c", line 160: error #45: expression must have pointer type
"../timers.c", line 161: warning #78-D: this declaration has no storage class or type specifier
"../timers.c", line 161: error #150: variable "cTwo" has already been initialized
"../timers.c", line 161: error #28: expression must have a constant value
"../timers.c", line 161: error #28: expression must have a constant value
"../timers.c", line 161: error #45: expression must have pointer type
"../timers.c", line 162: error #80: expected a type specifier
"../timers.c", line 162: error #760: variable "cOne" is not a type name
"../timers.c", line 162: error #760: variable "cTwo" is not a type name
"../timers.c", line 162: warning #78-D: this declaration has no storage class or type specifier
"../timers.c", line 163: error #41: expected an identifier
"../timers.c", line 163: error #80: expected a type specifier
"../timers.c", line 163: error #91: function returning function is not allowed
"../timers.c", line 163: error #80: expected a type specifier
"../timers.c", line 164: warning #78-D: this declaration has no storage class or type specifier
"../timers.c", line 164: error #148: declaration is incompatible with "char g1" (declared at line 91)
"../timers.c", line 164: error #150: variable "g1" has already been initialized
"../timers.c", line 164: error #28: expression must have a constant value
"../timers.c", line 165: warning #78-D: this declaration has no storage class or type specifier
"../timers.c", line 165: error #150: variable "g2" has already been initialized
"../timers.c", line 165: error #28: expression must have a constant value
"../timers.c", line 166: error #171: expected a declaration
"../timers.c", line 196: warning #12-D: parsing restarts here after previous syntax error
"../timers.c", line 197: error #171: expected a declaration
"../timers.c", line 225: warning #12-D: parsing restarts here after previous syntax error
"../timers.c", line 226: warning #78-D: this declaration has no storage class or type specifier
"../timers.c", line 226: error #148: declaration is incompatible with "void FPULazyStackingEnable(void)" (declared at line 97 of "C:/ti/TivaWare_C_Series-2.2.0.295/driverlib/fpu.h")
"../timers.c", line 232: warning #78-D: this declaration has no storage class or type specifier
"../timers.c", line 232: warning #93-D: identifier-list parameters may only be used in a function definition
"../timers.c", line 232: error #148: declaration is incompatible with "void Kentec320x240x16_SSD2119Init(uint32_t)" (declared at line 31 of "C:/ti/TivaWare_C_Series-2.2.0.295/examples/boards/ek-tm4c1294xl-boostxl-kentec-s1/drivers/Kentec320x240x16_ssd2119_spi.h")
"../timers.c", line 237: error #80: expected a type specifier
"../timers.c", line 237: error #80: expected a type specifier
"../timers.c", line 237: warning #78-D: this declaration has no storage class or type specifier
"../timers.c", line 237: error #148: declaration is incompatible with "void GrContextInit(tContext *, const tDisplay *)" (declared at line 2108 of "C:/ti/TivaWare_C_Series-2.2.0.295/grlib/grlib.h")
"../timers.c", line 243: error #171: expected a declaration
"../timers.c", line 244: error #80: expected a type specifier
"../timers.c", line 244: error #80: expected a type specifier
"../timers.c", line 244: warning #78-D: this declaration has no storage class or type specifier
"../timers.c", line 244: error #148: declaration is incompatible with "void GrRectFill(const tContext *, const tRectangle *)" (declared at line 2136 of "C:/ti/TivaWare_C_Series-2.2.0.295/grlib/grlib.h")
"../timers.c", line 249: error #171: expected a declaration
"../timers.c", line 250: error #80: expected a type specifier
"../timers.c", line 250: error #80: expected a type specifier
"../timers.c", line 250: warning #78-D: this declaration has no storage class or type specifier
"../timers.c", line 250: error #148: declaration is incompatible with "void GrRectDraw(const tContext *, const tRectangle *)" (declared at line 2135 of "C:/ti/TivaWare_C_Series-2.2.0.295/grlib/grlib.h")
"../timers.c", line 255: error #80: expected a type specifier
"../timers.c", line 255: error #80: expected a type specifier
"../timers.c", line 255: warning #78-D: this declaration has no storage class or type specifier
"../timers.c", line 255: error #148: declaration is incompatible with "void GrContextFontSet(tContext *, const tFont *)" (declared at line 1001 of "C:/ti/TivaWare_C_Series-2.2.0.295/grlib/grlib.h")
"../timers.c", line 256: error #171: expected a declaration
"../timers.c", line 263: error #80: expected a type specifier
"../timers.c", line 263: warning #78-D: this declaration has no storage class or type specifier
"../timers.c", line 263: error #148: declaration is incompatible with "void SysCtlPeripheralEnable(uint32_t)" (declared at line 605 of "C:/ti/TivaWare_C_Series-2.2.0.295/driverlib/sysctl.h")
"../timers.c", line 264: error #80: expected a type specifier
"../timers.c", line 264: warning #78-D: this declaration has no storage class or type specifier
"../timers.c", line 264: error #148: declaration is incompatible with "void SysCtlDelay(uint32_t)" (declared at line 631 of "C:/ti/TivaWare_C_Series-2.2.0.295/driverlib/sysctl.h")
"../timers.c", line 271: warning #78-D: this declaration has no storage class or type specifier
"../timers.c", line 271: warning #93-D: identifier-list parameters may only be used in a function definition
"../timers.c", line 271: error #148: declaration is incompatible with "void TouchScreenInit(uint32_t)" (declared at line 45 of "C:/ti/TivaWare_C_Series-2.2.0.295/examples/boards/ek-tm4c1294xl-boostxl-kentec-s1/drivers/touch.h")
"../timers.c", line 272: warning #78-D: this declaration has no storage class or type specifier
"../timers.c", line 272: warning #93-D: identifier-list parameters may only be used in a function definition
"../timers.c", line 272: error #148: declaration is incompatible with "void TouchScreenCallbackSet(int32_t (*)(uint32_t, int32_t, int32_t))" (declared at line 46 of "C:/ti/TivaWare_C_Series-2.2.0.295/examples/boards/ek-tm4c1294xl-boostxl-kentec-s1/drivers/touch.h")
"../timers.c", line 273: error #171: expected a declaration
"../timers.c", line 308: warning #12-D: parsing restarts here after previous syntax error
"../timers.c", line 313: error #41: expected an identifier
"../timers.c", line 313: error #80: expected a type specifier
"../timers.c", line 313: error #91: function returning function is not allowed
"../timers.c", line 313: error #80: expected a type specifier
"../timers.c", line 313: error #80: expected a type specifier
"../timers.c", line 313: error #80: expected a type specifier
"../timers.c", line 319: error #41: expected an identifier
"../timers.c", line 319: error #80: expected a type specifier
"../timers.c", line 319: error #91: function returning function is not allowed
"../timers.c", line 319: error #80: expected a type specifier
"../timers.c", line 319: error #80: expected a type specifier
"../timers.c", line 320: error #41: expected an identifier
"../timers.c", line 320: error #80: expected a type specifier
"../timers.c", line 320: error #91: function returning function is not allowed
"../timers.c", line 320: error #80: expected a type specifier
"../timers.c", line 320: error #80: expected a type specifier
"../timers.c", line 325: error #41: expected an identifier
"../timers.c", line 325: error #80: expected a type specifier
"../timers.c", line 325: error #91: function returning function is not allowed
"../timers.c", line 325: error #80: expected a type specifier
"../timers.c", line 330: error #41: expected an identifier
"../timers.c", line 330: error #80: expected a type specifier
"../timers.c", line 330: error #91: function returning function is not allowed
"../timers.c", line 330: error #80: expected a type specifier
"../timers.c", line 330: error #80: expected a type specifier
"../timers.c", line 330: error #80: expected a type specifier
"../timers.c", line 331: error #41: expected an identifier
"../timers.c", line 331: error #80: expected a type specifier
"../timers.c", line 331: error #91: function returning function is not allowed
"../timers.c", line 331: error #80: expected a type specifier
"../timers.c", line 331: error #80: expected a type specifier
"../timers.c", line 331: error #80: expected a type specifier
"../timers.c", line 332: error #41: expected an identifier
"../timers.c", line 332: error #80: expected a type specifier
Error limit reached.
100 errors detected in the compilation of "../timers.c".
Compilation terminated.
gmake: *** [timers.obj] Error 1
gmake: Target 'all' not remade because of errors.

**** Build Finished ****

**** Build of configuration Debug for project timers ****

"C:\\ti\\ccs1220\\ccs\\utils\\bin\\gmake" -k -j 20 all -O 
 
Building file: "../timers.c"
Invoking: ARM Compiler
"C:/ti/ccs1220/ccs/tools/compiler/ti-cgt-arm_20.2.7.LTS/bin/armcl" -mv7M4 --code_state=16 --float_support=FPv4SPD16 -me -O2 --include_path="C:/Users/n10467874/OneDrive - Queensland University of Technology/!EGH456/CCS-Workspace/timers" --include_path="C:/ti/TivaWare_C_Series-2.2.0.295/examples/boards/ek-tm4c1294xl-boostxl-kentec-s1" --include_path="C:/ti/TivaWare_C_Series-2.2.0.295" --include_path="C:/ti/ccs1220/ccs/tools/compiler/ti-cgt-arm_20.2.7.LTS/include" --define=ccs="ccs" --define=PART_TM4C1294NCPDT --define=TARGET_IS_TM4C129_RA2 -g --gcc --diag_warning=225 --diag_wrap=off --display_error_number --gen_func_subsections=on --abi=eabi --ual --preproc_with_compile --preproc_dependency="timers.d_raw"  "../timers.c"
 
>> Compilation failure
subdir_rules.mk:9: recipe for target 'timers.obj' failed
"../timers.c", line 92: error #66: expected a ";"
"../timers.c", line 122: warning #12-D: parsing restarts here after previous syntax error
"../timers.c", line 123: warning #78-D: this declaration has no storage class or type specifier
"../timers.c", line 123: error #28: expression must have a constant value
"../timers.c", line 123: error #28: expression must have a constant value
"../timers.c", line 123: error #45: expression must have pointer type
"../timers.c", line 124: warning #78-D: this declaration has no storage class or type specifier
"../timers.c", line 124: error #28: expression must have a constant value
"../timers.c", line 124: error #28: expression must have a constant value
"../timers.c", line 124: error #45: expression must have pointer type
"../timers.c", line 125: error #80: expected a type specifier
"../timers.c", line 125: error #760: variable "cOne" is not a type name
"../timers.c", line 125: error #760: variable "cTwo" is not a type name
"../timers.c", line 125: warning #78-D: this declaration has no storage class or type specifier
"../timers.c", line 125: error #148: declaration is incompatible with "void UARTprintf(const char *, ...)" (declared at line 65 of "C:/ti/TivaWare_C_Series-2.2.0.295/utils/uartstdio.h")
"../timers.c", line 126: error #41: expected an identifier
"../timers.c", line 126: error #80: expected a type specifier
"../timers.c", line 126: error #91: function returning function is not allowed
"../timers.c", line 126: error #80: expected a type specifier
"../timers.c", line 127: warning #78-D: this declaration has no storage class or type specifier
"../timers.c", line 127: error #148: declaration is incompatible with "char g1" (declared at line 91)
"../timers.c", line 127: error #150: variable "g1" has already been initialized
"../timers.c", line 127: error #28: expression must have a constant value
"../timers.c", line 128: warning #78-D: this declaration has no storage class or type specifier
"../timers.c", line 128: error #28: expression must have a constant value
"../timers.c", line 129: error #171: expected a declaration
"../timers.c", line 159: warning #12-D: parsing restarts here after previous syntax error
"../timers.c", line 160: warning #78-D: this declaration has no storage class or type specifier
"../timers.c", line 160: error #150: variable "cOne" has already been initialized
"../timers.c", line 160: error #28: expression must have a constant value
"../timers.c", line 160: error #28: expression must have a constant value
"../timers.c", line 160: error #45: expression must have pointer type
"../timers.c", line 161: warning #78-D: this declaration has no storage class or type specifier
"../timers.c", line 161: error #150: variable "cTwo" has already been initialized
"../timers.c", line 161: error #28: expression must have a constant value
"../timers.c", line 161: error #28: expression must have a constant value
"../timers.c", line 161: error #45: expression must have pointer type
"../timers.c", line 162: error #80: expected a type specifier
"../timers.c", line 162: error #760: variable "cOne" is not a type name
"../timers.c", line 162: error #760: variable "cTwo" is not a type name
"../timers.c", line 162: warning #78-D: this declaration has no storage class or type specifier
"../timers.c", line 163: error #41: expected an identifier
"../timers.c", line 163: error #80: expected a type specifier
"../timers.c", line 163: error #91: function returning function is not allowed
"../timers.c", line 163: error #80: expected a type specifier
"../timers.c", line 164: warning #78-D: this declaration has no storage class or type specifier
"../timers.c", line 164: error #148: declaration is incompatible with "char g1" (declared at line 91)
"../timers.c", line 164: error #150: variable "g1" has already been initialized
"../timers.c", line 164: error #28: expression must have a constant value
"../timers.c", line 165: warning #78-D: this declaration has no storage class or type specifier
"../timers.c", line 165: error #150: variable "g2" has already been initialized
"../timers.c", line 165: error #28: expression must have a constant value
"../timers.c", line 166: error #171: expected a declaration
"../timers.c", line 196: warning #12-D: parsing restarts here after previous syntax error
"../timers.c", line 197: error #171: expected a declaration
"../timers.c", line 225: warning #12-D: parsing restarts here after previous syntax error
"../timers.c", line 226: warning #78-D: this declaration has no storage class or type specifier
"../timers.c", line 226: error #148: declaration is incompatible with "void FPULazyStackingEnable(void)" (declared at line 97 of "C:/ti/TivaWare_C_Series-2.2.0.295/driverlib/fpu.h")
"../timers.c", line 232: warning #78-D: this declaration has no storage class or type specifier
"../timers.c", line 232: warning #93-D: identifier-list parameters may only be used in a function definition
"../timers.c", line 232: error #148: declaration is incompatible with "void Kentec320x240x16_SSD2119Init(uint32_t)" (declared at line 31 of "C:/ti/TivaWare_C_Series-2.2.0.295/examples/boards/ek-tm4c1294xl-boostxl-kentec-s1/drivers/Kentec320x240x16_ssd2119_spi.h")
"../timers.c", line 237: error #80: expected a type specifier
"../timers.c", line 237: error #80: expected a type specifier
"../timers.c", line 237: warning #78-D: this declaration has no storage class or type specifier
"../timers.c", line 237: error #148: declaration is incompatible with "void GrContextInit(tContext *, const tDisplay *)" (declared at line 2108 of "C:/ti/TivaWare_C_Series-2.2.0.295/grlib/grlib.h")
"../timers.c", line 243: error #171: expected a declaration
"../timers.c", line 244: error #80: expected a type specifier
"../timers.c", line 244: error #80: expected a type specifier
"../timers.c", line 244: warning #78-D: this declaration has no storage class or type specifier
"../timers.c", line 244: error #148: declaration is incompatible with "void GrRectFill(const tContext *, const tRectangle *)" (declared at line 2136 of "C:/ti/TivaWare_C_Series-2.2.0.295/grlib/grlib.h")
"../timers.c", line 249: error #171: expected a declaration
"../timers.c", line 250: error #80: expected a type specifier
"../timers.c", line 250: error #80: expected a type specifier
"../timers.c", line 250: warning #78-D: this declaration has no storage class or type specifier
"../timers.c", line 250: error #148: declaration is incompatible with "void GrRectDraw(const tContext *, const tRectangle *)" (declared at line 2135 of "C:/ti/TivaWare_C_Series-2.2.0.295/grlib/grlib.h")
"../timers.c", line 255: error #80: expected a type specifier
"../timers.c", line 255: error #80: expected a type specifier
"../timers.c", line 255: warning #78-D: this declaration has no storage class or type specifier
"../timers.c", line 255: error #148: declaration is incompatible with "void GrContextFontSet(tContext *, const tFont *)" (declared at line 1001 of "C:/ti/TivaWare_C_Series-2.2.0.295/grlib/grlib.h")
"../timers.c", line 256: error #171: expected a declaration
"../timers.c", line 263: error #80: expected a type specifier
"../timers.c", line 263: warning #78-D: this declaration has no storage class or type specifier
"../timers.c", line 263: error #148: declaration is incompatible with "void SysCtlPeripheralEnable(uint32_t)" (declared at line 605 of "C:/ti/TivaWare_C_Series-2.2.0.295/driverlib/sysctl.h")
"../timers.c", line 264: error #80: expected a type specifier
"../timers.c", line 264: warning #78-D: this declaration has no storage class or type specifier
"../timers.c", line 264: error #148: declaration is incompatible with "void SysCtlDelay(uint32_t)" (declared at line 631 of "C:/ti/TivaWare_C_Series-2.2.0.295/driverlib/sysctl.h")
"../timers.c", line 271: warning #78-D: this declaration has no storage class or type specifier
"../timers.c", line 271: warning #93-D: identifier-list parameters may only be used in a function definition
"../timers.c", line 271: error #148: declaration is incompatible with "void TouchScreenInit(uint32_t)" (declared at line 45 of "C:/ti/TivaWare_C_Series-2.2.0.295/examples/boards/ek-tm4c1294xl-boostxl-kentec-s1/drivers/touch.h")
"../timers.c", line 272: warning #78-D: this declaration has no storage class or type specifier
"../timers.c", line 272: warning #93-D: identifier-list parameters may only be used in a function definition
"../timers.c", line 272: error #148: declaration is incompatible with "void TouchScreenCallbackSet(int32_t (*)(uint32_t, int32_t, int32_t))" (declared at line 46 of "C:/ti/TivaWare_C_Series-2.2.0.295/examples/boards/ek-tm4c1294xl-boostxl-kentec-s1/drivers/touch.h")
"../timers.c", line 273: error #171: expected a declaration
"../timers.c", line 308: warning #12-D: parsing restarts here after previous syntax error
"../timers.c", line 313: error #41: expected an identifier
"../timers.c", line 313: error #80: expected a type specifier
"../timers.c", line 313: error #91: function returning function is not allowed
"../timers.c", line 313: error #80: expected a type specifier
"../timers.c", line 313: error #80: expected a type specifier
"../timers.c", line 313: error #80: expected a type specifier
"../timers.c", line 319: error #41: expected an identifier
"../timers.c", line 319: error #80: expected a type specifier
"../timers.c", line 319: error #91: function returning function is not allowed
"../timers.c", line 319: error #80: expected a type specifier
"../timers.c", line 319: error #80: expected a type specifier
"../timers.c", line 320: error #41: expected an identifier
"../timers.c", line 320: error #80: expected a type specifier
"../timers.c", line 320: error #91: function returning function is not allowed
"../timers.c", line 320: error #80: expected a type specifier
"../timers.c", line 320: error #80: expected a type specifier
"../timers.c", line 325: error #41: expected an identifier
"../timers.c", line 325: error #80: expected a type specifier
"../timers.c", line 325: error #91: function returning function is not allowed
"../timers.c", line 325: error #80: expected a type specifier
"../timers.c", line 330: error #41: expected an identifier
"../timers.c", line 330: error #80: expected a type specifier
"../timers.c", line 330: error #91: function returning function is not allowed
"../timers.c", line 330: error #80: expected a type specifier
"../timers.c", line 330: error #80: expected a type specifier
"../timers.c", line 330: error #80: expected a type specifier
"../timers.c", line 331: error #41: expected an identifier
"../timers.c", line 331: error #80: expected a type specifier
"../timers.c", line 331: error #91: function returning function is not allowed
"../timers.c", line 331: error #80: expected a type specifier
"../timers.c", line 331: error #80: expected a type specifier
"../timers.c", line 331: error #80: expected a type specifier
"../timers.c", line 332: error #41: expected an identifier
"../timers.c", line 332: error #80: expected a type specifier
Error limit reached.
100 errors detected in the compilation of "../timers.c".
Compilation terminated.
gmake: *** [timers.obj] Error 1
gmake: Target 'all' not remade because of errors.

**** Build Finished ****

**** Build of configuration Debug for project timers ****

"C:\\ti\\ccs1220\\ccs\\utils\\bin\\gmake" -k -j 20 all -O 
 
Building file: "../timers.c"
Invoking: ARM Compiler
"C:/ti/ccs1220/ccs/tools/compiler/ti-cgt-arm_20.2.7.LTS/bin/armcl" -mv7M4 --code_state=16 --float_support=FPv4SPD16 -me -O2 --include_path="C:/Users/n10467874/OneDrive - Queensland University of Technology/!EGH456/CCS-Workspace/timers" --include_path="C:/ti/TivaWare_C_Series-2.2.0.295/examples/boards/ek-tm4c1294xl-boostxl-kentec-s1" --include_path="C:/ti/TivaWare_C_Series-2.2.0.295" --include_path="C:/ti/ccs1220/ccs/tools/compiler/ti-cgt-arm_20.2.7.LTS/include" --define=ccs="ccs" --define=PART_TM4C1294NCPDT --define=TARGET_IS_TM4C129_RA2 -g --gcc --diag_warning=225 --diag_wrap=off --display_error_number --gen_func_subsections=on --abi=eabi --ual --preproc_with_compile --preproc_dependency="timers.d_raw"  "../timers.c"
"../timers.c", line 295: warning #225-D: function "snprinf" declared implicitly
"../timers.c", line 295: warning #169-D: argument of type "int" is incompatible with parameter of type "char *"
Finished building: "../timers.c"
 
Building target: "timers.out"
Invoking: ARM Linker
"C:/ti/ccs1220/ccs/tools/compiler/ti-cgt-arm_20.2.7.LTS/bin/armcl" -mv7M4 --code_state=16 --float_support=FPv4SPD16 -me -O2 --define=ccs="ccs" --define=PART_TM4C1294NCPDT --define=TARGET_IS_TM4C129_RA2 -g --gcc --diag_warning=225 --diag_wrap=off --display_error_number --gen_func_subsections=on --abi=eabi --ual -z -m"timers_ccs.map" --heap_size=0 --stack_size=256 -i"C:/ti/ccs1220/ccs/tools/compiler/ti-cgt-arm_20.2.7.LTS/lib" -i"C:/ti/ccs1220/ccs/tools/compiler/ti-cgt-arm_20.2.7.LTS/include" --reread_libs --diag_wrap=off --display_error_number --warn_sections --xml_link_info="timers_linkInfo.xml" --rom_model -o "timers.out" "./startup_ccs.obj" "./timers.obj" "./drivers/Kentec320x240x16_ssd2119_spi.obj" "./drivers/touch.obj" "./utils/uartstdio.obj" "../timers_ccs.cmd"  -l"C:/ti/TivaWare_C_Series-2.2.0.295/driverlib/ccs/Debug/driverlib.lib" -l"C:/ti/TivaWare_C_Series-2.2.0.295/grlib/ccs/Debug/grlib.lib" -llibc.a 
<Linking>
 
 undefined first referenced
  symbol       in file     
 --------- ----------------
 snprinf   ./timers.obj    
 
error #10234-D: unresolved symbols remain
error #10010: errors encountered during linking; "timers.out" not built
 
>> Compilation failure
makefile:145: recipe for target 'timers.out' failed
gmake[1]: *** [timers.out] Error 1
makefile:141: recipe for target 'all' failed
gmake: *** [all] Error 2

**** Build Finished ****

**** Build of configuration Debug for project timers ****

"C:\\ti\\ccs1220\\ccs\\utils\\bin\\gmake" -k -j 20 all -O 
 
Building target: "timers.out"
Invoking: ARM Linker
"C:/ti/ccs1220/ccs/tools/compiler/ti-cgt-arm_20.2.7.LTS/bin/armcl" -mv7M4 --code_state=16 --float_support=FPv4SPD16 -me -O2 --define=ccs="ccs" --define=PART_TM4C1294NCPDT --define=TARGET_IS_TM4C129_RA2 -g --gcc --diag_warning=225 --diag_wrap=off --display_error_number --gen_func_subsections=on --abi=eabi --ual -z -m"timers_ccs.map" --heap_size=0 --stack_size=256 -i"C:/ti/ccs1220/ccs/tools/compiler/ti-cgt-arm_20.2.7.LTS/lib" -i"C:/ti/ccs1220/ccs/tools/compiler/ti-cgt-arm_20.2.7.LTS/include" --reread_libs --diag_wrap=off --display_error_number --warn_sections --xml_link_info="timers_linkInfo.xml" --rom_model -o "timers.out" "./startup_ccs.obj" "./timers.obj" "./drivers/Kentec320x240x16_ssd2119_spi.obj" "./drivers/touch.obj" "./utils/uartstdio.obj" "../timers_ccs.cmd"  -l"C:/ti/TivaWare_C_Series-2.2.0.295/driverlib/ccs/Debug/driverlib.lib" -l"C:/ti/TivaWare_C_Series-2.2.0.295/grlib/ccs/Debug/grlib.lib" -llibc.a 
<Linking>
 
 undefined first referenced
  symbol       in file     
 --------- ----------------
 snprinf   ./timers.obj    
 
error #10234-D: unresolved symbols remain
error #10010: errors encountered during linking; "timers.out" not built
 
>> Compilation failure
makefile:145: recipe for target 'timers.out' failed
gmake[1]: *** [timers.out] Error 1
makefile:141: recipe for target 'all' failed
gmake: *** [all] Error 2

**** Build Finished ****

**** Build of configuration Debug for project timers ****

"C:\\ti\\ccs1220\\ccs\\utils\\bin\\gmake" -k -j 20 all -O 
 
Building target: "timers.out"
Invoking: ARM Linker
"C:/ti/ccs1220/ccs/tools/compiler/ti-cgt-arm_20.2.7.LTS/bin/armcl" -mv7M4 --code_state=16 --float_support=FPv4SPD16 -me -O2 --define=ccs="ccs" --define=PART_TM4C1294NCPDT --define=TARGET_IS_TM4C129_RA2 -g --gcc --diag_warning=225 --diag_wrap=off --display_error_number --gen_func_subsections=on --abi=eabi --ual -z -m"timers_ccs.map" --heap_size=0 --stack_size=256 -i"C:/ti/ccs1220/ccs/tools/compiler/ti-cgt-arm_20.2.7.LTS/lib" -i"C:/ti/ccs1220/ccs/tools/compiler/ti-cgt-arm_20.2.7.LTS/include" --reread_libs --diag_wrap=off --display_error_number --warn_sections --xml_link_info="timers_linkInfo.xml" --rom_model -o "timers.out" "./startup_ccs.obj" "./timers.obj" "./drivers/Kentec320x240x16_ssd2119_spi.obj" "./drivers/touch.obj" "./utils/uartstdio.obj" "../timers_ccs.cmd"  -l"C:/ti/TivaWare_C_Series-2.2.0.295/driverlib/ccs/Debug/driverlib.lib" -l"C:/ti/TivaWare_C_Series-2.2.0.295/grlib/ccs/Debug/grlib.lib" -llibc.a 
<Linking>
 
 undefined first referenced
  symbol       in file     
 --------- ----------------
 snprinf   ./timers.obj    
 
error #10234-D: unresolved symbols remain
error #10010: errors encountered during linking; "timers.out" not built
 
>> Compilation failure
makefile:145: recipe for target 'timers.out' failed
gmake[1]: *** [timers.out] Error 1
makefile:141: recipe for target 'all' failed
gmake: *** [all] Error 2

**** Build Finished ****

**** Build of configuration Debug for project timers ****

"C:\\ti\\ccs1220\\ccs\\utils\\bin\\gmake" -k -j 20 all -O 
 
Building target: "timers.out"
Invoking: ARM Linker
"C:/ti/ccs1220/ccs/tools/compiler/ti-cgt-arm_20.2.7.LTS/bin/armcl" -mv7M4 --code_state=16 --float_support=FPv4SPD16 -me -O2 --define=ccs="ccs" --define=PART_TM4C1294NCPDT --define=TARGET_IS_TM4C129_RA2 -g --gcc --diag_warning=225 --diag_wrap=off --display_error_number --gen_func_subsections=on --abi=eabi --ual -z -m"timers_ccs.map" --heap_size=0 --stack_size=256 -i"C:/ti/ccs1220/ccs/tools/compiler/ti-cgt-arm_20.2.7.LTS/lib" -i"C:/ti/ccs1220/ccs/tools/compiler/ti-cgt-arm_20.2.7.LTS/include" --reread_libs --diag_wrap=off --display_error_number --warn_sections --xml_link_info="timers_linkInfo.xml" --rom_model -o "timers.out" "./startup_ccs.obj" "./timers.obj" "./drivers/Kentec320x240x16_ssd2119_spi.obj" "./drivers/touch.obj" "./utils/uartstdio.obj" "../timers_ccs.cmd"  -l"C:/ti/TivaWare_C_Series-2.2.0.295/driverlib/ccs/Debug/driverlib.lib" -l"C:/ti/TivaWare_C_Series-2.2.0.295/grlib/ccs/Debug/grlib.lib" -llibc.a 
<Linking>
 
 undefined first referenced
  symbol       in file     
 --------- ----------------
 snprinf   ./timers.obj    
 
error #10234-D: unresolved symbols remain
error #10010: errors encountered during linking; "timers.out" not built
 
>> Compilation failure
makefile:145: recipe for target 'timers.out' failed
gmake[1]: *** [timers.out] Error 1
makefile:141: recipe for target 'all' failed
gmake: *** [all] Error 2

**** Build Finished ****

**** Build of configuration Debug for project timers ****

"C:\\ti\\ccs1220\\ccs\\utils\\bin\\gmake" -k -j 20 all -O 
 
Building target: "timers.out"
Invoking: ARM Linker
"C:/ti/ccs1220/ccs/tools/compiler/ti-cgt-arm_20.2.7.LTS/bin/armcl" -mv7M4 --code_state=16 --float_support=FPv4SPD16 -me -O2 --define=ccs="ccs" --define=PART_TM4C1294NCPDT --define=TARGET_IS_TM4C129_RA2 -g --gcc --diag_warning=225 --diag_wrap=off --display_error_number --gen_func_subsections=on --abi=eabi --ual -z -m"timers_ccs.map" --heap_size=0 --stack_size=256 -i"C:/ti/ccs1220/ccs/tools/compiler/ti-cgt-arm_20.2.7.LTS/lib" -i"C:/ti/ccs1220/ccs/tools/compiler/ti-cgt-arm_20.2.7.LTS/include" --reread_libs --diag_wrap=off --display_error_number --warn_sections --xml_link_info="timers_linkInfo.xml" --rom_model -o "timers.out" "./startup_ccs.obj" "./timers.obj" "./drivers/Kentec320x240x16_ssd2119_spi.obj" "./drivers/touch.obj" "./utils/uartstdio.obj" "../timers_ccs.cmd"  -l"C:/ti/TivaWare_C_Series-2.2.0.295/driverlib/ccs/Debug/driverlib.lib" -l"C:/ti/TivaWare_C_Series-2.2.0.295/grlib/ccs/Debug/grlib.lib" -llibc.a 
<Linking>
 
 undefined first referenced
  symbol       in file     
 --------- ----------------
 snprinf   ./timers.obj    
 
error #10234-D: unresolved symbols remain
error #10010: errors encountered during linking; "timers.out" not built
 
>> Compilation failure
makefile:145: recipe for target 'timers.out' failed
gmake[1]: *** [timers.out] Error 1
makefile:141: recipe for target 'all' failed
gmake: *** [all] Error 2

**** Build Finished ****

**** Build of configuration Debug for project timers ****

"C:\\ti\\ccs1220\\ccs\\utils\\bin\\gmake" -k -j 20 all -O 
 
Building target: "timers.out"
Invoking: ARM Linker
"C:/ti/ccs1220/ccs/tools/compiler/ti-cgt-arm_20.2.7.LTS/bin/armcl" -mv7M4 --code_state=16 --float_support=FPv4SPD16 -me -O2 --define=ccs="ccs" --define=PART_TM4C1294NCPDT --define=TARGET_IS_TM4C129_RA2 -g --gcc --diag_warning=225 --diag_wrap=off --display_error_number --gen_func_subsections=on --abi=eabi --ual -z -m"timers_ccs.map" --heap_size=0 --stack_size=256 -i"C:/ti/ccs1220/ccs/tools/compiler/ti-cgt-arm_20.2.7.LTS/lib" -i"C:/ti/ccs1220/ccs/tools/compiler/ti-cgt-arm_20.2.7.LTS/include" --reread_libs --diag_wrap=off --display_error_number --warn_sections --xml_link_info="timers_linkInfo.xml" --rom_model -o "timers.out" "./startup_ccs.obj" "./timers.obj" "./drivers/Kentec320x240x16_ssd2119_spi.obj" "./drivers/touch.obj" "./utils/uartstdio.obj" "../timers_ccs.cmd"  -l"C:/ti/TivaWare_C_Series-2.2.0.295/driverlib/ccs/Debug/driverlib.lib" -l"C:/ti/TivaWare_C_Series-2.2.0.295/grlib/ccs/Debug/grlib.lib" -llibc.a 
<Linking>
 
 undefined first referenced
  symbol       in file     
 --------- ----------------
 snprinf   ./timers.obj    
 
error #10234-D: unresolved symbols remain
error #10010: errors encountered during linking; "timers.out" not built
 
>> Compilation failure
makefile:145: recipe for target 'timers.out' failed
gmake[1]: *** [timers.out] Error 1
makefile:141: recipe for target 'all' failed
gmake: *** [all] Error 2

**** Build Finished ****

**** Build of configuration Debug for project timers ****

"C:\\ti\\ccs1220\\ccs\\utils\\bin\\gmake" -k -j 20 all -O 
 
Building file: "../timers.c"
Invoking: ARM Compiler
"C:/ti/ccs1220/ccs/tools/compiler/ti-cgt-arm_20.2.7.LTS/bin/armcl" -mv7M4 --code_state=16 --float_support=FPv4SPD16 -me -O2 --include_path="C:/Users/n10467874/OneDrive - Queensland University of Technology/!EGH456/CCS-Workspace/timers" --include_path="C:/ti/TivaWare_C_Series-2.2.0.295/examples/boards/ek-tm4c1294xl-boostxl-kentec-s1" --include_path="C:/ti/TivaWare_C_Series-2.2.0.295" --include_path="C:/ti/ccs1220/ccs/tools/compiler/ti-cgt-arm_20.2.7.LTS/include" --define=ccs="ccs" --define=PART_TM4C1294NCPDT --define=TARGET_IS_TM4C129_RA2 -g --gcc --diag_warning=225 --diag_wrap=off --display_error_number --gen_func_subsections=on --abi=eabi --ual --preproc_with_compile --preproc_dependency="timers.d_raw"  "../timers.c"
"../timers.c", line 295: warning #225-D: function "snprintf" declared implicitly
"../timers.c", line 295: warning #169-D: argument of type "int" is incompatible with parameter of type "char *"
Finished building: "../timers.c"
 
Building target: "timers.out"
Invoking: ARM Linker
"C:/ti/ccs1220/ccs/tools/compiler/ti-cgt-arm_20.2.7.LTS/bin/armcl" -mv7M4 --code_state=16 --float_support=FPv4SPD16 -me -O2 --define=ccs="ccs" --define=PART_TM4C1294NCPDT --define=TARGET_IS_TM4C129_RA2 -g --gcc --diag_warning=225 --diag_wrap=off --display_error_number --gen_func_subsections=on --abi=eabi --ual -z -m"timers_ccs.map" --heap_size=0 --stack_size=256 -i"C:/ti/ccs1220/ccs/tools/compiler/ti-cgt-arm_20.2.7.LTS/lib" -i"C:/ti/ccs1220/ccs/tools/compiler/ti-cgt-arm_20.2.7.LTS/include" --reread_libs --diag_wrap=off --display_error_number --warn_sections --xml_link_info="timers_linkInfo.xml" --rom_model -o "timers.out" "./startup_ccs.obj" "./timers.obj" "./drivers/Kentec320x240x16_ssd2119_spi.obj" "./drivers/touch.obj" "./utils/uartstdio.obj" "../timers_ccs.cmd"  -l"C:/ti/TivaWare_C_Series-2.2.0.295/driverlib/ccs/Debug/driverlib.lib" -l"C:/ti/TivaWare_C_Series-2.2.0.295/grlib/ccs/Debug/grlib.lib" -llibc.a 
<Linking>
Finished building target: "timers.out"
 
"C:/ti/ccs1220/ccs/utils/tiobj2bin/tiobj2bin" "timers.out" "timers.bin" "C:/ti/ccs1220/ccs/tools/compiler/ti-cgt-arm_20.2.7.LTS/bin/armofd" "C:/ti/ccs1220/ccs/tools/compiler/ti-cgt-arm_20.2.7.LTS/bin/armhex" "C:/ti/ccs1220/ccs/utils/tiobj2bin/mkhex4bin"
 

**** Build Finished ****

**** Build of configuration Debug for project timers ****

"C:\\ti\\ccs1220\\ccs\\utils\\bin\\gmake" -k -j 20 all -O 
 
gmake[1]: 'timers.out' is up to date.

**** Build Finished ****

**** Build of configuration Debug for project timers ****

"C:\\ti\\ccs1220\\ccs\\utils\\bin\\gmake" -k -j 20 all -O 
 
Building file: "../timers.c"
Invoking: ARM Compiler
"C:/ti/ccs1220/ccs/tools/compiler/ti-cgt-arm_20.2.7.LTS/bin/armcl" -mv7M4 --code_state=16 --float_support=FPv4SPD16 -me -O2 --include_path="C:/Users/n10467874/OneDrive - Queensland University of Technology/!EGH456/CCS-Workspace/timers" --include_path="C:/ti/TivaWare_C_Series-2.2.0.295/examples/boards/ek-tm4c1294xl-boostxl-kentec-s1" --include_path="C:/ti/TivaWare_C_Series-2.2.0.295" --include_path="C:/ti/ccs1220/ccs/tools/compiler/ti-cgt-arm_20.2.7.LTS/include" --define=ccs="ccs" --define=PART_TM4C1294NCPDT --define=TARGET_IS_TM4C129_RA2 -g --gcc --diag_warning=225 --diag_wrap=off --display_error_number --gen_func_subsections=on --abi=eabi --ual --preproc_with_compile --preproc_dependency="timers.d_raw"  "../timers.c"
"../timers.c", line 296: warning #169-D: argument of type "char" is incompatible with parameter of type "const char *__restrict__"
"../timers.c", line 296: warning #169-D: argument of type "int" is incompatible with parameter of type "char *"
Finished building: "../timers.c"
 
Building target: "timers.out"
Invoking: ARM Linker
"C:/ti/ccs1220/ccs/tools/compiler/ti-cgt-arm_20.2.7.LTS/bin/armcl" -mv7M4 --code_state=16 --float_support=FPv4SPD16 -me -O2 --define=ccs="ccs" --define=PART_TM4C1294NCPDT --define=TARGET_IS_TM4C129_RA2 -g --gcc --diag_warning=225 --diag_wrap=off --display_error_number --gen_func_subsections=on --abi=eabi --ual -z -m"timers_ccs.map" --heap_size=0 --stack_size=256 -i"C:/ti/ccs1220/ccs/tools/compiler/ti-cgt-arm_20.2.7.LTS/lib" -i"C:/ti/ccs1220/ccs/tools/compiler/ti-cgt-arm_20.2.7.LTS/include" --reread_libs --diag_wrap=off --display_error_number --warn_sections --xml_link_info="timers_linkInfo.xml" --rom_model -o "timers.out" "./startup_ccs.obj" "./timers.obj" "./drivers/Kentec320x240x16_ssd2119_spi.obj" "./drivers/touch.obj" "./utils/uartstdio.obj" "../timers_ccs.cmd"  -l"C:/ti/TivaWare_C_Series-2.2.0.295/driverlib/ccs/Debug/driverlib.lib" -l"C:/ti/TivaWare_C_Series-2.2.0.295/grlib/ccs/Debug/grlib.lib" -llibc.a 
<Linking>
Finished building target: "timers.out"
 
"C:/ti/ccs1220/ccs/utils/tiobj2bin/tiobj2bin" "timers.out" "timers.bin" "C:/ti/ccs1220/ccs/tools/compiler/ti-cgt-arm_20.2.7.LTS/bin/armofd" "C:/ti/ccs1220/ccs/tools/compiler/ti-cgt-arm_20.2.7.LTS/bin/armhex" "C:/ti/ccs1220/ccs/utils/tiobj2bin/mkhex4bin"
 

**** Build Finished ****

**** Build of configuration Debug for project timers ****

"C:\\ti\\ccs1220\\ccs\\utils\\bin\\gmake" -k -j 20 all -O 
 
gmake[1]: 'timers.out' is up to date.

**** Build Finished ****

**** Build of configuration Debug for project timers ****

"C:\\ti\\ccs1220\\ccs\\utils\\bin\\gmake" -k -j 20 all -O 
 
Building file: "../timers.c"
Invoking: ARM Compiler
"C:/ti/ccs1220/ccs/tools/compiler/ti-cgt-arm_20.2.7.LTS/bin/armcl" -mv7M4 --code_state=16 --float_support=FPv4SPD16 -me -O2 --include_path="C:/Users/n10467874/OneDrive - Queensland University of Technology/!EGH456/CCS-Workspace/timers" --include_path="C:/ti/TivaWare_C_Series-2.2.0.295/examples/boards/ek-tm4c1294xl-boostxl-kentec-s1" --include_path="C:/ti/TivaWare_C_Series-2.2.0.295" --include_path="C:/ti/ccs1220/ccs/tools/compiler/ti-cgt-arm_20.2.7.LTS/include" --define=ccs="ccs" --define=PART_TM4C1294NCPDT --define=TARGET_IS_TM4C129_RA2 -g --gcc --diag_warning=225 --diag_wrap=off --display_error_number --gen_func_subsections=on --abi=eabi --ual --preproc_with_compile --preproc_dependency="timers.d_raw"  "../timers.c"
Finished building: "../timers.c"
 
Building target: "timers.out"
Invoking: ARM Linker
"C:/ti/ccs1220/ccs/tools/compiler/ti-cgt-arm_20.2.7.LTS/bin/armcl" -mv7M4 --code_state=16 --float_support=FPv4SPD16 -me -O2 --define=ccs="ccs" --define=PART_TM4C1294NCPDT --define=TARGET_IS_TM4C129_RA2 -g --gcc --diag_warning=225 --diag_wrap=off --display_error_number --gen_func_subsections=on --abi=eabi --ual -z -m"timers_ccs.map" --heap_size=0 --stack_size=256 -i"C:/ti/ccs1220/ccs/tools/compiler/ti-cgt-arm_20.2.7.LTS/lib" -i"C:/ti/ccs1220/ccs/tools/compiler/ti-cgt-arm_20.2.7.LTS/include" --reread_libs --diag_wrap=off --display_error_number --warn_sections --xml_link_info="timers_linkInfo.xml" --rom_model -o "timers.out" "./startup_ccs.obj" "./timers.obj" "./drivers/Kentec320x240x16_ssd2119_spi.obj" "./drivers/touch.obj" "./utils/uartstdio.obj" "../timers_ccs.cmd"  -l"C:/ti/TivaWare_C_Series-2.2.0.295/driverlib/ccs/Debug/driverlib.lib" -l"C:/ti/TivaWare_C_Series-2.2.0.295/grlib/ccs/Debug/grlib.lib" -llibc.a 
<Linking>
Finished building target: "timers.out"
 
"C:/ti/ccs1220/ccs/utils/tiobj2bin/tiobj2bin" "timers.out" "timers.bin" "C:/ti/ccs1220/ccs/tools/compiler/ti-cgt-arm_20.2.7.LTS/bin/armofd" "C:/ti/ccs1220/ccs/tools/compiler/ti-cgt-arm_20.2.7.LTS/bin/armhex" "C:/ti/ccs1220/ccs/utils/tiobj2bin/mkhex4bin"
 

**** Build Finished ****

**** Build of configuration Debug for project timers ****

"C:\\ti\\ccs1220\\ccs\\utils\\bin\\gmake" -k -j 20 all -O 
 
Building file: "../timers.c"
Invoking: ARM Compiler
"C:/ti/ccs1220/ccs/tools/compiler/ti-cgt-arm_20.2.7.LTS/bin/armcl" -mv7M4 --code_state=16 --float_support=FPv4SPD16 -me -O2 --include_path="C:/Users/n10467874/OneDrive - Queensland University of Technology/!EGH456/CCS-Workspace/timers" --include_path="C:/ti/TivaWare_C_Series-2.2.0.295/examples/boards/ek-tm4c1294xl-boostxl-kentec-s1" --include_path="C:/ti/TivaWare_C_Series-2.2.0.295" --include_path="C:/ti/ccs1220/ccs/tools/compiler/ti-cgt-arm_20.2.7.LTS/include" --define=ccs="ccs" --define=PART_TM4C1294NCPDT --define=TARGET_IS_TM4C129_RA2 -g --gcc --diag_warning=225 --diag_wrap=off --display_error_number --gen_func_subsections=on --abi=eabi --ual --preproc_with_compile --preproc_dependency="timers.d_raw"  "../timers.c"
Finished building: "../timers.c"
 
Building target: "timers.out"
Invoking: ARM Linker
"C:/ti/ccs1220/ccs/tools/compiler/ti-cgt-arm_20.2.7.LTS/bin/armcl" -mv7M4 --code_state=16 --float_support=FPv4SPD16 -me -O2 --define=ccs="ccs" --define=PART_TM4C1294NCPDT --define=TARGET_IS_TM4C129_RA2 -g --gcc --diag_warning=225 --diag_wrap=off --display_error_number --gen_func_subsections=on --abi=eabi --ual -z -m"timers_ccs.map" --heap_size=0 --stack_size=256 -i"C:/ti/ccs1220/ccs/tools/compiler/ti-cgt-arm_20.2.7.LTS/lib" -i"C:/ti/ccs1220/ccs/tools/compiler/ti-cgt-arm_20.2.7.LTS/include" --reread_libs --diag_wrap=off --display_error_number --warn_sections --xml_link_info="timers_linkInfo.xml" --rom_model -o "timers.out" "./startup_ccs.obj" "./timers.obj" "./drivers/Kentec320x240x16_ssd2119_spi.obj" "./drivers/touch.obj" "./utils/uartstdio.obj" "../timers_ccs.cmd"  -l"C:/ti/TivaWare_C_Series-2.2.0.295/driverlib/ccs/Debug/driverlib.lib" -l"C:/ti/TivaWare_C_Series-2.2.0.295/grlib/ccs/Debug/grlib.lib" -llibc.a 
<Linking>
Finished building target: "timers.out"
 
"C:/ti/ccs1220/ccs/utils/tiobj2bin/tiobj2bin" "timers.out" "timers.bin" "C:/ti/ccs1220/ccs/tools/compiler/ti-cgt-arm_20.2.7.LTS/bin/armofd" "C:/ti/ccs1220/ccs/tools/compiler/ti-cgt-arm_20.2.7.LTS/bin/armhex" "C:/ti/ccs1220/ccs/utils/tiobj2bin/mkhex4bin"
 

**** Build Finished ****

**** Build of configuration Debug for project timers ****

"C:\\ti\\ccs1220\\ccs\\utils\\bin\\gmake" -k -j 20 all -O 
 
Building file: "../timers.c"
Invoking: ARM Compiler
"C:/ti/ccs1220/ccs/tools/compiler/ti-cgt-arm_20.2.7.LTS/bin/armcl" -mv7M4 --code_state=16 --float_support=FPv4SPD16 -me -O2 --include_path="C:/Users/n10467874/OneDrive - Queensland University of Technology/!EGH456/CCS-Workspace/timers" --include_path="C:/ti/TivaWare_C_Series-2.2.0.295/examples/boards/ek-tm4c1294xl-boostxl-kentec-s1" --include_path="C:/ti/TivaWare_C_Series-2.2.0.295" --include_path="C:/ti/ccs1220/ccs/tools/compiler/ti-cgt-arm_20.2.7.LTS/include" --define=ccs="ccs" --define=PART_TM4C1294NCPDT --define=TARGET_IS_TM4C129_RA2 -g --gcc --diag_warning=225 --diag_wrap=off --display_error_number --gen_func_subsections=on --abi=eabi --ual --preproc_with_compile --preproc_dependency="timers.d_raw"  "../timers.c"
Finished building: "../timers.c"
 
Building target: "timers.out"
Invoking: ARM Linker
"C:/ti/ccs1220/ccs/tools/compiler/ti-cgt-arm_20.2.7.LTS/bin/armcl" -mv7M4 --code_state=16 --float_support=FPv4SPD16 -me -O2 --define=ccs="ccs" --define=PART_TM4C1294NCPDT --define=TARGET_IS_TM4C129_RA2 -g --gcc --diag_warning=225 --diag_wrap=off --display_error_number --gen_func_subsections=on --abi=eabi --ual -z -m"timers_ccs.map" --heap_size=0 --stack_size=256 -i"C:/ti/ccs1220/ccs/tools/compiler/ti-cgt-arm_20.2.7.LTS/lib" -i"C:/ti/ccs1220/ccs/tools/compiler/ti-cgt-arm_20.2.7.LTS/include" --reread_libs --diag_wrap=off --display_error_number --warn_sections --xml_link_info="timers_linkInfo.xml" --rom_model -o "timers.out" "./startup_ccs.obj" "./timers.obj" "./drivers/Kentec320x240x16_ssd2119_spi.obj" "./drivers/touch.obj" "./utils/uartstdio.obj" "../timers_ccs.cmd"  -l"C:/ti/TivaWare_C_Series-2.2.0.295/driverlib/ccs/Debug/driverlib.lib" -l"C:/ti/TivaWare_C_Series-2.2.0.295/grlib/ccs/Debug/grlib.lib" -llibc.a 
<Linking>
Finished building target: "timers.out"
 
"C:/ti/ccs1220/ccs/utils/tiobj2bin/tiobj2bin" "timers.out" "timers.bin" "C:/ti/ccs1220/ccs/tools/compiler/ti-cgt-arm_20.2.7.LTS/bin/armofd" "C:/ti/ccs1220/ccs/tools/compiler/ti-cgt-arm_20.2.7.LTS/bin/armhex" "C:/ti/ccs1220/ccs/utils/tiobj2bin/mkhex4bin"
 

**** Build Finished ****

**** Build of configuration Debug for project timers ****

"C:\\ti\\ccs1220\\ccs\\utils\\bin\\gmake" -k -j 20 all -O 
 
gmake[1]: 'timers.out' is up to date.

**** Build Finished ****

**** Build of configuration Debug for project timers ****

"C:\\ti\\ccs1220\\ccs\\utils\\bin\\gmake" -k -j 20 all -O 
 
Building file: "../timers.c"
Invoking: ARM Compiler
"C:/ti/ccs1220/ccs/tools/compiler/ti-cgt-arm_20.2.7.LTS/bin/armcl" -mv7M4 --code_state=16 --float_support=FPv4SPD16 -me -O2 --include_path="C:/Users/n10467874/OneDrive - Queensland University of Technology/!EGH456/CCS-Workspace/timers" --include_path="C:/ti/TivaWare_C_Series-2.2.0.295/examples/boards/ek-tm4c1294xl-boostxl-kentec-s1" --include_path="C:/ti/TivaWare_C_Series-2.2.0.295" --include_path="C:/ti/ccs1220/ccs/tools/compiler/ti-cgt-arm_20.2.7.LTS/include" --define=ccs="ccs" --define=PART_TM4C1294NCPDT --define=TARGET_IS_TM4C129_RA2 -g --gcc --diag_warning=225 --diag_wrap=off --display_error_number --gen_func_subsections=on --abi=eabi --ual --preproc_with_compile --preproc_dependency="timers.d_raw"  "../timers.c"
Finished building: "../timers.c"
 
Building target: "timers.out"
Invoking: ARM Linker
"C:/ti/ccs1220/ccs/tools/compiler/ti-cgt-arm_20.2.7.LTS/bin/armcl" -mv7M4 --code_state=16 --float_support=FPv4SPD16 -me -O2 --define=ccs="ccs" --define=PART_TM4C1294NCPDT --define=TARGET_IS_TM4C129_RA2 -g --gcc --diag_warning=225 --diag_wrap=off --display_error_number --gen_func_subsections=on --abi=eabi --ual -z -m"timers_ccs.map" --heap_size=0 --stack_size=256 -i"C:/ti/ccs1220/ccs/tools/compiler/ti-cgt-arm_20.2.7.LTS/lib" -i"C:/ti/ccs1220/ccs/tools/compiler/ti-cgt-arm_20.2.7.LTS/include" --reread_libs --diag_wrap=off --display_error_number --warn_sections --xml_link_info="timers_linkInfo.xml" --rom_model -o "timers.out" "./startup_ccs.obj" "./timers.obj" "./drivers/Kentec320x240x16_ssd2119_spi.obj" "./drivers/touch.obj" "./utils/uartstdio.obj" "../timers_ccs.cmd"  -l"C:/ti/TivaWare_C_Series-2.2.0.295/driverlib/ccs/Debug/driverlib.lib" -l"C:/ti/TivaWare_C_Series-2.2.0.295/grlib/ccs/Debug/grlib.lib" -llibc.a 
<Linking>
Finished building target: "timers.out"
 
"C:/ti/ccs1220/ccs/utils/tiobj2bin/tiobj2bin" "timers.out" "timers.bin" "C:/ti/ccs1220/ccs/tools/compiler/ti-cgt-arm_20.2.7.LTS/bin/armofd" "C:/ti/ccs1220/ccs/tools/compiler/ti-cgt-arm_20.2.7.LTS/bin/armhex" "C:/ti/ccs1220/ccs/utils/tiobj2bin/mkhex4bin"
 

**** Build Finished ****

**** Build of configuration Debug for project timers ****

"C:\\ti\\ccs1220\\ccs\\utils\\bin\\gmake" -k -j 20 all -O 
 
Building file: "../timers.c"
Invoking: ARM Compiler
"C:/ti/ccs1220/ccs/tools/compiler/ti-cgt-arm_20.2.7.LTS/bin/armcl" -mv7M4 --code_state=16 --float_support=FPv4SPD16 -me -O2 --include_path="C:/Users/n10467874/OneDrive - Queensland University of Technology/!EGH456/CCS-Workspace/timers" --include_path="C:/ti/TivaWare_C_Series-2.2.0.295/examples/boards/ek-tm4c1294xl-boostxl-kentec-s1" --include_path="C:/ti/TivaWare_C_Series-2.2.0.295" --include_path="C:/ti/ccs1220/ccs/tools/compiler/ti-cgt-arm_20.2.7.LTS/include" --define=ccs="ccs" --define=PART_TM4C1294NCPDT --define=TARGET_IS_TM4C129_RA2 -g --gcc --diag_warning=225 --diag_wrap=off --display_error_number --gen_func_subsections=on --abi=eabi --ual --preproc_with_compile --preproc_dependency="timers.d_raw"  "../timers.c"
Finished building: "../timers.c"
 
Building target: "timers.out"
Invoking: ARM Linker
"C:/ti/ccs1220/ccs/tools/compiler/ti-cgt-arm_20.2.7.LTS/bin/armcl" -mv7M4 --code_state=16 --float_support=FPv4SPD16 -me -O2 --define=ccs="ccs" --define=PART_TM4C1294NCPDT --define=TARGET_IS_TM4C129_RA2 -g --gcc --diag_warning=225 --diag_wrap=off --display_error_number --gen_func_subsections=on --abi=eabi --ual -z -m"timers_ccs.map" --heap_size=0 --stack_size=256 -i"C:/ti/ccs1220/ccs/tools/compiler/ti-cgt-arm_20.2.7.LTS/lib" -i"C:/ti/ccs1220/ccs/tools/compiler/ti-cgt-arm_20.2.7.LTS/include" --reread_libs --diag_wrap=off --display_error_number --warn_sections --xml_link_info="timers_linkInfo.xml" --rom_model -o "timers.out" "./startup_ccs.obj" "./timers.obj" "./drivers/Kentec320x240x16_ssd2119_spi.obj" "./drivers/touch.obj" "./utils/uartstdio.obj" "../timers_ccs.cmd"  -l"C:/ti/TivaWare_C_Series-2.2.0.295/driverlib/ccs/Debug/driverlib.lib" -l"C:/ti/TivaWare_C_Series-2.2.0.295/grlib/ccs/Debug/grlib.lib" -llibc.a 
<Linking>
Finished building target: "timers.out"
 
"C:/ti/ccs1220/ccs/utils/tiobj2bin/tiobj2bin" "timers.out" "timers.bin" "C:/ti/ccs1220/ccs/tools/compiler/ti-cgt-arm_20.2.7.LTS/bin/armofd" "C:/ti/ccs1220/ccs/tools/compiler/ti-cgt-arm_20.2.7.LTS/bin/armhex" "C:/ti/ccs1220/ccs/utils/tiobj2bin/mkhex4bin"
 

**** Build Finished ****

**** Build of configuration Debug for project timers ****

"C:\\ti\\ccs1220\\ccs\\utils\\bin\\gmake" -k -j 20 all -O 
 
Building file: "../timers.c"
Invoking: ARM Compiler
"C:/ti/ccs1220/ccs/tools/compiler/ti-cgt-arm_20.2.7.LTS/bin/armcl" -mv7M4 --code_state=16 --float_support=FPv4SPD16 -me -O2 --include_path="C:/Users/n10467874/OneDrive - Queensland University of Technology/!EGH456/CCS-Workspace/timers" --include_path="C:/ti/TivaWare_C_Series-2.2.0.295/examples/boards/ek-tm4c1294xl-boostxl-kentec-s1" --include_path="C:/ti/TivaWare_C_Series-2.2.0.295" --include_path="C:/ti/ccs1220/ccs/tools/compiler/ti-cgt-arm_20.2.7.LTS/include" --define=ccs="ccs" --define=PART_TM4C1294NCPDT --define=TARGET_IS_TM4C129_RA2 -g --gcc --diag_warning=225 --diag_wrap=off --display_error_number --gen_func_subsections=on --abi=eabi --ual --preproc_with_compile --preproc_dependency="timers.d_raw"  "../timers.c"
Finished building: "../timers.c"
 
Building target: "timers.out"
Invoking: ARM Linker
"C:/ti/ccs1220/ccs/tools/compiler/ti-cgt-arm_20.2.7.LTS/bin/armcl" -mv7M4 --code_state=16 --float_support=FPv4SPD16 -me -O2 --define=ccs="ccs" --define=PART_TM4C1294NCPDT --define=TARGET_IS_TM4C129_RA2 -g --gcc --diag_warning=225 --diag_wrap=off --display_error_number --gen_func_subsections=on --abi=eabi --ual -z -m"timers_ccs.map" --heap_size=0 --stack_size=256 -i"C:/ti/ccs1220/ccs/tools/compiler/ti-cgt-arm_20.2.7.LTS/lib" -i"C:/ti/ccs1220/ccs/tools/compiler/ti-cgt-arm_20.2.7.LTS/include" --reread_libs --diag_wrap=off --display_error_number --warn_sections --xml_link_info="timers_linkInfo.xml" --rom_model -o "timers.out" "./startup_ccs.obj" "./timers.obj" "./drivers/Kentec320x240x16_ssd2119_spi.obj" "./drivers/touch.obj" "./utils/uartstdio.obj" "../timers_ccs.cmd"  -l"C:/ti/TivaWare_C_Series-2.2.0.295/driverlib/ccs/Debug/driverlib.lib" -l"C:/ti/TivaWare_C_Series-2.2.0.295/grlib/ccs/Debug/grlib.lib" -llibc.a 
<Linking>
Finished building target: "timers.out"
 
"C:/ti/ccs1220/ccs/utils/tiobj2bin/tiobj2bin" "timers.out" "timers.bin" "C:/ti/ccs1220/ccs/tools/compiler/ti-cgt-arm_20.2.7.LTS/bin/armofd" "C:/ti/ccs1220/ccs/tools/compiler/ti-cgt-arm_20.2.7.LTS/bin/armhex" "C:/ti/ccs1220/ccs/utils/tiobj2bin/mkhex4bin"
 

**** Build Finished ****

**** Build of configuration Debug for project timers ****

"C:\\ti\\ccs1220\\ccs\\utils\\bin\\gmake" -k -j 20 all -O 
 
Building file: "../timers.c"
Invoking: ARM Compiler
"C:/ti/ccs1220/ccs/tools/compiler/ti-cgt-arm_20.2.7.LTS/bin/armcl" -mv7M4 --code_state=16 --float_support=FPv4SPD16 -me -O2 --include_path="C:/Users/n10467874/OneDrive - Queensland University of Technology/!EGH456/CCS-Workspace/timers" --include_path="C:/ti/TivaWare_C_Series-2.2.0.295/examples/boards/ek-tm4c1294xl-boostxl-kentec-s1" --include_path="C:/ti/TivaWare_C_Series-2.2.0.295" --include_path="C:/ti/ccs1220/ccs/tools/compiler/ti-cgt-arm_20.2.7.LTS/include" --define=ccs="ccs" --define=PART_TM4C1294NCPDT --define=TARGET_IS_TM4C129_RA2 -g --gcc --diag_warning=225 --diag_wrap=off --display_error_number --gen_func_subsections=on --abi=eabi --ual --preproc_with_compile --preproc_dependency="timers.d_raw"  "../timers.c"
Finished building: "../timers.c"
 
Building target: "timers.out"
Invoking: ARM Linker
"C:/ti/ccs1220/ccs/tools/compiler/ti-cgt-arm_20.2.7.LTS/bin/armcl" -mv7M4 --code_state=16 --float_support=FPv4SPD16 -me -O2 --define=ccs="ccs" --define=PART_TM4C1294NCPDT --define=TARGET_IS_TM4C129_RA2 -g --gcc --diag_warning=225 --diag_wrap=off --display_error_number --gen_func_subsections=on --abi=eabi --ual -z -m"timers_ccs.map" --heap_size=0 --stack_size=256 -i"C:/ti/ccs1220/ccs/tools/compiler/ti-cgt-arm_20.2.7.LTS/lib" -i"C:/ti/ccs1220/ccs/tools/compiler/ti-cgt-arm_20.2.7.LTS/include" --reread_libs --diag_wrap=off --display_error_number --warn_sections --xml_link_info="timers_linkInfo.xml" --rom_model -o "timers.out" "./startup_ccs.obj" "./timers.obj" "./drivers/Kentec320x240x16_ssd2119_spi.obj" "./drivers/touch.obj" "./utils/uartstdio.obj" "../timers_ccs.cmd"  -l"C:/ti/TivaWare_C_Series-2.2.0.295/driverlib/ccs/Debug/driverlib.lib" -l"C:/ti/TivaWare_C_Series-2.2.0.295/grlib/ccs/Debug/grlib.lib" -llibc.a 
<Linking>
Finished building target: "timers.out"
 
"C:/ti/ccs1220/ccs/utils/tiobj2bin/tiobj2bin" "timers.out" "timers.bin" "C:/ti/ccs1220/ccs/tools/compiler/ti-cgt-arm_20.2.7.LTS/bin/armofd" "C:/ti/ccs1220/ccs/tools/compiler/ti-cgt-arm_20.2.7.LTS/bin/armhex" "C:/ti/ccs1220/ccs/utils/tiobj2bin/mkhex4bin"
 

**** Build Finished ****
